2017-11-13 09:08:56|   0.1|  0.1|INFORM|FME 2017.1.1.1 (20171014 - Build 17652 - WIN32)
2017-11-13 09:08:56|   0.1|  0.0|WARN  |Failed to free sufficient memory to reach the process usage limit. FME is at risk of being terminated by the OS. Please read the FME Help section 'Adjusting Memory Resources' for workarounds
2017-11-13 09:08:56|   0.1|  0.0|INFORM|FME_HOME is 'C:\apps\FME(32bit)\'
2017-11-13 09:08:56|   0.1|  0.0|INFORM|FME Smallworld Edition (node locked-crc)
2017-11-13 09:08:56|   0.1|  0.0|INFORM|Serial Number: 12345
2017-11-13 09:08:56|   0.1|  0.0|INFORM|Permanent License.
2017-11-13 09:08:56|   0.1|  0.0|INFORM|Machine host name is: kc-ls-windows1
2017-11-13 09:08:56|   0.1|  0.0|INFORM|START - ProcessID: 9624, peak process memory usage: 29760 kB, current process memory usage: 29672 kB
2017-11-13 09:08:56|   0.1|  0.0|INFORM|FME Configuration: Command line arguments are `C:\apps\FME(32bit)\fme.exe' `C:/Users/lsanderson/Documents/SafeProjects/Webinars/BusinessIntelligence/Webinar\wb-xlate-151059293523_3212' `LOG_STANDARDOUT' `YES' `LogCountServerName' `{35a6ad02-fcda-421f-9c28-558d31dbc91f}' `DEBUG_PORT' `51153'
2017-11-13 09:08:56|   0.1|  0.0|INFORM|Shared folders for formats are : C:\apps\FME(32bit)\datasources;C:\Users\lsanderson\Documents\FME\Plugins\R\Formats;C:\Users\lsanderson\AppData\Roaming\Safe Software\FME\FME Store\Formats;C:\Users\lsanderson\Documents\FME\Formats
2017-11-13 09:08:56|   0.1|  0.0|INFORM|Shared folders for transformers are : C:\apps\FME(32bit)\transformers;C:\Users\lsanderson\Documents\FME\Plugins\R\Transformers;C:\Users\lsanderson\Documents\FME\Transformers;C:\Users\lsanderson\AppData\Roaming\Safe Software\FME\FME Store\Transformers
2017-11-13 09:08:56|   0.1|  0.0|INFORM|Shared folders for coordinate systems are : C:\Users\lsanderson\Documents\FME\Plugins\R\CoordinateSystems;C:\Users\lsanderson\Documents\FME\CoordinateSystems
2017-11-13 09:08:56|   0.1|  0.0|INFORM|Shared folders for coordinate system exceptions are : C:\Users\lsanderson\Documents\FME\Plugins\R\CoordinateSystemExceptions;C:\Users\lsanderson\Documents\FME\CoordinateSystemExceptions
2017-11-13 09:08:56|   0.1|  0.0|INFORM|Shared folders for coordinate system grid overrides are : C:\Users\lsanderson\Documents\FME\Plugins\R\CoordinateSystemGridOverrides;C:\Users\lsanderson\Documents\FME\CoordinateSystemGridOverrides
2017-11-13 09:08:56|   0.1|  0.0|INFORM|Shared folders for CS-MAP transformation exceptions are : C:\Users\lsanderson\Documents\FME\Plugins\R\CsmapTransformationExceptions;C:\Users\lsanderson\Documents\FME\CsmapTransformationExceptions
2017-11-13 09:08:56|   0.1|  0.0|INFORM|Shared folders for transformer categories are : C:\Users\lsanderson\Documents\FME\Plugins\R\TransformerCategories;C:\Users\lsanderson\Documents\FME\TransformerCategories
2017-11-13 09:08:56|   0.1|  0.0|INFORM|FME Configuration: Reader Keyword is `MULTI_READER'
2017-11-13 09:08:56|   0.1|  0.0|INFORM|FME Configuration: Writer Keyword is `MULTI_WRITER'
2017-11-13 09:08:56|   0.1|  0.0|INFORM|FME Configuration: Writer Group Definition Keyword is `MULTI_WRITER_DEF'
2017-11-13 09:08:56|   0.1|  0.0|INFORM|FME Configuration: Reader type is `MULTI_READER'
2017-11-13 09:08:56|   0.1|  0.0|INFORM|FME Configuration: Writer type is `MULTI_WRITER'
2017-11-13 09:08:56|   0.1|  0.0|INFORM|FME Configuration: No destination coordinate system set
2017-11-13 09:08:56|   0.1|  0.0|INFORM|FME Configuration: Current working folder is `C:\Users\lsanderson\Documents\SafeProjects\Webinars\BusinessIntelligence\Webinar'
2017-11-13 09:08:56|   0.1|  0.0|INFORM|FME Configuration: Temporary folder is `C:\Users\LSANDE~1\AppData\Local\Temp\2', set from environment variable `TEMP'
2017-11-13 09:08:56|   0.1|  0.0|INFORM|FME Configuration: FME_HOME is `C:\apps\FME(32bit)\'
2017-11-13 09:08:56|   0.1|  0.0|INFORM|FME Configuration: FME_BASE is 'no'
2017-11-13 09:08:56|   0.1|  0.0|INFORM|FME Configuration: FME_MF_DIR is 'C:\Users\lsanderson\Documents\SafeProjects\Webinars\BusinessIntelligence\Webinar/'
2017-11-13 09:08:56|   0.1|  0.0|INFORM|FME Configuration: FME_MF_NAME is '2-MovieBudget.fmw'
2017-11-13 09:08:56|   0.1|  0.0|INFORM|FME Configuration: FME_PRODUCT_NAME is 'FME(R) 2017.1.1.1'
2017-11-13 09:08:56|   0.1|  0.0|INFORM|System Status: 101.03 GB of disk space available in the FME temporary folder (C:\Users\LSANDE~1\AppData\Local\Temp\2)
2017-11-13 09:08:56|   0.1|  0.0|INFORM|System Status: 4.00 GB of virtual memory available
2017-11-13 09:08:56|   0.1|  0.0|INFORM|Operating System: Microsoft Windows Server 10 Server 4.0 64-bit  (Build 14393)
2017-11-13 09:08:56|   0.1|  0.0|INFORM|FME Platform: WIN32
2017-11-13 09:08:56|   0.1|  0.0|INFORM|Locale: en_US
2017-11-13 09:08:56|   0.1|  0.0|INFORM|Code Page: 1252  (ANSI - Latin I)
2017-11-13 09:08:56|   0.1|  0.0|INFORM|FME Configuration: Process limits are 4.00 GB of physical memory and 4.00 GB of address space
2017-11-13 09:08:56|   0.1|  0.0|INFORM|FME Configuration: Start freeing memory when process usage exceeds 28.87 MB of memory or 3.41 GB of address space
2017-11-13 09:08:56|   0.1|  0.0|INFORM|FME Configuration: Stop freeing memory when process usage is below 27.71 MB of memory and 2.56 GB of address space
2017-11-13 09:08:57|   0.2|  0.0|INFORM|Creating writer for format: 
2017-11-13 09:08:57|   0.2|  0.0|INFORM|Creating reader for format: 
2017-11-13 09:08:57|   0.2|  0.0|INFORM|MULTI_READER(MULTI_READER): Will fail with first member reader failure
2017-11-13 09:08:57|   0.2|  0.0|INFORM|MULTI_READER(MULTI_READER): Adding NULL Reader with keyword CSV2_1
2017-11-13 09:08:57|   0.2|  0.0|INFORM|MULTI_READER(MULTI_READER): Adding CSV2 Reader with keyword CSV2_2
2017-11-13 09:08:57|   0.2|  0.0|INFORM|Using Multi Reader with keyword `MULTI_READER' to read multiple datasets
2017-11-13 09:08:57|   0.2|  0.0|INFORM|Creating reader for format: NULL (Nothing)
2017-11-13 09:08:57|   0.2|  0.0|INFORM|Trying to find a DYNAMIC plugin for reader named `NULL'
2017-11-13 09:08:57|   0.2|  0.0|INFORM|Loaded module 'NULL' from file 'C:\apps\FME(32bit)\plugins/NULL.dll'
2017-11-13 09:08:57|   0.2|  0.0|INFORM|FME API version of module 'NULL' matches current internal version (3.8 20170315)
2017-11-13 09:08:57|   0.2|  0.0|INFORM|Using MultiWriter with keyword `MULTI_WRITER' to output data (ID_ATTRIBUTE is `multi_writer_id')
2017-11-13 09:08:57|   0.2|  0.0|INFORM|Writer output will be ordered by value of multi_writer_id
2017-11-13 09:08:57|   0.2|  0.0|INFORM|Loaded module 'LogCount_func' from file 'C:\apps\FME(32bit)\plugins/LogCount_func.dll'
2017-11-13 09:08:57|   0.2|  0.0|INFORM|FME API version of module 'LogCount_func' matches current internal version (3.8 20170315)
2017-11-13 09:08:58|   0.2|  0.0|INFORM|Loaded module 'BreakpointFactory' from file 'C:\apps\FME(32bit)\plugins/BreakpointFactory.dll'
2017-11-13 09:08:58|   0.2|  0.0|INFORM|FME API version of module 'BreakpointFactory' matches current internal version (3.8 20170315)
2017-11-13 09:08:58|   0.2|  0.0|INFORM|Feature Inspection module initialized. Workbench@51153 and FME@51490
2017-11-13 09:08:58|   0.2|  0.0|INFORM|FME API version of module 'BreakpointFactory' matches current internal version (3.8 20170315)
2017-11-13 09:08:58|   0.2|  0.0|INFORM|... Last line repeated 2 times ...
2017-11-13 09:08:58|   0.2|  0.0|INFORM|Loaded module 'JoinFactory' from file 'C:\apps\FME(32bit)\plugins/JoinFactory.dll'
2017-11-13 09:08:58|   0.2|  0.0|INFORM|FME API version of module 'JoinFactory' matches current internal version (3.8 20170315)
2017-11-13 09:08:58|   0.2|  0.0|INFORM|FME API version of module 'BreakpointFactory' matches current internal version (3.8 20170315)
2017-11-13 09:08:58|   0.2|  0.0|INFORM|Loaded module 'DuplicateRemoverFactory' from file 'C:\apps\FME(32bit)\plugins/DuplicateRemoverFactory.dll'
2017-11-13 09:08:58|   0.2|  0.0|INFORM|FME API version of module 'DuplicateRemoverFactory' matches current internal version (3.8 20170315)
2017-11-13 09:08:58|   0.2|  0.0|INFORM|FME API version of module 'BreakpointFactory' matches current internal version (3.8 20170315)
2017-11-13 09:08:58|   0.3|  0.1|INFORM|... Last line repeated 6 times ...
2017-11-13 09:08:58|   0.3|  0.0|INFORM|Creating reader for format: CSV (Comma Separated Value)
2017-11-13 09:08:58|   0.4|  0.0|INFORM|Trying to find a DYNAMIC plugin for reader named `CSV2'
2017-11-13 09:08:58|   0.4|  0.0|INFORM|Loaded module 'CSV2' from file 'C:\apps\FME(32bit)\plugins/CSV2.dll'
2017-11-13 09:08:58|   0.4|  0.0|INFORM|FME API version of module 'CSV2' matches current internal version (3.8 20170315)
2017-11-13 09:08:58|   0.4|  0.0|INFORM|CSV reader: Opening dataset 'C:\Users\lsanderson\Documents\SafeProjects\Webinars\BusinessIntelligence\Webinar\Data\MovieBudget.csv'
2017-11-13 09:08:58|   0.4|  0.0|INFORM|CSV reader: Directive '_DELIMITER' has the value ','
2017-11-13 09:08:58|   0.4|  0.0|INFORM|CSV reader: Directive '_FIELD_NAMES_LINE' has the value '1'
2017-11-13 09:08:58|   0.4|  0.0|INFORM|CSV reader: Directive '_DATA_START_LINE' has the value '2'
2017-11-13 09:08:58|   0.4|  0.0|INFORM|CSV reader: Directive '_SCAN_MAX_ROWS' has the value '1000'
2017-11-13 09:08:58|   0.4|  0.0|INFORM|CSV reader: Directive '_READ_SKIPPED_LINES' has the value 'No'
2017-11-13 09:08:58|   0.4|  0.0|INFORM|CSV reader: Directive '_SKIP_DUPLICATE_DELIMITERS' has the value 'No'
2017-11-13 09:08:58|   0.4|  0.0|INFORM|CSV reader: Directive '_FIELD_QUALIFIER_CHARACTER' has the value '"'
2017-11-13 09:08:58|   0.4|  0.0|INFORM|CSV reader: Directive '_FIELD_QUALIFIER_ESCAPE_CHARACTER' has the value '"'
2017-11-13 09:08:58|   0.4|  0.0|INFORM|CSV reader: Directive '_TRIM_FIELD_NAME_QUALIFIERS' has the value 'Yes'
2017-11-13 09:08:58|   0.4|  0.0|INFORM|CSV reader: Directive '_TRIM_FIELD_VALUE_QUALIFIERS' has the value 'Yes'
2017-11-13 09:08:58|   0.4|  0.0|INFORM|CSV reader: Directive '_PRESERVE_SOURCE_ENCODING' has the value 'No'
2017-11-13 09:08:58|   0.4|  0.0|INFORM|CSV reader: Directive '_CASE_SENSITIVE_FIELD_NAMES' has the value 'Yes'
2017-11-13 09:08:58|   0.4|  0.0|INFORM|CSV reader: Directive '_ENFORCE_STRICT_SCHEMA' has the value 'No'
2017-11-13 09:08:58|   0.4|  0.0|INFORM|CSV reader: Directive '_SCAN_TYPES' has the value 'No'
2017-11-13 09:08:58|   0.4|  0.0|INFORM|CSV reader: Directive '_SCAN_ADDITIONAL_FIELDS' has the value 'No'
2017-11-13 09:08:58|   0.4|  0.0|INFORM|CSV_CSV2_2 Break Point -1 53(BreakpointFactory): Splitting feature table
2017-11-13 09:08:58|   0.5|  0.1|INFORM|Creating writer for format: FME Feature Store (FFS)
2017-11-13 09:08:58|   0.5|  0.0|INFORM|FME Configuration: No destination coordinate system set
2017-11-13 09:08:58|   0.5|  0.1|INFORM|Creating reader for format: Microsoft Excel
2017-11-13 09:08:58|   0.6|  0.0|INFORM|Trying to find a DYNAMIC plugin for reader named `XLSXR'
2017-11-13 09:08:58|   0.6|  0.0|INFORM|Loaded module 'XLSXR' from file 'C:\apps\FME(32bit)\plugins/xlsx.dll'
2017-11-13 09:08:58|   0.6|  0.0|INFORM|FME API version of module 'XLSXR' matches current internal version (3.8 20170315)
2017-11-13 09:08:58|   0.6|  0.0|INFORM|Creating reader for format: Microsoft Excel
2017-11-13 09:08:58|   0.6|  0.0|INFORM|Trying to find a DYNAMIC plugin for reader named `XLSXR'
2017-11-13 09:08:58|   0.6|  0.0|INFORM|FME API version of module 'XLSXR' matches current internal version (3.8 20170315)
2017-11-13 09:08:58|   0.6|  0.0|INFORM|Excel Reader: Output cell formulas: 'false'
2017-11-13 09:08:58|   0.6|  0.0|INFORM|Excel Reader: Output cell comments: 'false'
2017-11-13 09:08:58|   0.6|  0.0|INFORM|Excel Reader: Force full datetime values: 'false'
2017-11-13 09:08:58|   0.6|  0.0|INFORM|Excel Reader: Opening dataset 'C:\Users\lsanderson\Documents\SafeProjects\Webinars\BusinessIntelligence\Webinar\Data\Interactive_Map_Data.xlsx'...
2017-11-13 09:08:58|   0.7|  0.1|INFORM|Excel Reader: Dataset 'C:\Users\lsanderson\Documents\SafeProjects\Webinars\BusinessIntelligence\Webinar\Data\Interactive_Map_Data.xlsx' will use the settings from the Reader Settings GUI, as it is the file looked at by the user
2017-11-13 09:08:58|   0.7|  0.0|INFORM|Excel Reader: Reading sheet 'Full Map List'...
2017-11-13 09:08:58|   0.7|  0.0|INFORM|Excel Reader: Sheet 'Full Map List' range: Start Row '4', Start Column 'A', End Row '236', End Column 'V'
2017-11-13 09:08:58|   0.7|  0.0|INFORM|Excel Reader: Closing dataset 'C:\Users\lsanderson\Documents\SafeProjects\Webinars\BusinessIntelligence\Webinar\Data\Interactive_Map_Data.xlsx'...
2017-11-13 09:08:58|   0.7|  0.0|INFORM|Read 233 records from table DatabaseJoiner:Full Map List
2017-11-13 09:08:58|   0.7|  0.0|INFORM|Created index of 233 records from table DatabaseJoiner:Full Map List on fields: `Film' `Year' 
2017-11-13 09:09:00|   2.0|  1.3|WARN  |ExpressionEvaluator: Failed to evaluate expression '@real64(<null>-1911542 )'.  Result is set to null.
2017-11-13 09:09:00|   2.0|  0.0|STATS |Storing feature(s) to FME feature store file `C:\Users\lsanderson\Documents\SafeProjects\Webinars\BusinessIntelligence\Webinar\2-MovieBudget_log.ffs'
2017-11-13 09:09:00|   2.0|  0.0|WARN  |+++++++++++++++++++++++++++++++++++++++++++++++++++++++++++++++++++++++++++
2017-11-13 09:09:00|   2.0|  0.0|WARN  |Feature Type: `ExpressionEvaluator_OUTPUT'
2017-11-13 09:09:00|   2.0|  0.0|WARN  |Attribute(string)                 : `Borough' has value `Manhattan'
2017-11-13 09:09:00|   2.0|  0.0|WARN  |Attribute(string)                 : `Director/Filmmaker Name' has value `Phil Joanou'
2017-11-13 09:09:00|   2.0|  0.0|WARN  |Attribute(encoded: utf-8)         : `Domestic Gross' has value `1911542 '
2017-11-13 09:09:00|   2.0|  0.0|WARN  |Attribute(64 bit real)            : `International Gross' is <null>
2017-11-13 09:09:00|   2.0|  0.0|WARN  |Attribute(string)                 : `LATITUDE' has value `40.7603744638357'
2017-11-13 09:09:00|   2.0|  0.0|WARN  |Attribute(string)                 : `LONGITUDE' has value `-73.9912569522857'
2017-11-13 09:09:00|   2.0|  0.0|WARN  |Attribute(string)                 : `Location Display Text' has value `Hell's Kitchen<br>Manhattan'
2017-11-13 09:09:00|   2.0|  0.0|WARN  |Attribute(string)                 : `Movie' has value `State of Grace'
2017-11-13 09:09:00|   2.0|  0.0|WARN  |Attribute(string)                 : `Neighborhood' has value `Upper West Side'
2017-11-13 09:09:00|   2.0|  0.0|WARN  |Attribute(string)                 : `Production Budget' has value `'
2017-11-13 09:09:00|   2.0|  0.0|WARN  |Attribute(encoded: utf-8)         : `Release Date' has value `1990/09/14'
2017-11-13 09:09:00|   2.0|  0.0|WARN  |Attribute(string)                 : `Worldwide Gross' has value `'
2017-11-13 09:09:00|   2.0|  0.0|WARN  |Attribute(encoded: utf-8)         : `Year' has value `1990'
2017-11-13 09:09:00|   2.0|  0.0|WARN  |Attribute(64 bit unsigned integer): `csv_line_number' has value `1126'
2017-11-13 09:09:00|   2.0|  0.0|WARN  |Attribute(32 bit unsigned integer): `csv_number_of_fields' has value `3'
2017-11-13 09:09:00|   2.0|  0.0|WARN  |Attribute(32 bit unsigned integer): `csv_total_number_of_columns' has value `6'
2017-11-13 09:09:00|   2.0|  0.0|WARN  |Attribute(string)                 : `fme_expression_warnings{0}.attributeName' has value `International Gross'
2017-11-13 09:09:00|   2.0|  0.0|WARN  |Attribute(string)                 : `fme_expression_warnings{0}.message' has value `@real64(<null>-1911542 ): '%1': Null, missing, or empty string operand was found in expression.  Result is set to null.'
2017-11-13 09:09:00|   2.0|  0.0|WARN  |Attribute(string)                 : `fme_expression_warnings{0}.transformerName' has value `ExpressionEvaluator'
2017-11-13 09:09:00|   2.0|  0.0|WARN  |Attribute(string)                 : `fme_feature_type' has value `CSV'
2017-11-13 09:09:00|   2.0|  0.0|WARN  |Attribute(string)                 : `fme_geometry' has value `fme_undefined'
2017-11-13 09:09:00|   2.0|  0.0|WARN  |Attribute(entangled: string)      : `fme_type' has value `fme_no_geom'
2017-11-13 09:09:00|   2.0|  0.0|WARN  |          entangled to [csv_type]
2017-11-13 09:09:00|   2.0|  0.0|WARN  |Attribute(32 bit integer)         : `multi_reader_full_id' has value `1'
2017-11-13 09:09:00|   2.0|  0.0|WARN  |Attribute(32 bit integer)         : `multi_reader_id' has value `1'
2017-11-13 09:09:00|   2.0|  0.0|WARN  |Attribute(string)                 : `multi_reader_keyword' has value `CSV2_2'
2017-11-13 09:09:00|   2.0|  0.0|WARN  |Attribute(string)                 : `multi_reader_type' has value `CSV2'
2017-11-13 09:09:00|   2.0|  0.0|WARN  |Coordinate System: `'
2017-11-13 09:09:00|   2.0|  0.0|WARN  |Geometry Type: IFMENull
2017-11-13 09:09:00|   2.0|  0.0|WARN  |===========================================================================
2017-11-13 09:09:00|   2.0|  0.0|WARN  |ExpressionEvaluator: Failed to evaluate expression '@real64(<null>-25215547 )'.  Result is set to null.
2017-11-13 09:09:00|   2.0|  0.0|WARN  |+++++++++++++++++++++++++++++++++++++++++++++++++++++++++++++++++++++++++++
2017-11-13 09:09:00|   2.0|  0.0|WARN  |Feature Type: `ExpressionEvaluator_OUTPUT'
2017-11-13 09:09:00|   2.0|  0.0|WARN  |Attribute(string)                 : `Borough' has value `Brooklyn'
2017-11-13 09:09:00|   2.0|  0.0|WARN  |Attribute(string)                 : `Director/Filmmaker Name' has value `Alan J. Pakula'
2017-11-13 09:09:00|   2.0|  0.0|WARN  |Attribute(encoded: utf-8)         : `Domestic Gross' has value `25215547 '
2017-11-13 09:09:00|   2.0|  0.0|WARN  |Attribute(64 bit real)            : `International Gross' is <null>
2017-11-13 09:09:00|   2.0|  0.0|WARN  |Attribute(string)                 : `LATITUDE' has value `40.647334'
2017-11-13 09:09:00|   2.0|  0.0|WARN  |Attribute(string)                 : `LONGITUDE' has value `-73.966373'
2017-11-13 09:09:00|   2.0|  0.0|WARN  |Attribute(string)                 : `Location Display Text' has value `101 Rugby Rd.<br>Brooklyn'
2017-11-13 09:09:00|   2.0|  0.0|WARN  |Attribute(string)                 : `Movie' has value `Sophie's Choice'
2017-11-13 09:09:00|   2.0|  0.0|WARN  |Attribute(string)                 : `Neighborhood' has value `Brooklyn'
2017-11-13 09:09:00|   2.0|  0.0|WARN  |Attribute(string)                 : `Production Budget' has value `'
2017-11-13 09:09:00|   2.0|  0.0|WARN  |Attribute(encoded: utf-8)         : `Release Date' has value `1982/12/10'
2017-11-13 09:09:00|   2.0|  0.0|WARN  |Attribute(string)                 : `Worldwide Gross' has value `'
2017-11-13 09:09:00|   2.0|  0.0|WARN  |Attribute(encoded: utf-8)         : `Year' has value `1982'
2017-11-13 09:09:00|   2.0|  0.0|WARN  |Attribute(64 bit unsigned integer): `csv_line_number' has value `1128'
2017-11-13 09:09:00|   2.0|  0.0|WARN  |Attribute(32 bit unsigned integer): `csv_number_of_fields' has value `3'
2017-11-13 09:09:00|   2.0|  0.0|WARN  |Attribute(32 bit unsigned integer): `csv_total_number_of_columns' has value `6'
2017-11-13 09:09:00|   2.0|  0.0|WARN  |Attribute(string)                 : `fme_expression_warnings{0}.attributeName' has value `International Gross'
2017-11-13 09:09:00|   2.0|  0.0|WARN  |Attribute(string)                 : `fme_expression_warnings{0}.message' has value `@real64(<null>-25215547 ): '%1': Null, missing, or empty string operand was found in expression.  Result is set to null.'
2017-11-13 09:09:00|   2.0|  0.0|WARN  |Attribute(string)                 : `fme_expression_warnings{0}.transformerName' has value `ExpressionEvaluator'
2017-11-13 09:09:00|   2.0|  0.0|WARN  |Attribute(string)                 : `fme_feature_type' has value `CSV'
2017-11-13 09:09:00|   2.0|  0.0|WARN  |Attribute(string)                 : `fme_geometry' has value `fme_undefined'
2017-11-13 09:09:00|   2.0|  0.0|WARN  |Attribute(entangled: string)      : `fme_type' has value `fme_no_geom'
2017-11-13 09:09:00|   2.0|  0.0|WARN  |          entangled to [csv_type]
2017-11-13 09:09:00|   2.0|  0.0|WARN  |Attribute(32 bit integer)         : `multi_reader_full_id' has value `1'
2017-11-13 09:09:00|   2.0|  0.0|WARN  |Attribute(32 bit integer)         : `multi_reader_id' has value `1'
2017-11-13 09:09:00|   2.0|  0.0|WARN  |Attribute(string)                 : `multi_reader_keyword' has value `CSV2_2'
2017-11-13 09:09:00|   2.0|  0.0|WARN  |Attribute(string)                 : `multi_reader_type' has value `CSV2'
2017-11-13 09:09:00|   2.0|  0.0|WARN  |Coordinate System: `'
2017-11-13 09:09:00|   2.0|  0.0|WARN  |Geometry Type: IFMENull
2017-11-13 09:09:00|   2.0|  0.0|WARN  |===========================================================================
2017-11-13 09:09:00|   2.0|  0.0|INFORM|MULTI_READER(MULTI_READER): Done reading 1129 features from 2 readers
2017-11-13 09:09:00|   2.0|  0.0|INFORM|Emptying factory pipeline
2017-11-13 09:09:00|   2.0|  0.0|STATS |Router and Unexpected Input Remover(RoutingFactory): Tested 1129 input feature(s), wrote 1129 output feature(s): 1129 matched merge filters, 1129 were routed to output, 0 could not be routed.
2017-11-13 09:09:00|   2.0|  0.0|STATS |Unexpected Input Remover Nuker(TeeFactory): Cloned 0 input feature(s) into 0 output feature(s)
2017-11-13 09:09:00|   2.0|  0.0|STATS |CSV (CSV2_1) Splitter(TeeFactory): Cloned 0 input feature(s) into 0 output feature(s)
2017-11-13 09:09:00|   2.0|  0.0|STATS |CSV (CSV2_2) Splitter(TeeFactory): Cloned 1129 input feature(s) into 1129 output feature(s)
2017-11-13 09:09:00|   2.0|  0.0|STATS |DateTimeConverter_1(TeeFactory): Cloned 1129 input feature(s) into 1129 output feature(s)
2017-11-13 09:09:00|   2.0|  0.0|STATS |DateTimeConverter_2(TestFactory): Tested 1129 input feature(s) -- 0 feature(s) passed and 1129 feature(s) failed
2017-11-13 09:09:00|   2.0|  0.0|STATS |DateTimeConverter_<REJECTED> Feature Counter -1 2147680264(TeeFactory): Cloned 0 input feature(s) into 0 output feature(s)
2017-11-13 09:09:00|   2.0|  0.0|STATS |SubstringExtractor(TeeFactory): Cloned 1129 input feature(s) into 1129 output feature(s)
2017-11-13 09:09:00|   2.0|  0.0|STATS |DatabaseJoiner_UNJOINED Feature Counter -1 2147680262(TeeFactory): Cloned 1101 input feature(s) into 0 output feature(s)
2017-11-13 09:09:00|   2.0|  0.0|STATS |DatabaseJoiner_<REJECTED> Feature Counter -1 2147745798(TeeFactory): Cloned 0 input feature(s) into 0 output feature(s)
2017-11-13 09:09:00|   2.0|  0.0|STATS |DuplicateFilter_DUPLICATE Feature Counter -1 2147680304(TeeFactory): Cloned 15 input feature(s) into 0 output feature(s)
2017-11-13 09:09:00|   2.0|  0.0|STATS |Tester(TestFactory): Tested 28 input feature(s) -- 28 feature(s) passed and 0 feature(s) failed
2017-11-13 09:09:00|   2.0|  0.0|STATS |Tester_FAILED Feature Counter -1 2147680273(TeeFactory): Cloned 0 input feature(s) into 0 output feature(s)
2017-11-13 09:09:00|   2.0|  0.0|STATS |StringReplacer(TeeFactory): Cloned 28 input feature(s) into 28 output feature(s)
2017-11-13 09:09:00|   2.0|  0.0|STATS |StringReplacer_2(TeeFactory): Cloned 28 input feature(s) into 28 output feature(s)
2017-11-13 09:09:00|   2.0|  0.0|STATS |ExpressionEvaluator(TeeFactory): Cloned 28 input feature(s) into 28 output feature(s)
2017-11-13 09:09:00|   2.0|  0.0|INFORM|Sorter(SortFactory): Starting sorting 28 feature(s)
2017-11-13 09:09:00|   2.0|  0.0|INFORM|Sorter(SortFactory): Done sorting 28 feature(s)
2017-11-13 09:09:00|   2.0|  0.0|INFORM|Creating writer for format: Microsoft Excel
2017-11-13 09:09:00|   2.0|  0.0|INFORM|Trying to find a DYNAMIC plugin for writer named `XLSXW'
2017-11-13 09:09:00|   2.0|  0.0|INFORM|FME API version of module 'XLSXW' matches current internal version (3.8 20170315)
2017-11-13 09:09:00|   2.0|  0.0|INFORM|FME Configuration: No destination coordinate system set
2017-11-13 09:09:00|   2.0|  0.0|INFORM|FME API version of module 'XLSXW' matches current internal version (3.8 20170315)
2017-11-13 09:09:00|   2.0|  0.0|INFORM|Writer `XLSXW_1' of type `XLSXW' using group definition keyword `XLSXW_1_DEF'
2017-11-13 09:09:00|   2.0|  0.0|INFORM|FME API version of module 'XLSXW' matches current internal version (3.8 20170315)
2017-11-13 09:09:00|   2.0|  0.0|INFORM|Excel Writer: Use Attribute Names As Column Positions is set to 'no' for sheet 'MovieTotalGross' in dataset 'C:\Users\lsanderson\Documents\SafeProjects\Webinars\BusinessIntelligence\Webinar\Output\Budgets.xlsx' 
2017-11-13 09:09:00|   2.0|  0.0|INFORM|Excel Writer: Opening dataset 'C:\Users\lsanderson\Documents\SafeProjects\Webinars\BusinessIntelligence\Webinar\Output\Budgets.xlsx'...
2017-11-13 09:09:00|   2.0|  0.0|INFORM|Excel Writer: Sheet 'MovieTotalGross' has writer mode 'INSERT'
2017-11-13 09:09:00|   2.0|  0.0|INFORM|Excel Writer: Sheet 'MovieTotalGross' has Output field names set to 'yes'
2017-11-13 09:09:00|   2.0|  0.0|INFORM|Excel Writer: Sheet 'MovieTotalGross' will start writing to row '1' and column 'A' relative to its start location. Sheets have a starting location of row 1, column 1, named range starting locations can be specified
2017-11-13 09:09:00|   2.0|  0.0|INFORM|Excel Writer: Outputting field names for sheet 'MovieTotalGross'
2017-11-13 09:09:00|   2.0|  0.0|STATS |Sorter(SortFactory): Sorted 28 feature(s)
2017-11-13 09:09:00|   2.0|  0.0|STATS |Destination Feature Type Routing Correlator(RoutingFactory): Tested 28 input feature(s), wrote 28 output feature(s): 0 matched merge filters, 28 were routed to output, 0 could not be routed.
2017-11-13 09:09:00|   2.0|  0.0|STATS |Final Output Nuker(TeeFactory): Cloned 0 input feature(s) into 0 output feature(s)
2017-11-13 09:09:00|   2.1|  0.0|STATS |Stored 4742 feature(s) to FME feature store file `C:\Users\LSANDE~1\AppData\Local\Temp\2\no-conn-ffs-151059293526_3212.ffs'
2017-11-13 09:09:00|   2.1|  0.0|INFORM|Saving spatial index into file 'C:\Users\LSANDE~1\AppData\Local\Temp\2\no-conn-ffs-151059293526_3212.fsi'
2017-11-13 09:09:00|   2.1|  0.0|INFORM|Finished saving spatial index into file 'C:\Users\LSANDE~1\AppData\Local\Temp\2\no-conn-ffs-151059293526_3212.fsi'
2017-11-13 09:09:00|   2.1|  0.0|INFORM|=-=-=-=-=-=-=-=-=-=-=-=-=-=-=-=-=-=-=-=-=-=-=-=-=-=-=-=-=-=-=-=-=-=-=-=-=-=-=-
2017-11-13 09:09:00|   2.1|  0.0|INFORM|Feature output statistics for `FFS' writer using keyword `W_1':
2017-11-13 09:09:00|   2.1|  0.0|STATS |=-=-=-=-=-=-=-=-=-=-=-=-=-=-=-=-=-=-=-=-=-=-=-=-=-=-=-=-=-=-=-=-=-=-=-=-=-=-=-
2017-11-13 09:09:00|   2.1|  0.0|STATS |                               Features Written
2017-11-13 09:09:00|   2.1|  0.0|STATS |=-=-=-=-=-=-=-=-=-=-=-=-=-=-=-=-=-=-=-=-=-=-=-=-=-=-=-=-=-=-=-=-=-=-=-=-=-=-=-
2017-11-13 09:09:00|   2.1|  0.0|STATS |AttributeManager_OUTPUT                                                     28
2017-11-13 09:09:00|   2.1|  0.0|STATS |CSV_CSV2_2                                                                1129
2017-11-13 09:09:00|   2.1|  0.0|STATS |DatabaseJoiner_JOINED                                                       43
2017-11-13 09:09:00|   2.1|  0.0|STATS |DatabaseJoiner_UNJOINED                                                   1101
2017-11-13 09:09:00|   2.1|  0.0|STATS |DateTimeConverter_OUTPUT                                                  1129
2017-11-13 09:09:00|   2.1|  0.0|STATS |DuplicateFilter_DUPLICATE                                                   15
2017-11-13 09:09:00|   2.1|  0.0|STATS |DuplicateFilter_UNIQUE                                                      28
2017-11-13 09:09:00|   2.1|  0.0|STATS |ExpressionEvaluator_OUTPUT                                                  28
2017-11-13 09:09:00|   2.1|  0.0|STATS |Sorter_SORTED                                                               28
2017-11-13 09:09:00|   2.1|  0.0|STATS |StringReplacer_2_OUTPUT                                                     28
2017-11-13 09:09:00|   2.1|  0.0|STATS |StringReplacer_OUTPUT                                                       28
2017-11-13 09:09:00|   2.1|  0.0|STATS |SubstringExtractor_OUTPUT                                                 1129
2017-11-13 09:09:00|   2.1|  0.0|STATS |Tester_PASSED                                                               28
2017-11-13 09:09:00|   2.1|  0.0|STATS |==============================================================================
2017-11-13 09:09:00|   2.1|  0.0|STATS |Total Features Written                                                    4742
2017-11-13 09:09:00|   2.1|  0.0|STATS |=-=-=-=-=-=-=-=-=-=-=-=-=-=-=-=-=-=-=-=-=-=-=-=-=-=-=-=-=-=-=-=-=-=-=-=-=-=-=-
2017-11-13 09:09:00|   2.1|  0.0|INFORM|Excel Writer: Saving changes to dataset 'C:\Users\lsanderson\Documents\SafeProjects\Webinars\BusinessIntelligence\Webinar\Output\Budgets.xlsx'
2017-11-13 09:09:00|   2.1|  0.0|INFORM|Excel Writer: Closing dataset 'C:\Users\lsanderson\Documents\SafeProjects\Webinars\BusinessIntelligence\Webinar\Output\Budgets.xlsx'...
2017-11-13 09:09:00|   2.1|  0.0|INFORM|=-=-=-=-=-=-=-=-=-=-=-=-=-=-=-=-=-=-=-=-=-=-=-=-=-=-=-=-=-=-=-=-=-=-=-=-=-=-=-
2017-11-13 09:09:00|   2.1|  0.0|INFORM|Feature output statistics for `XLSXW' writer using keyword `XLSXW_1':
2017-11-13 09:09:00|   2.1|  0.0|STATS |=-=-=-=-=-=-=-=-=-=-=-=-=-=-=-=-=-=-=-=-=-=-=-=-=-=-=-=-=-=-=-=-=-=-=-=-=-=-=-
2017-11-13 09:09:00|   2.1|  0.0|STATS |                               Features Written
2017-11-13 09:09:00|   2.1|  0.0|STATS |=-=-=-=-=-=-=-=-=-=-=-=-=-=-=-=-=-=-=-=-=-=-=-=-=-=-=-=-=-=-=-=-=-=-=-=-=-=-=-
2017-11-13 09:09:00|   2.1|  0.0|STATS |MovieTotalGross                                                             28
2017-11-13 09:09:00|   2.1|  0.0|STATS |==============================================================================
2017-11-13 09:09:00|   2.1|  0.0|STATS |Total Features Written                                                      28
2017-11-13 09:09:00|   2.1|  0.0|STATS |=-=-=-=-=-=-=-=-=-=-=-=-=-=-=-=-=-=-=-=-=-=-=-=-=-=-=-=-=-=-=-=-=-=-=-=-=-=-=-
2017-11-13 09:09:00|   2.1|  0.0|STATS |=-=-=-=-=-=-=-=-=-=-=-=-=-=-=-=-=-=-=-=-=-=-=-=-=-=-=-=-=-=-=-=-=-=-=-=-=-=-=-
2017-11-13 09:09:00|   2.1|  0.0|STATS |                            Features Read Summary
2017-11-13 09:09:00|   2.1|  0.0|STATS |=-=-=-=-=-=-=-=-=-=-=-=-=-=-=-=-=-=-=-=-=-=-=-=-=-=-=-=-=-=-=-=-=-=-=-=-=-=-=-
2017-11-13 09:09:00|   2.1|  0.0|STATS |CSV                                                                       1129
2017-11-13 09:09:00|   2.1|  0.0|STATS |==============================================================================
2017-11-13 09:09:00|   2.1|  0.0|STATS |Total Features Read                                                       1129
2017-11-13 09:09:00|   2.1|  0.0|STATS |=-=-=-=-=-=-=-=-=-=-=-=-=-=-=-=-=-=-=-=-=-=-=-=-=-=-=-=-=-=-=-=-=-=-=-=-=-=-=-
2017-11-13 09:09:00|   2.1|  0.0|STATS |=-=-=-=-=-=-=-=-=-=-=-=-=-=-=-=-=-=-=-=-=-=-=-=-=-=-=-=-=-=-=-=-=-=-=-=-=-=-=-
2017-11-13 09:09:00|   2.1|  0.0|STATS |                           Features Written Summary
2017-11-13 09:09:00|   2.1|  0.0|STATS |=-=-=-=-=-=-=-=-=-=-=-=-=-=-=-=-=-=-=-=-=-=-=-=-=-=-=-=-=-=-=-=-=-=-=-=-=-=-=-
2017-11-13 09:09:00|   2.1|  0.0|STATS |MovieTotalGross                                                             28
2017-11-13 09:09:00|   2.1|  0.0|STATS |==============================================================================
2017-11-13 09:09:00|   2.1|  0.0|STATS |Total Features Written                                                      28
2017-11-13 09:09:00|   2.1|  0.0|STATS |=-=-=-=-=-=-=-=-=-=-=-=-=-=-=-=-=-=-=-=-=-=-=-=-=-=-=-=-=-=-=-=-=-=-=-=-=-=-=-
2017-11-13 09:09:00|   2.1|  0.0|WARN  |-~-~-~-~-~-~-~-~-~-~-~-~-~-~-~-~-~-~-~-~-~-~-~-~-~-~-~-~-~-~-~-~-~-~-~-~-~-~-~-~-
2017-11-13 09:09:00|   2.1|  0.0|WARN  |-~                                                                             ~-
2017-11-13 09:09:00|   2.1|  0.0|WARN  |-~       Features have been recorded at every stage of the translation.        ~-
2017-11-13 09:09:00|   2.1|  0.0|WARN  |-~                      To inspect the recorded features,                      ~-
2017-11-13 09:09:00|   2.1|  0.0|WARN  |-~      double-click the feature count numbers on connections and ports.       ~-
2017-11-13 09:09:00|   2.1|  0.0|WARN  |-~                                                                             ~-
2017-11-13 09:09:00|   2.1|  0.0|WARN  |-~-~-~-~-~-~-~-~-~-~-~-~-~-~-~-~-~-~-~-~-~-~-~-~-~-~-~-~-~-~-~-~-~-~-~-~-~-~-~-~-
2017-11-13 09:09:00|   2.1|  0.0|INFORM|Translation was SUCCESSFUL with 74 warning(s) (28 feature(s) output)
2017-11-13 09:09:00|   2.1|  0.0|STATS |Stored 2 feature(s) to FME feature store file `C:\Users\lsanderson\Documents\SafeProjects\Webinars\BusinessIntelligence\Webinar\2-MovieBudget_log.ffs'
2017-11-13 09:09:00|   2.1|  0.0|INFORM|FME Session Duration: 4.5 seconds. (CPU: 1.8s user, 0.2s system)
2017-11-13 09:09:00|   2.1|  0.0|INFORM|END - ProcessID: 9624, peak process memory usage: 72492 kB, current process memory usage: 59452 kB
