2017-11-01 15:20:09|   0.1|  0.1|INFORM|FME 2017.1.1.1 (20171014 - Build 17652 - WIN64)
2017-11-01 15:20:09|   0.1|  0.0|INFORM|FME_HOME is 'C:\Program Files\FME111\'
2017-11-01 15:20:09|   0.1|  0.0|INFORM|FME Smallworld Edition (node locked-crc)
2017-11-01 15:20:09|   0.1|  0.0|INFORM|Serial Number: 12345
2017-11-01 15:20:09|   0.1|  0.0|INFORM|Permanent License.
2017-11-01 15:20:09|   0.1|  0.0|INFORM|Machine host name is: kc-ls-windows1
2017-11-01 15:20:09|   0.1|  0.0|INFORM|START - ProcessID: 11324, peak process memory usage: 31116 kB, current process memory usage: 31012 kB
2017-11-01 15:20:09|   0.1|  0.0|INFORM|FME Configuration: Command line arguments are `C:\Program Files\FME111\fme.exe' `C:/Users/lsanderson/Documents/SafeProjects/Webinars/BusinessIntelligence\wb-xlate-1509574809276_4996' `LOG_STANDARDOUT' `YES' `LogCountServerName' `{44bce83c-5131-4b92-9cef-d26b2272d79f}' `DEBUG_PORT' `52875'
2017-11-01 15:20:09|   0.1|  0.1|INFORM|Shared folders for formats are : C:\Program Files\FME111\datasources;C:\Users\lsanderson\Documents\FME\Plugins\R\Formats;C:\Users\lsanderson\AppData\Roaming\Safe Software\FME\FME Store\Formats;C:\Users\lsanderson\Documents\FME\Formats
2017-11-01 15:20:09|   0.1|  0.0|INFORM|Shared folders for transformers are : C:\Program Files\FME111\transformers;C:\Users\lsanderson\Documents\FME\Plugins\R\Transformers;C:\Users\lsanderson\Documents\FME\Transformers;C:\Users\lsanderson\AppData\Roaming\Safe Software\FME\FME Store\Transformers
2017-11-01 15:20:09|   0.1|  0.0|INFORM|Shared folders for coordinate systems are : C:\Users\lsanderson\Documents\FME\Plugins\R\CoordinateSystems;C:\Users\lsanderson\Documents\FME\CoordinateSystems
2017-11-01 15:20:09|   0.1|  0.0|INFORM|Shared folders for coordinate system exceptions are : C:\Users\lsanderson\Documents\FME\Plugins\R\CoordinateSystemExceptions;C:\Users\lsanderson\Documents\FME\CoordinateSystemExceptions
2017-11-01 15:20:09|   0.1|  0.0|INFORM|Shared folders for coordinate system grid overrides are : C:\Users\lsanderson\Documents\FME\Plugins\R\CoordinateSystemGridOverrides;C:\Users\lsanderson\Documents\FME\CoordinateSystemGridOverrides
2017-11-01 15:20:09|   0.1|  0.0|INFORM|Shared folders for CS-MAP transformation exceptions are : C:\Users\lsanderson\Documents\FME\Plugins\R\CsmapTransformationExceptions;C:\Users\lsanderson\Documents\FME\CsmapTransformationExceptions
2017-11-01 15:20:09|   0.1|  0.0|INFORM|Shared folders for transformer categories are : C:\Users\lsanderson\Documents\FME\Plugins\R\TransformerCategories;C:\Users\lsanderson\Documents\FME\TransformerCategories
2017-11-01 15:20:09|   0.1|  0.0|INFORM|FME Configuration: Reader Keyword is `XLSXR_1'
2017-11-01 15:20:09|   0.1|  0.0|INFORM|FME Configuration: Writer Keyword is `MULTI_WRITER'
2017-11-01 15:20:09|   0.1|  0.0|INFORM|FME Configuration: Writer Group Definition Keyword is `MULTI_WRITER_DEF'
2017-11-01 15:20:09|   0.1|  0.0|INFORM|FME Configuration: Reader type is `XLSXR'
2017-11-01 15:20:09|   0.1|  0.0|INFORM|FME Configuration: Writer type is `MULTI_WRITER'
2017-11-01 15:20:09|   0.1|  0.0|INFORM|FME Configuration: No destination coordinate system set
2017-11-01 15:20:09|   0.1|  0.0|INFORM|FME Configuration: Current working folder is `C:\Users\lsanderson\Documents\SafeProjects\Webinars\BusinessIntelligence'
2017-11-01 15:20:09|   0.1|  0.0|INFORM|FME Configuration: Temporary folder is `C:\Users\LSANDE~1\AppData\Local\Temp\2', set from environment variable `TEMP'
2017-11-01 15:20:09|   0.1|  0.0|INFORM|FME Configuration: FME_HOME is `C:\Program Files\FME111\'
2017-11-01 15:20:09|   0.1|  0.0|INFORM|FME Configuration: FME_BASE is 'no'
2017-11-01 15:20:09|   0.1|  0.0|INFORM|FME Configuration: FME_MF_DIR is 'C:\Users\lsanderson\Documents\SafeProjects\Webinars\BusinessIntelligence/'
2017-11-01 15:20:09|   0.1|  0.0|INFORM|FME Configuration: FME_MF_NAME is 'MoviePosters.fmw'
2017-11-01 15:20:09|   0.1|  0.0|INFORM|FME Configuration: FME_PRODUCT_NAME is 'FME(R) 2017.1.1.1'
2017-11-01 15:20:09|   0.1|  0.0|INFORM|System Status: 106.15 GB of disk space available in the FME temporary folder (C:\Users\LSANDE~1\AppData\Local\Temp\2)
2017-11-01 15:20:09|   0.1|  0.0|INFORM|System Status: 128.00 TB of virtual memory available
2017-11-01 15:20:09|   0.1|  0.0|INFORM|Operating System: Microsoft Windows Server 10 Server 4.0 64-bit  (Build 14393)
2017-11-01 15:20:09|   0.1|  0.0|INFORM|FME Platform: WIN64
2017-11-01 15:20:09|   0.1|  0.0|INFORM|Locale: en_US
2017-11-01 15:20:09|   0.1|  0.0|INFORM|Code Page: 1252  (ANSI - Latin I)
2017-11-01 15:20:09|   0.1|  0.0|INFORM|FME Configuration: Process limit is 4.00 GB of physical memory
2017-11-01 15:20:09|   0.1|  0.0|INFORM|FME Configuration: Start freeing memory when process usage exceeds 12.00 GB of virtual memory
2017-11-01 15:20:09|   0.1|  0.0|INFORM|FME Configuration: Stop freeing memory when process usage is below 9.00 GB of virtual memory
2017-11-01 15:20:09|   0.2|  0.0|INFORM|Creating writer for format: 
2017-11-01 15:20:09|   0.2|  0.0|INFORM|Creating reader for format: Microsoft Excel
2017-11-01 15:20:09|   0.2|  0.0|INFORM|Trying to find a DYNAMIC plugin for reader named `XLSXR'
2017-11-01 15:20:09|   0.2|  0.0|INFORM|Loaded module 'XLSXR' from file 'C:\Program Files\FME111\plugins/xlsx.dll'
2017-11-01 15:20:09|   0.2|  0.0|INFORM|FME API version of module 'XLSXR' matches current internal version (3.8 20170315)
2017-11-01 15:20:09|   0.2|  0.0|INFORM|Using MultiWriter with keyword `MULTI_WRITER' to output data (ID_ATTRIBUTE is `multi_writer_id')
2017-11-01 15:20:09|   0.2|  0.0|INFORM|Writer output will be ordered by value of multi_writer_id
2017-11-01 15:20:09|   0.2|  0.0|INFORM|Loaded module 'LogCount_func' from file 'C:\Program Files\FME111\plugins/LogCount_func.dll'
2017-11-01 15:20:09|   0.2|  0.0|INFORM|FME API version of module 'LogCount_func' matches current internal version (3.8 20170315)
2017-11-01 15:20:09|   0.3|  0.0|INFORM|Loaded module 'BreakpointFactory' from file 'C:\Program Files\FME111\plugins/BreakpointFactory.dll'
2017-11-01 15:20:09|   0.3|  0.0|INFORM|FME API version of module 'BreakpointFactory' matches current internal version (3.8 20170315)
2017-11-01 15:20:09|   0.3|  0.0|INFORM|Feature Inspection module initialized. Workbench@52875 and FME@58575
2017-11-01 15:20:09|   0.3|  0.0|INFORM|FME API version of module 'BreakpointFactory' matches current internal version (3.8 20170315)
2017-11-01 15:20:09|   0.3|  0.0|INFORM|FME API version of module 'BreakpointFactory' matches current internal version (3.8 20170315)
2017-11-01 15:20:09|   0.3|  0.0|INFORM|Loaded module 'HTTPFactory' from file 'C:\Program Files\FME111\plugins/HTTPFactory.dll'
2017-11-01 15:20:09|   0.3|  0.0|INFORM|FME API version of module 'HTTPFactory' matches current internal version (3.8 20170315)
2017-11-01 15:20:09|   0.3|  0.0|INFORM|FME API version of module 'BreakpointFactory' matches current internal version (3.8 20170315)
2017-11-01 15:20:09|   0.3|  0.0|INFORM|Loaded module 'PythonFactory' from file 'C:\Program Files\FME111\plugins/PythonFactory.dll'
2017-11-01 15:20:09|   0.3|  0.0|INFORM|FME API version of module 'PythonFactory' matches current internal version (3.8 20170315)
2017-11-01 15:20:09|   0.3|  0.0|INFORM|Using Python interpreter from `C:\Program Files\FME111\fmepython27\python27.dll' with PYTHONHOME `C:\Program Files\FME111\fmepython27'
2017-11-01 15:20:09|   0.3|  0.0|INFORM|Python version 2.7 loaded successfully
2017-11-01 15:20:10|   0.4|  0.1|INFORM|FME API version of module 'BreakpointFactory' matches current internal version (3.8 20170315)
2017-11-01 15:20:10|   0.4|  0.0|INFORM|... Last line repeated 2 times ...
2017-11-01 15:20:10|   0.4|  0.0|INFORM|FME API version of module 'HTTPFactory' matches current internal version (3.8 20170315)
2017-11-01 15:20:10|   0.4|  0.0|INFORM|Loaded module 'QueryFactory' from file 'C:\Program Files\FME111\plugins/QueryFactory.dll'
2017-11-01 15:20:10|   0.4|  0.0|INFORM|FME API version of module 'QueryFactory' matches current internal version (3.8 20170315)
2017-11-01 15:20:10|   0.4|  0.0|INFORM|FME API version of module 'BreakpointFactory' matches current internal version (3.8 20170315)
2017-11-01 15:20:10|   0.4|  0.0|INFORM|... Last line repeated 2 times ...
2017-11-01 15:20:10|   0.4|  0.0|INFORM|Excel Reader: Output cell formulas: 'false'
2017-11-01 15:20:10|   0.4|  0.0|INFORM|Excel Reader: Output cell comments: 'false'
2017-11-01 15:20:10|   0.4|  0.0|INFORM|Excel Reader: Force full datetime values: 'false'
2017-11-01 15:20:10|   0.4|  0.0|INFORM|Excel Reader: Opening dataset 'C:\Users\lsanderson\Documents\SafeProjects\Webinars\BusinessIntelligence\Data\Interactive_Map_Data.xlsx'...
2017-11-01 15:20:10|   0.5|  0.0|INFORM|Excel Reader: Reading sheet 'Full Map List'...
2017-11-01 15:20:10|   0.5|  0.0|INFORM|Excel Reader: Sheet 'Full Map List' range: Start Row '4', Start Column 'A', End Row '236', End Column 'V'
2017-11-01 15:20:10|   0.5|  0.0|INFORM|Creating writer for format: FME Feature Store (FFS)
2017-11-01 15:20:10|   0.5|  0.0|INFORM|FME Configuration: No destination coordinate system set
2017-11-01 15:20:10|   0.6|  0.1|INFORM|HTTPCaller(HTTPFactory): HTTP/FTP Transfer: Downloading resource 'http://www.imdb.com/title/tt0087003/' to internal memory buffer
2017-11-01 15:20:11|   0.6|  0.0|INFORM|HTTPCaller(HTTPFactory): HTTP transfer summary - status code: 200, download size: '39704 bytes', DNS lookup time: '0 seconds', total transfer time: '0.875 seconds', url: 'http://www.imdb.com/title/tt0087003/'
2017-11-01 15:20:11|   0.9|  0.3|INFORM|f_24(HTTPFactory): HTTP/FTP Transfer: Downloading resource 'https://images-na.ssl-images-amazon.com/images/M/MV5BMTkwMDQ4MjMwNF5BMl5BanBnXkFtZTcwNTM4OTYwNA@@._V1_UX182_CR0,0,182,268_AL_.jpg' to internal memory buffer
2017-11-01 15:20:11|   0.9|  0.0|INFORM|f_24(HTTPFactory): HTTP transfer summary - status code: 200, download size: '6615 bytes', DNS lookup time: '0.125 seconds', total transfer time: '0.156 seconds', url: 'https://images-na.ssl-images-amazon.com/images/M/MV5BMTkwMDQ4MjMwNF5BMl5BanBnXkFtZTcwNTM4OTYwNA@@._V1_UX182_CR0,0,182,268_AL_.jpg'
2017-11-01 15:20:11|   1.0|  0.1|INFORM|Creating reader for format: JPEG (Joint Photographic Experts Group)
2017-11-01 15:20:11|   1.0|  0.0|INFORM|Trying to find a DYNAMIC plugin for reader named `JPEG'
2017-11-01 15:20:11|   1.1|  0.0|INFORM|Loaded module 'JPEG' from file 'C:\Program Files\FME111\plugins/gdal/GDAL.dll'
2017-11-01 15:20:11|   1.1|  0.0|INFORM|FME API version of module 'JPEG' matches current internal version (3.8 20170315)
2017-11-01 15:20:11|   1.1|  0.0|INFORM|Performing query against JPEG dataset `C:/Users/LSANDE~1/AppData/Local/Temp/2/ImageFetcher_31509574811584_11324'
2017-11-01 15:20:11|   1.1|  0.0|INFORM|Creating reader for format: JPEG (Joint Photographic Experts Group)
2017-11-01 15:20:11|   1.1|  0.0|INFORM|Trying to find a DYNAMIC plugin for reader named `JPEG'
2017-11-01 15:20:11|   1.1|  0.0|INFORM|FME API version of module 'JPEG' matches current internal version (3.8 20170315)
2017-11-01 15:20:11|   1.1|  0.0|INFORM|JPEG reader: Opening file 'C:\Users\LSANDE~1\AppData\Local\Temp\2\ImageFetcher_31509574811584_11324'
2017-11-01 15:20:11|   1.1|  0.0|INFORM|JPEG reader: Directive '_DELETE_SOURCE_ON_CLOSE' has the value 'yes'
2017-11-01 15:20:12|   1.1|  0.1|INFORM|HTTPCaller(HTTPFactory): HTTP/FTP Transfer: Downloading resource 'http://www.imdb.com/title/tt0087332/' to internal memory buffer
2017-11-01 15:20:12|   1.1|  0.0|INFORM|HTTPCaller(HTTPFactory): HTTP transfer summary - status code: 200, download size: '42198 bytes', DNS lookup time: '0 seconds', total transfer time: '0.688 seconds', url: 'http://www.imdb.com/title/tt0087332/'
2017-11-01 15:20:12|   1.4|  0.2|INFORM|f_24(HTTPFactory): HTTP/FTP Transfer: Downloading resource 'https://images-na.ssl-images-amazon.com/images/M/MV5BMTkxMjYyNzgwMl5BMl5BanBnXkFtZTgwMTE3MjYyMTE@._V1_UX182_CR0,0,182,268_AL_.jpg' to internal memory buffer
2017-11-01 15:20:12|   1.4|  0.0|INFORM|f_24(HTTPFactory): HTTP transfer summary - status code: 200, download size: '16590 bytes', DNS lookup time: '0 seconds', total transfer time: '0 seconds', url: 'https://images-na.ssl-images-amazon.com/images/M/MV5BMTkxMjYyNzgwMl5BMl5BanBnXkFtZTgwMTE3MjYyMTE@._V1_UX182_CR0,0,182,268_AL_.jpg'
2017-11-01 15:20:12|   1.4|  0.0|INFORM|Creating reader for format: JPEG (Joint Photographic Experts Group)
2017-11-01 15:20:12|   1.4|  0.0|INFORM|Trying to find a DYNAMIC plugin for reader named `JPEG'
2017-11-01 15:20:12|   1.4|  0.0|INFORM|FME API version of module 'JPEG' matches current internal version (3.8 20170315)
2017-11-01 15:20:12|   1.4|  0.0|INFORM|Performing query against JPEG dataset `C:/Users/LSANDE~1/AppData/Local/Temp/2/ImageFetcher_31509574812722_11324'
2017-11-01 15:20:12|   1.4|  0.0|INFORM|Creating reader for format: JPEG (Joint Photographic Experts Group)
2017-11-01 15:20:12|   1.4|  0.0|INFORM|Trying to find a DYNAMIC plugin for reader named `JPEG'
2017-11-01 15:20:12|   1.4|  0.0|INFORM|FME API version of module 'JPEG' matches current internal version (3.8 20170315)
2017-11-01 15:20:12|   1.4|  0.0|INFORM|JPEG reader: Opening file 'C:\Users\LSANDE~1\AppData\Local\Temp\2\ImageFetcher_31509574812722_11324'
2017-11-01 15:20:12|   1.4|  0.0|INFORM|JPEG reader: Directive '_DELETE_SOURCE_ON_CLOSE' has the value 'yes'
2017-11-01 15:20:13|   1.5|  0.1|INFORM|HTTPCaller(HTTPFactory): HTTP/FTP Transfer: Downloading resource 'http://www.imdb.com/title/tt0074751/' to internal memory buffer
2017-11-01 15:20:13|   1.5|  0.0|INFORM|HTTPCaller(HTTPFactory): HTTP transfer summary - status code: 200, download size: '38720 bytes', DNS lookup time: '0 seconds', total transfer time: '0.5 seconds', url: 'http://www.imdb.com/title/tt0074751/'
2017-11-01 15:20:13|   1.7|  0.2|INFORM|f_24(HTTPFactory): HTTP/FTP Transfer: Downloading resource 'https://images-na.ssl-images-amazon.com/images/M/MV5BYWNlNjlmYjktNjhiNy00YTQzLWEzYTUtYzc0MDdjYTlmNzUyXkEyXkFqcGdeQXVyNjc1NTYyMjg@._V1_UX182_CR0,0,182,268_AL_.jpg' to internal memory buffer
2017-11-01 15:20:13|   1.7|  0.0|INFORM|f_24(HTTPFactory): HTTP transfer summary - status code: 200, download size: '20616 bytes', DNS lookup time: '0 seconds', total transfer time: '0 seconds', url: 'https://images-na.ssl-images-amazon.com/images/M/MV5BYWNlNjlmYjktNjhiNy00YTQzLWEzYTUtYzc0MDdjYTlmNzUyXkEyXkFqcGdeQXVyNjc1NTYyMjg@._V1_UX182_CR0,0,182,268_AL_.jpg'
2017-11-01 15:20:13|   1.7|  0.1|INFORM|Creating reader for format: JPEG (Joint Photographic Experts Group)
2017-11-01 15:20:13|   1.7|  0.0|INFORM|Trying to find a DYNAMIC plugin for reader named `JPEG'
2017-11-01 15:20:13|   1.7|  0.0|INFORM|FME API version of module 'JPEG' matches current internal version (3.8 20170315)
2017-11-01 15:20:13|   1.7|  0.0|INFORM|Performing query against JPEG dataset `C:/Users/LSANDE~1/AppData/Local/Temp/2/ImageFetcher_31509574813630_11324'
2017-11-01 15:20:13|   1.7|  0.0|INFORM|Creating reader for format: JPEG (Joint Photographic Experts Group)
2017-11-01 15:20:13|   1.7|  0.0|INFORM|Trying to find a DYNAMIC plugin for reader named `JPEG'
2017-11-01 15:20:13|   1.7|  0.0|INFORM|FME API version of module 'JPEG' matches current internal version (3.8 20170315)
2017-11-01 15:20:13|   1.7|  0.0|INFORM|JPEG reader: Opening file 'C:\Users\LSANDE~1\AppData\Local\Temp\2\ImageFetcher_31509574813630_11324'
2017-11-01 15:20:13|   1.7|  0.0|INFORM|JPEG reader: Directive '_DELETE_SOURCE_ON_CLOSE' has the value 'yes'
2017-11-01 15:20:14|   1.8|  0.1|INFORM|HTTPCaller(HTTPFactory): HTTP/FTP Transfer: Downloading resource 'http://www.imdb.com/title/tt0082817/' to internal memory buffer
2017-11-01 15:20:14|   1.8|  0.0|INFORM|HTTPCaller(HTTPFactory): HTTP transfer summary - status code: 200, download size: '40926 bytes', DNS lookup time: '0 seconds', total transfer time: '0.46799999999999997 seconds', url: 'http://www.imdb.com/title/tt0082817/'
2017-11-01 15:20:14|   2.0|  0.2|INFORM|f_24(HTTPFactory): HTTP/FTP Transfer: Downloading resource 'https://images-na.ssl-images-amazon.com/images/M/MV5BOWUzMTk0ZmItZmRmYy00NjMzLWE2NWEtM2IzZjg2MDFhNjIwXkEyXkFqcGdeQXVyMTQxNzMzNDI@._V1_UX182_CR0,0,182,268_AL_.jpg' to internal memory buffer
2017-11-01 15:20:14|   2.0|  0.0|INFORM|f_24(HTTPFactory): HTTP transfer summary - status code: 200, download size: '13815 bytes', DNS lookup time: '0 seconds', total transfer time: '0.016 seconds', url: 'https://images-na.ssl-images-amazon.com/images/M/MV5BOWUzMTk0ZmItZmRmYy00NjMzLWE2NWEtM2IzZjg2MDFhNjIwXkEyXkFqcGdeQXVyMTQxNzMzNDI@._V1_UX182_CR0,0,182,268_AL_.jpg'
2017-11-01 15:20:14|   2.0|  0.0|INFORM|Creating reader for format: JPEG (Joint Photographic Experts Group)
2017-11-01 15:20:14|   2.0|  0.0|INFORM|Trying to find a DYNAMIC plugin for reader named `JPEG'
2017-11-01 15:20:14|   2.0|  0.0|INFORM|FME API version of module 'JPEG' matches current internal version (3.8 20170315)
2017-11-01 15:20:14|   2.0|  0.0|INFORM|Performing query against JPEG dataset `C:/Users/LSANDE~1/AppData/Local/Temp/2/ImageFetcher_31509574814414_11324'
2017-11-01 15:20:14|   2.0|  0.0|INFORM|Creating reader for format: JPEG (Joint Photographic Experts Group)
2017-11-01 15:20:14|   2.0|  0.0|INFORM|Trying to find a DYNAMIC plugin for reader named `JPEG'
2017-11-01 15:20:14|   2.0|  0.0|INFORM|FME API version of module 'JPEG' matches current internal version (3.8 20170315)
2017-11-01 15:20:14|   2.0|  0.0|INFORM|JPEG reader: Opening file 'C:\Users\LSANDE~1\AppData\Local\Temp\2\ImageFetcher_31509574814414_11324'
2017-11-01 15:20:14|   2.0|  0.0|INFORM|JPEG reader: Directive '_DELETE_SOURCE_ON_CLOSE' has the value 'yes'
2017-11-01 15:20:15|   2.1|  0.1|INFORM|HTTPCaller(HTTPFactory): HTTP/FTP Transfer: Downloading resource 'http://www.imdb.com/title/tt0108149/' to internal memory buffer
2017-11-01 15:20:15|   2.1|  0.0|INFORM|HTTPCaller(HTTPFactory): HTTP transfer summary - status code: 200, download size: '35667 bytes', DNS lookup time: '0 seconds', total transfer time: '0.469 seconds', url: 'http://www.imdb.com/title/tt0108149/'
2017-11-01 15:20:15|   2.2|  0.1|INFORM|f_24(HTTPFactory): HTTP/FTP Transfer: Downloading resource 'https://images-na.ssl-images-amazon.com/images/M/MV5BMTQ5ODk1NTI4NV5BMl5BanBnXkFtZTcwNDYzMjI3NA@@._V1_UX182_CR0,0,182,268_AL_.jpg' to internal memory buffer
2017-11-01 15:20:15|   2.2|  0.0|INFORM|f_24(HTTPFactory): HTTP transfer summary - status code: 200, download size: '15037 bytes', DNS lookup time: '0 seconds', total transfer time: '0.015 seconds', url: 'https://images-na.ssl-images-amazon.com/images/M/MV5BMTQ5ODk1NTI4NV5BMl5BanBnXkFtZTcwNDYzMjI3NA@@._V1_UX182_CR0,0,182,268_AL_.jpg'
2017-11-01 15:20:15|   2.2|  0.0|INFORM|Creating reader for format: JPEG (Joint Photographic Experts Group)
2017-11-01 15:20:15|   2.2|  0.0|INFORM|Trying to find a DYNAMIC plugin for reader named `JPEG'
2017-11-01 15:20:15|   2.2|  0.0|INFORM|FME API version of module 'JPEG' matches current internal version (3.8 20170315)
2017-11-01 15:20:15|   2.2|  0.0|INFORM|Performing query against JPEG dataset `C:/Users/LSANDE~1/AppData/Local/Temp/2/ImageFetcher_31509574815188_11324'
2017-11-01 15:20:15|   2.3|  0.0|INFORM|Creating reader for format: JPEG (Joint Photographic Experts Group)
2017-11-01 15:20:15|   2.3|  0.0|INFORM|Trying to find a DYNAMIC plugin for reader named `JPEG'
2017-11-01 15:20:15|   2.3|  0.0|INFORM|FME API version of module 'JPEG' matches current internal version (3.8 20170315)
2017-11-01 15:20:15|   2.3|  0.0|INFORM|JPEG reader: Opening file 'C:\Users\LSANDE~1\AppData\Local\Temp\2\ImageFetcher_31509574815188_11324'
2017-11-01 15:20:15|   2.3|  0.0|INFORM|JPEG reader: Directive '_DELETE_SOURCE_ON_CLOSE' has the value 'yes'
2017-11-01 15:20:15|   2.3|  0.0|INFORM|ImageFetcher_3_Reader(QueryFactory): 5 input features read
2017-11-01 15:20:15|   2.3|  0.0|INFORM|HTTPCaller(HTTPFactory): HTTP/FTP Transfer: Downloading resource 'http://www.imdb.com/title/tt0067116/' to internal memory buffer
2017-11-01 15:20:15|   2.3|  0.0|INFORM|HTTPCaller(HTTPFactory): HTTP transfer summary - status code: 200, download size: '41748 bytes', DNS lookup time: '0 seconds', total transfer time: '0.5 seconds', url: 'http://www.imdb.com/title/tt0067116/'
2017-11-01 15:20:16|   2.5|  0.2|INFORM|f_24(HTTPFactory): HTTP/FTP Transfer: Downloading resource 'https://images-na.ssl-images-amazon.com/images/M/MV5BOTZhY2E3NmItMGIwNi00OTA2LThkYmEtODFiZTM0NGI0ZWU5XkEyXkFqcGdeQXVyNTc1NTQxODI@._V1_UY268_CR4,0,182,268_AL_.jpg' to internal memory buffer
2017-11-01 15:20:16|   2.5|  0.0|INFORM|f_24(HTTPFactory): HTTP transfer summary - status code: 200, download size: '17256 bytes', DNS lookup time: '0 seconds', total transfer time: '0.015 seconds', url: 'https://images-na.ssl-images-amazon.com/images/M/MV5BOTZhY2E3NmItMGIwNi00OTA2LThkYmEtODFiZTM0NGI0ZWU5XkEyXkFqcGdeQXVyNTc1NTQxODI@._V1_UY268_CR4,0,182,268_AL_.jpg'
2017-11-01 15:20:16|   2.5|  0.0|INFORM|Creating reader for format: JPEG (Joint Photographic Experts Group)
2017-11-01 15:20:16|   2.5|  0.0|INFORM|Trying to find a DYNAMIC plugin for reader named `JPEG'
2017-11-01 15:20:16|   2.5|  0.0|INFORM|FME API version of module 'JPEG' matches current internal version (3.8 20170315)
2017-11-01 15:20:16|   2.5|  0.0|INFORM|Performing query against JPEG dataset `C:/Users/LSANDE~1/AppData/Local/Temp/2/ImageFetcher_315095748168_11324'
2017-11-01 15:20:16|   2.5|  0.0|INFORM|Creating reader for format: JPEG (Joint Photographic Experts Group)
2017-11-01 15:20:16|   2.5|  0.0|INFORM|Trying to find a DYNAMIC plugin for reader named `JPEG'
2017-11-01 15:20:16|   2.5|  0.0|INFORM|FME API version of module 'JPEG' matches current internal version (3.8 20170315)
2017-11-01 15:20:16|   2.5|  0.0|INFORM|JPEG reader: Opening file 'C:\Users\LSANDE~1\AppData\Local\Temp\2\ImageFetcher_315095748168_11324'
2017-11-01 15:20:16|   2.5|  0.0|INFORM|JPEG reader: Directive '_DELETE_SOURCE_ON_CLOSE' has the value 'yes'
2017-11-01 15:20:16|   2.6|  0.1|INFORM|HTTPCaller(HTTPFactory): HTTP/FTP Transfer: Downloading resource 'http://imdb.com/title/tt0051207/' to internal memory buffer
2017-11-01 15:20:16|   2.6|  0.0|INFORM|HTTPCaller(HTTPFactory): HTTP transfer summary - status code: 200, download size: '39874 bytes', DNS lookup time: '0 seconds', total transfer time: '0.594 seconds', url: 'http://imdb.com/title/tt0051207/'
2017-11-01 15:20:16|   2.8|  0.2|INFORM|f_24(HTTPFactory): HTTP/FTP Transfer: Downloading resource 'https://images-na.ssl-images-amazon.com/images/M/MV5BOWFhOTM1NDItZTMyYi00MGZiLWFjYTktOWI3YTgzNGRjY2I3XkEyXkFqcGdeQXVyNjc1NTYyMjg@._V1_UX182_CR0,0,182,268_AL_.jpg' to internal memory buffer
2017-11-01 15:20:16|   2.8|  0.0|INFORM|f_24(HTTPFactory): HTTP transfer summary - status code: 200, download size: '17324 bytes', DNS lookup time: '0 seconds', total transfer time: '0.015 seconds', url: 'https://images-na.ssl-images-amazon.com/images/M/MV5BOWFhOTM1NDItZTMyYi00MGZiLWFjYTktOWI3YTgzNGRjY2I3XkEyXkFqcGdeQXVyNjc1NTYyMjg@._V1_UX182_CR0,0,182,268_AL_.jpg'
2017-11-01 15:20:16|   2.8|  0.0|INFORM|Creating reader for format: JPEG (Joint Photographic Experts Group)
2017-11-01 15:20:16|   2.8|  0.0|INFORM|Trying to find a DYNAMIC plugin for reader named `JPEG'
2017-11-01 15:20:16|   2.8|  0.0|INFORM|FME API version of module 'JPEG' matches current internal version (3.8 20170315)
2017-11-01 15:20:16|   2.8|  0.0|INFORM|Performing query against JPEG dataset `C:/Users/LSANDE~1/AppData/Local/Temp/2/ImageFetcher_31509574816929_11324'
2017-11-01 15:20:16|   2.8|  0.0|INFORM|Creating reader for format: JPEG (Joint Photographic Experts Group)
2017-11-01 15:20:16|   2.8|  0.0|INFORM|Trying to find a DYNAMIC plugin for reader named `JPEG'
2017-11-01 15:20:16|   2.8|  0.0|INFORM|FME API version of module 'JPEG' matches current internal version (3.8 20170315)
2017-11-01 15:20:16|   2.8|  0.0|INFORM|JPEG reader: Opening file 'C:\Users\LSANDE~1\AppData\Local\Temp\2\ImageFetcher_31509574816929_11324'
2017-11-01 15:20:16|   2.8|  0.0|INFORM|JPEG reader: Directive '_DELETE_SOURCE_ON_CLOSE' has the value 'yes'
2017-11-01 15:20:17|   2.9|  0.1|INFORM|Emptying factory pipeline
2017-11-01 15:20:17|   2.9|  0.0|STATS |Router and Unexpected Input Remover(RoutingFactory): Tested 233 input feature(s), wrote 233 output feature(s): 233 matched merge filters, 233 were routed to output, 0 could not be routed.
2017-11-01 15:20:17|   2.9|  0.0|STATS |Unexpected Input Remover Nuker(TeeFactory): Cloned 0 input feature(s) into 0 output feature(s)
2017-11-01 15:20:17|   2.9|  0.0|STATS |Full Map List (XLSXR_1) Splitter(TeeFactory): Cloned 233 input feature(s) into 233 output feature(s)
2017-11-01 15:20:17|   2.9|  0.0|STATS |Sampler(SamplingFactory): Sampled 7 of 233 feature(s)
2017-11-01 15:20:17|   2.9|  0.0|STATS |Sampler_Sampled(TeeFactory): Cloned 7 input feature(s) into 7 output feature(s)
2017-11-01 15:20:17|   2.9|  0.0|STATS |Sampler_NOT_SAMPLED Feature Counter -1 2147680261(TeeFactory): Cloned 226 input feature(s) into 0 output feature(s)
2017-11-01 15:20:17|   2.9|  0.0|STATS |StringReplacer(TeeFactory): Cloned 7 input feature(s) into 7 output feature(s)
2017-11-01 15:20:17|   2.9|  0.0|STATS |HTTPCaller_<Rejected> Feature Counter -1 2147680260(TeeFactory): Cloned 0 input feature(s) into 0 output feature(s)
2017-11-01 15:20:17|   2.9|  0.0|STATS |HTMLExtractor_CATCHER(TeeFactory): Cloned 7 input feature(s) into 7 output feature(s)
2017-11-01 15:20:17|   2.9|  0.0|STATS |HTMLExtractor_ROUTER(TestFactory): Tested 7 input feature(s) -- 7 feature(s) passed and 0 feature(s) failed
2017-11-01 15:20:17|   2.9|  0.0|STATS |HTMLExtractor_<REJECTED> Feature Counter -1 2147680262(TeeFactory): Cloned 0 input feature(s) into 0 output feature(s)
2017-11-01 15:20:17|   2.9|  0.0|STATS |StringSearcher_2(TestFactory): Tested 7 input feature(s) -- 7 feature(s) passed and 0 feature(s) failed
2017-11-01 15:20:17|   2.9|  0.0|STATS |StringSearcher_2_NOT_MATCHED Feature Counter -1 2147680263(TeeFactory): Cloned 0 input feature(s) into 0 output feature(s)
2017-11-01 15:20:17|   2.9|  0.0|STATS |ImageFetcher_3_Gatherer(TeeFactory): Cloned 7 input feature(s) into 7 output feature(s)
2017-11-01 15:20:17|   2.9|  0.0|STATS |ImageFetcher_3_ResponseTester(TestFactory): Tested 7 input feature(s) -- 7 feature(s) passed and 0 feature(s) failed
2017-11-01 15:20:17|   2.9|  0.0|STATS |ImageFetcher_3_ContentTypeTester(TestFactory): Tested 7 input feature(s) -- 7 feature(s) passed and 0 feature(s) failed
2017-11-01 15:20:17|   2.9|  0.0|STATS |ImageFetcher_3_<REJECTED> Feature Counter -1 2147680265(TeeFactory): Cloned 0 input feature(s) into 0 output feature(s)
2017-11-01 15:20:17|   2.9|  0.0|STATS |AttributeManager_4 OUTPUT Splitter(TeeFactory): Cloned 7 input feature(s) into 14 output feature(s)
2017-11-01 15:20:17|   2.9|  0.0|STATS |Destination Feature Type Routing Correlator(RoutingFactory): Tested 14 input feature(s), wrote 14 output feature(s): 0 matched merge filters, 14 were routed to output, 0 could not be routed.
2017-11-01 15:20:17|   2.9|  0.0|STATS |Final Output Nuker(TeeFactory): Cloned 7 input feature(s) into 0 output feature(s)
2017-11-01 15:20:17|   2.9|  0.0|STATS |=-=-=-=-=-=-=-=-=-=-=-=-=-=-=-=-=-=-=-=-=-=-=-=-=-=-=-=-=-=-=-=-=-=-=-=-=-=-=-
2017-11-01 15:20:17|   2.9|  0.0|STATS |                            `Count' Domain Summary
2017-11-01 15:20:17|   2.9|  0.0|STATS |=-=-=-=-=-=-=-=-=-=-=-=-=-=-=-=-=-=-=-=-=-=-=-=-=-=-=-=-=-=-=-=-=-=-=-=-=-=-=-
2017-11-01 15:20:17|   2.9|  0.0|STATS |row_id (range was 2 to 9)                                                    7
2017-11-01 15:20:17|   2.9|  0.0|STATS |==============================================================================
2017-11-01 15:20:17|   2.9|  0.0|STATS |Total `@Count' Invocations:                                                  7
2017-11-01 15:20:17|   2.9|  0.0|STATS |=-=-=-=-=-=-=-=-=-=-=-=-=-=-=-=-=-=-=-=-=-=-=-=-=-=-=-=-=-=-=-=-=-=-=-=-=-=-=-
2017-11-01 15:20:17|   2.9|  0.0|INFORM|=-=-=-=-=-=-=-=-=-=-=-=-=-=-=-=-=-=-=-=-=-=-=-=-=-=-=-=-=-=-=-=-=-=-=-=-=-=-=-
2017-11-01 15:20:17|   2.9|  0.0|INFORM|                     'GlobalVariable' Final State Summary
2017-11-01 15:20:17|   2.9|  0.0|INFORM|=-=-=-=-=-=-=-=-=-=-=-=-=-=-=-=-=-=-=-=-=-=-=-=-=-=-=-=-=-=-=-=-=-=-=-=-=-=-=-
2017-11-01 15:20:17|   2.9|  0.0|INFORM|ImageFetcher_3__packedAttrs__                                 "Agency Credit":
2017-11-01 15:20:17|   2.9|  0.0|INFORM|==============================================================================
2017-11-01 15:20:17|   2.9|  0.0|INFORM|Total Number of Global Variables:                                            1
2017-11-01 15:20:17|   2.9|  0.0|INFORM|=-=-=-=-=-=-=-=-=-=-=-=-=-=-=-=-=-=-=-=-=-=-=-=-=-=-=-=-=-=-=-=-=-=-=-=-=-=-=-
2017-11-01 15:20:17|   2.9|  0.0|STATS |Stored 522 feature(s) to FME feature store file `C:\Users\LSANDE~1\AppData\Local\Temp\2\no-conn-ffs-1509574809279_4996.ffs'
2017-11-01 15:20:17|   2.9|  0.0|INFORM|Saving spatial index into file 'C:\Users\LSANDE~1\AppData\Local\Temp\2\no-conn-ffs-1509574809279_4996.fsi'
2017-11-01 15:20:17|   3.0|  0.0|INFORM|Finished saving spatial index into file 'C:\Users\LSANDE~1\AppData\Local\Temp\2\no-conn-ffs-1509574809279_4996.fsi'
2017-11-01 15:20:17|   3.0|  0.0|INFORM|=-=-=-=-=-=-=-=-=-=-=-=-=-=-=-=-=-=-=-=-=-=-=-=-=-=-=-=-=-=-=-=-=-=-=-=-=-=-=-
2017-11-01 15:20:17|   3.0|  0.0|INFORM|Feature output statistics for `FFS' writer using keyword `W_1':
2017-11-01 15:20:17|   3.0|  0.0|STATS |=-=-=-=-=-=-=-=-=-=-=-=-=-=-=-=-=-=-=-=-=-=-=-=-=-=-=-=-=-=-=-=-=-=-=-=-=-=-=-
2017-11-01 15:20:17|   3.0|  0.0|STATS |                               Features Written
2017-11-01 15:20:17|   3.0|  0.0|STATS |=-=-=-=-=-=-=-=-=-=-=-=-=-=-=-=-=-=-=-=-=-=-=-=-=-=-=-=-=-=-=-=-=-=-=-=-=-=-=-
2017-11-01 15:20:17|   3.0|  0.0|STATS |AttributeCreator_2_OUTPUT                                                    7
2017-11-01 15:20:17|   3.0|  0.0|STATS |AttributeManager_4_OUTPUT_0_2puYrnDr/0I=                                     7
2017-11-01 15:20:17|   3.0|  0.0|STATS |AttributeManager_4_OUTPUT_1_tgtLiFo+roA=                                     7
2017-11-01 15:20:17|   3.0|  0.0|STATS |Full Map List_XLSXR_1                                                      233
2017-11-01 15:20:17|   3.0|  0.0|STATS |HTMLExtractor_Results                                                        7
2017-11-01 15:20:17|   3.0|  0.0|STATS |HTTPCaller_Output                                                            7
2017-11-01 15:20:17|   3.0|  0.0|STATS |ImageFetcher_3_RASTER                                                        7
2017-11-01 15:20:17|   3.0|  0.0|STATS |Sampler_NOT_SAMPLED                                                        226
2017-11-01 15:20:17|   3.0|  0.0|STATS |Sampler_SAMPLED                                                              7
2017-11-01 15:20:17|   3.0|  0.0|STATS |StringReplacer_OUTPUT                                                        7
2017-11-01 15:20:17|   3.0|  0.0|STATS |StringSearcher_2_MATCHED                                                     7
2017-11-01 15:20:17|   3.0|  0.0|STATS |==============================================================================
2017-11-01 15:20:17|   3.0|  0.0|STATS |Total Features Written                                                     522
2017-11-01 15:20:17|   3.0|  0.0|STATS |=-=-=-=-=-=-=-=-=-=-=-=-=-=-=-=-=-=-=-=-=-=-=-=-=-=-=-=-=-=-=-=-=-=-=-=-=-=-=-
2017-11-01 15:20:17|   3.0|  0.0|INFORM|MULTI_WRITER: multi_writer_id `1': Started outputting features
2017-11-01 15:20:17|   3.0|  0.0|INFORM|Creating writer for format: Microsoft Excel
2017-11-01 15:20:17|   3.0|  0.0|INFORM|Trying to find a DYNAMIC plugin for writer named `XLSXW'
2017-11-01 15:20:17|   3.0|  0.0|INFORM|FME API version of module 'XLSXW' matches current internal version (3.8 20170315)
2017-11-01 15:20:17|   3.0|  0.0|INFORM|FME Configuration: No destination coordinate system set
2017-11-01 15:20:17|   3.0|  0.0|INFORM|FME API version of module 'XLSXW' matches current internal version (3.8 20170315)
2017-11-01 15:20:17|   3.0|  0.0|INFORM|Writer `XLSXW_2' of type `XLSXW' using group definition keyword `XLSXW_2_DEF'
2017-11-01 15:20:17|   3.0|  0.0|INFORM|FME API version of module 'XLSXW' matches current internal version (3.8 20170315)
2017-11-01 15:20:17|   3.0|  0.0|INFORM|Excel Writer: Use Attribute Names As Column Positions is set to 'no' for sheet 'Full Map List' in dataset 'C:\Users\lsanderson\Documents\SafeProjects\Webinars\BusinessIntelligence\MoviePosters.xlsx' 
2017-11-01 15:20:17|   3.0|  0.0|INFORM|Excel Writer: Deleted existing destination file 'C:\Users\lsanderson\Documents\SafeProjects\Webinars\BusinessIntelligence\MoviePosters.xlsx'
2017-11-01 15:20:17|   3.0|  0.0|INFORM|Excel Writer: Opening dataset 'C:\Users\lsanderson\Documents\SafeProjects\Webinars\BusinessIntelligence\MoviePosters.xlsx'...
2017-11-01 15:20:17|   3.0|  0.0|INFORM|Excel Writer: Loading in template file 'C:\Users\lsanderson\Documents\SafeProjects\Webinars\BusinessIntelligence\MoviePoster-Template.xlsx'...
2017-11-01 15:20:17|   3.0|  0.0|INFORM|Excel Writer: Using template sheet '' from template file 'C:\Users\lsanderson\Documents\SafeProjects\Webinars\BusinessIntelligence\MoviePoster-Template.xlsx' for all sheets added to output file 'C:\Users\lsanderson\Documents\SafeProjects\Webinars\BusinessIntelligence\MoviePosters.xlsx'
2017-11-01 15:20:17|   3.0|  0.0|INFORM|Excel Writer: Sheet 'Full Map List' has writer mode 'INSERT'
2017-11-01 15:20:17|   3.0|  0.0|INFORM|Excel Writer: Sheet 'Full Map List' has Output field names set to 'yes'
2017-11-01 15:20:17|   3.0|  0.0|INFORM|Excel Writer: Sheet 'Full Map List' will start writing to row '1' and column 'A' relative to its start location. Sheets have a starting location of row 1, column 1, named range starting locations can be specified
2017-11-01 15:20:17|   3.0|  0.0|INFORM|Excel Writer: Outputting field names for sheet 'Full Map List'
2017-11-01 15:20:17|   3.0|  0.0|INFORM|Loaded module 'GeometryFormat_func' from file 'C:\Program Files\FME111\plugins/GeometryFormat_func.dll'
2017-11-01 15:20:17|   3.0|  0.0|INFORM|FME API version of module 'GeometryFormat_func' matches current internal version (3.8 20170315)
2017-11-01 15:20:17|   3.0|  0.0|INFORM|FME API version of module 'JPEG' matches current internal version (3.8 20170315)
2017-11-01 15:20:17|   3.1|  0.0|INFORM|FME API version of module 'JPEG' matches current internal version (3.8 20170315)
2017-11-01 15:20:17|   3.1|  0.0|INFORM|Excel Writer: Incoming raster feature for sheet 'Full Map List' will be written to row '1' and col 'I'
2017-11-01 15:20:17|   3.1|  0.0|INFORM|FME API version of module 'JPEG' matches current internal version (3.8 20170315)
2017-11-01 15:20:17|   3.1|  0.0|INFORM|FME API version of module 'JPEG' matches current internal version (3.8 20170315)
2017-11-01 15:20:17|   3.1|  0.0|INFORM|Excel Writer: Incoming raster feature for sheet 'Full Map List' will be written to row '2' and col 'I'
2017-11-01 15:20:17|   3.1|  0.0|INFORM|FME API version of module 'JPEG' matches current internal version (3.8 20170315)
2017-11-01 15:20:17|   3.1|  0.0|INFORM|FME API version of module 'JPEG' matches current internal version (3.8 20170315)
2017-11-01 15:20:17|   3.1|  0.0|INFORM|Excel Writer: Incoming raster feature for sheet 'Full Map List' will be written to row '3' and col 'I'
2017-11-01 15:20:17|   3.1|  0.0|INFORM|FME API version of module 'JPEG' matches current internal version (3.8 20170315)
2017-11-01 15:20:17|   3.1|  0.0|INFORM|FME API version of module 'JPEG' matches current internal version (3.8 20170315)
2017-11-01 15:20:17|   3.1|  0.0|INFORM|Excel Writer: Incoming raster feature for sheet 'Full Map List' will be written to row '4' and col 'I'
2017-11-01 15:20:17|   3.1|  0.0|INFORM|FME API version of module 'JPEG' matches current internal version (3.8 20170315)
2017-11-01 15:20:17|   3.1|  0.0|INFORM|FME API version of module 'JPEG' matches current internal version (3.8 20170315)
2017-11-01 15:20:17|   3.1|  0.0|INFORM|Excel Writer: Incoming raster feature for sheet 'Full Map List' will be written to row '5' and col 'I'
2017-11-01 15:20:17|   3.1|  0.0|INFORM|FME API version of module 'JPEG' matches current internal version (3.8 20170315)
2017-11-01 15:20:17|   3.1|  0.0|INFORM|FME API version of module 'JPEG' matches current internal version (3.8 20170315)
2017-11-01 15:20:17|   3.1|  0.0|INFORM|Excel Writer: Incoming raster feature for sheet 'Full Map List' will be written to row '6' and col 'I'
2017-11-01 15:20:17|   3.1|  0.0|INFORM|FME API version of module 'JPEG' matches current internal version (3.8 20170315)
2017-11-01 15:20:17|   3.1|  0.0|INFORM|FME API version of module 'JPEG' matches current internal version (3.8 20170315)
2017-11-01 15:20:17|   3.1|  0.0|INFORM|Excel Writer: Incoming raster feature for sheet 'Full Map List' will be written to row '7' and col 'I'
2017-11-01 15:20:17|   3.1|  0.0|INFORM|Excel Writer: Saving changes to dataset 'C:\Users\lsanderson\Documents\SafeProjects\Webinars\BusinessIntelligence\MoviePosters.xlsx'
2017-11-01 15:20:17|   3.1|  0.0|INFORM|Excel Writer: Closing dataset 'C:\Users\lsanderson\Documents\SafeProjects\Webinars\BusinessIntelligence\MoviePosters.xlsx'...
2017-11-01 15:20:17|   3.1|  0.0|INFORM|=-=-=-=-=-=-=-=-=-=-=-=-=-=-=-=-=-=-=-=-=-=-=-=-=-=-=-=-=-=-=-=-=-=-=-=-=-=-=-
2017-11-01 15:20:17|   3.1|  0.0|INFORM|Feature output statistics for `XLSXW' writer using keyword `XLSXW_2':
2017-11-01 15:20:17|   3.1|  0.0|STATS |=-=-=-=-=-=-=-=-=-=-=-=-=-=-=-=-=-=-=-=-=-=-=-=-=-=-=-=-=-=-=-=-=-=-=-=-=-=-=-
2017-11-01 15:20:17|   3.1|  0.0|STATS |                               Features Written
2017-11-01 15:20:17|   3.1|  0.0|STATS |=-=-=-=-=-=-=-=-=-=-=-=-=-=-=-=-=-=-=-=-=-=-=-=-=-=-=-=-=-=-=-=-=-=-=-=-=-=-=-
2017-11-01 15:20:17|   3.1|  0.0|STATS |Full Map List                                                                7
2017-11-01 15:20:17|   3.1|  0.0|STATS |==============================================================================
2017-11-01 15:20:17|   3.1|  0.0|STATS |Total Features Written                                                       7
2017-11-01 15:20:17|   3.1|  0.0|STATS |=-=-=-=-=-=-=-=-=-=-=-=-=-=-=-=-=-=-=-=-=-=-=-=-=-=-=-=-=-=-=-=-=-=-=-=-=-=-=-
2017-11-01 15:20:17|   3.1|  0.0|INFORM|MULTI_WRITER: multi_writer_id `1': done writing 7 feature(s) 
2017-11-01 15:20:17|   3.2|  0.0|INFORM|^^^^^^^^^^^^^^^^^^^^^^^^^^^^^^^^^^^^^^^^^^^^^^^^^^^^^^^^^^^^^^^^^^^^^^^^^^^^^^
2017-11-01 15:20:17|   3.2|  0.0|STATS |=-=-=-=-=-=-=-=-=-=-=-=-=-=-=-=-=-=-=-=-=-=-=-=-=-=-=-=-=-=-=-=-=-=-=-=-=-=-=-
2017-11-01 15:20:17|   3.2|  0.0|STATS |                            Features Read Summary
2017-11-01 15:20:17|   3.2|  0.0|STATS |=-=-=-=-=-=-=-=-=-=-=-=-=-=-=-=-=-=-=-=-=-=-=-=-=-=-=-=-=-=-=-=-=-=-=-=-=-=-=-
2017-11-01 15:20:17|   3.2|  0.0|STATS |Full Map List                                                              233
2017-11-01 15:20:17|   3.2|  0.0|STATS |==============================================================================
2017-11-01 15:20:17|   3.2|  0.0|STATS |Total Features Read                                                        233
2017-11-01 15:20:17|   3.2|  0.0|STATS |=-=-=-=-=-=-=-=-=-=-=-=-=-=-=-=-=-=-=-=-=-=-=-=-=-=-=-=-=-=-=-=-=-=-=-=-=-=-=-
2017-11-01 15:20:17|   3.2|  0.0|STATS |=-=-=-=-=-=-=-=-=-=-=-=-=-=-=-=-=-=-=-=-=-=-=-=-=-=-=-=-=-=-=-=-=-=-=-=-=-=-=-
2017-11-01 15:20:17|   3.2|  0.0|STATS |                           Features Written Summary
2017-11-01 15:20:17|   3.2|  0.0|STATS |=-=-=-=-=-=-=-=-=-=-=-=-=-=-=-=-=-=-=-=-=-=-=-=-=-=-=-=-=-=-=-=-=-=-=-=-=-=-=-
2017-11-01 15:20:17|   3.2|  0.0|STATS |Full Map List                                                                7
2017-11-01 15:20:17|   3.2|  0.0|STATS |==============================================================================
2017-11-01 15:20:17|   3.2|  0.0|STATS |Total Features Written                                                       7
2017-11-01 15:20:17|   3.2|  0.0|STATS |=-=-=-=-=-=-=-=-=-=-=-=-=-=-=-=-=-=-=-=-=-=-=-=-=-=-=-=-=-=-=-=-=-=-=-=-=-=-=-
2017-11-01 15:20:17|   3.2|  0.0|WARN  |-~-~-~-~-~-~-~-~-~-~-~-~-~-~-~-~-~-~-~-~-~-~-~-~-~-~-~-~-~-~-~-~-~-~-~-~-~-~-~-~-
2017-11-01 15:20:17|   3.2|  0.0|WARN  |-~                                                                             ~-
2017-11-01 15:20:17|   3.2|  0.0|WARN  |-~       Features have been recorded at every stage of the translation.        ~-
2017-11-01 15:20:17|   3.2|  0.0|WARN  |-~                      To inspect the recorded features,                      ~-
2017-11-01 15:20:17|   3.2|  0.0|WARN  |-~      double-click the feature count numbers on connections and ports.       ~-
2017-11-01 15:20:17|   3.2|  0.0|WARN  |-~                                                                             ~-
2017-11-01 15:20:17|   3.2|  0.0|WARN  |-~-~-~-~-~-~-~-~-~-~-~-~-~-~-~-~-~-~-~-~-~-~-~-~-~-~-~-~-~-~-~-~-~-~-~-~-~-~-~-~-
2017-11-01 15:20:17|   3.2|  0.0|INFORM|Excel Reader: Closing dataset 'C:\Users\lsanderson\Documents\SafeProjects\Webinars\BusinessIntelligence\Data\Interactive_Map_Data.xlsx'...
2017-11-01 15:20:17|   3.2|  0.0|INFORM|Translation was SUCCESSFUL with 7 warning(s) (7 feature(s) output)
2017-11-01 15:20:17|   3.2|  0.0|INFORM|FME Session Duration: 7.8 seconds. (CPU: 2.6s user, 0.5s system)
2017-11-01 15:20:17|   3.2|  0.0|INFORM|END - ProcessID: 11324, peak process memory usage: 110128 kB, current process memory usage: 104632 kB
