2017-11-01 15:55:24|   0.2|  0.2|INFORM|FME 2017.1.1.1 (20171014 - Build 17652 - WIN64)
2017-11-01 15:55:24|   0.2|  0.0|INFORM|FME_HOME is 'C:\Program Files\FME111\'
2017-11-01 15:55:24|   0.2|  0.0|INFORM|FME Smallworld Edition (node locked-crc)
2017-11-01 15:55:24|   0.2|  0.0|INFORM|Serial Number: 12345
2017-11-01 15:55:24|   0.2|  0.0|INFORM|Permanent License.
2017-11-01 15:55:24|   0.2|  0.0|INFORM|Machine host name is: kc-ls-windows1
2017-11-01 15:55:24|   0.2|  0.0|INFORM|START - ProcessID: 13920, peak process memory usage: 33744 kB, current process memory usage: 33640 kB
2017-11-01 15:55:24|   0.2|  0.0|INFORM|FME Configuration: Command line arguments are `C:\Program Files\FME111\fme.exe' `C:/Users/lsanderson/Documents/SafeProjects/Webinars/BusinessIntelligence\wb-xlate-1509576923987_9948' `LOG_STANDARDOUT' `YES' `LogCountServerName' `{c8a94d4c-66ac-4bf5-a826-9b51d7b4a4d5}' `DEBUG_PORT' `51641'
2017-11-01 15:55:24|   0.2|  0.0|INFORM|Shared folders for formats are : C:\Program Files\FME111\datasources;C:\Users\lsanderson\Documents\FME\Plugins\R\Formats;C:\Users\lsanderson\AppData\Roaming\Safe Software\FME\FME Store\Formats;C:\Users\lsanderson\Documents\FME\Formats
2017-11-01 15:55:24|   0.2|  0.0|INFORM|Shared folders for transformers are : C:\Program Files\FME111\transformers;C:\Users\lsanderson\Documents\FME\Plugins\R\Transformers;C:\Users\lsanderson\Documents\FME\Transformers;C:\Users\lsanderson\AppData\Roaming\Safe Software\FME\FME Store\Transformers
2017-11-01 15:55:24|   0.2|  0.0|INFORM|Shared folders for coordinate systems are : C:\Users\lsanderson\Documents\FME\Plugins\R\CoordinateSystems;C:\Users\lsanderson\Documents\FME\CoordinateSystems
2017-11-01 15:55:24|   0.2|  0.0|INFORM|Shared folders for coordinate system exceptions are : C:\Users\lsanderson\Documents\FME\Plugins\R\CoordinateSystemExceptions;C:\Users\lsanderson\Documents\FME\CoordinateSystemExceptions
2017-11-01 15:55:24|   0.2|  0.0|INFORM|Shared folders for coordinate system grid overrides are : C:\Users\lsanderson\Documents\FME\Plugins\R\CoordinateSystemGridOverrides;C:\Users\lsanderson\Documents\FME\CoordinateSystemGridOverrides
2017-11-01 15:55:24|   0.2|  0.0|INFORM|Shared folders for CS-MAP transformation exceptions are : C:\Users\lsanderson\Documents\FME\Plugins\R\CsmapTransformationExceptions;C:\Users\lsanderson\Documents\FME\CsmapTransformationExceptions
2017-11-01 15:55:24|   0.2|  0.0|INFORM|Shared folders for transformer categories are : C:\Users\lsanderson\Documents\FME\Plugins\R\TransformerCategories;C:\Users\lsanderson\Documents\FME\TransformerCategories
2017-11-01 15:55:24|   0.2|  0.0|INFORM|FME Configuration: Reader Keyword is `MULTI_READER'
2017-11-01 15:55:24|   0.2|  0.0|INFORM|FME Configuration: Writer Keyword is `MULTI_WRITER'
2017-11-01 15:55:24|   0.2|  0.0|INFORM|FME Configuration: Writer Group Definition Keyword is `MULTI_WRITER_DEF'
2017-11-01 15:55:24|   0.2|  0.0|INFORM|FME Configuration: Reader type is `MULTI_READER'
2017-11-01 15:55:24|   0.2|  0.0|INFORM|FME Configuration: Writer type is `MULTI_WRITER'
2017-11-01 15:55:24|   0.2|  0.0|INFORM|FME Configuration: No destination coordinate system set
2017-11-01 15:55:24|   0.2|  0.0|INFORM|FME Configuration: Current working folder is `C:\Users\lsanderson\Documents\SafeProjects\Webinars\BusinessIntelligence'
2017-11-01 15:55:24|   0.2|  0.0|INFORM|FME Configuration: Temporary folder is `C:\Users\LSANDE~1\AppData\Local\Temp\2', set from environment variable `TEMP'
2017-11-01 15:55:24|   0.2|  0.0|INFORM|FME Configuration: FME_HOME is `C:\Program Files\FME111\'
2017-11-01 15:55:24|   0.2|  0.0|INFORM|FME Configuration: FME_BASE is 'no'
2017-11-01 15:55:24|   0.2|  0.0|INFORM|FME Configuration: FME_MF_DIR is 'C:\Users\lsanderson\Documents\SafeProjects\Webinars\BusinessIntelligence/'
2017-11-01 15:55:24|   0.2|  0.0|INFORM|FME Configuration: FME_MF_NAME is 'MovieBudget.fmw'
2017-11-01 15:55:24|   0.2|  0.0|INFORM|FME Configuration: FME_PRODUCT_NAME is 'FME(R) 2017.1.1.1'
2017-11-01 15:55:24|   0.2|  0.0|INFORM|System Status: 106.12 GB of disk space available in the FME temporary folder (C:\Users\LSANDE~1\AppData\Local\Temp\2)
2017-11-01 15:55:24|   0.2|  0.0|INFORM|System Status: 128.00 TB of virtual memory available
2017-11-01 15:55:24|   0.2|  0.0|INFORM|Operating System: Microsoft Windows Server 10 Server 4.0 64-bit  (Build 14393)
2017-11-01 15:55:24|   0.2|  0.0|INFORM|FME Platform: WIN64
2017-11-01 15:55:24|   0.2|  0.0|INFORM|Locale: en_US
2017-11-01 15:55:24|   0.2|  0.0|INFORM|Code Page: 1252  (ANSI - Latin I)
2017-11-01 15:55:24|   0.2|  0.0|INFORM|FME Configuration: Process limit is 4.00 GB of physical memory
2017-11-01 15:55:24|   0.2|  0.0|INFORM|FME Configuration: Start freeing memory when process usage exceeds 12.00 GB of virtual memory
2017-11-01 15:55:24|   0.2|  0.0|INFORM|FME Configuration: Stop freeing memory when process usage is below 9.00 GB of virtual memory
2017-11-01 15:55:24|   0.3|  0.0|INFORM|Creating writer for format: 
2017-11-01 15:55:24|   0.3|  0.0|INFORM|Creating reader for format: 
2017-11-01 15:55:24|   0.3|  0.0|INFORM|MULTI_READER(MULTI_READER): Will fail with first member reader failure
2017-11-01 15:55:24|   0.3|  0.0|INFORM|MULTI_READER(MULTI_READER): Adding CSV2 Reader with keyword CSV2_1
2017-11-01 15:55:24|   0.3|  0.0|INFORM|MULTI_READER(MULTI_READER): Adding XLSXR Reader with keyword XLSXR_1
2017-11-01 15:55:24|   0.3|  0.0|INFORM|Using Multi Reader with keyword `MULTI_READER' to read multiple datasets
2017-11-01 15:55:24|   0.3|  0.1|INFORM|Creating reader for format: CSV (Comma Separated Value)
2017-11-01 15:55:24|   0.4|  0.0|INFORM|Trying to find a DYNAMIC plugin for reader named `CSV2'
2017-11-01 15:55:24|   0.4|  0.0|INFORM|Loaded module 'CSV2' from file 'C:\Program Files\FME111\plugins/CSV2.dll'
2017-11-01 15:55:24|   0.4|  0.0|INFORM|FME API version of module 'CSV2' matches current internal version (3.8 20170315)
2017-11-01 15:55:24|   0.4|  0.0|INFORM|CSV reader: Opening dataset 'C:\Users\lsanderson\Documents\SafeProjects\Webinars\BusinessIntelligence\Data\MovieGross.csv'
2017-11-01 15:55:24|   0.4|  0.0|INFORM|CSV reader: Directive '_DELIMITER' has the value ','
2017-11-01 15:55:24|   0.4|  0.0|INFORM|CSV reader: Directive '_FIELD_NAMES_LINE' has the value '1'
2017-11-01 15:55:24|   0.4|  0.0|INFORM|CSV reader: Directive '_DATA_START_LINE' has the value '2'
2017-11-01 15:55:24|   0.4|  0.0|INFORM|CSV reader: Directive '_SCAN_MAX_ROWS' has the value '1000'
2017-11-01 15:55:24|   0.4|  0.0|INFORM|CSV reader: Directive '_READ_SKIPPED_LINES' has the value 'No'
2017-11-01 15:55:24|   0.4|  0.0|INFORM|CSV reader: Directive '_SKIP_DUPLICATE_DELIMITERS' has the value 'No'
2017-11-01 15:55:24|   0.4|  0.0|INFORM|CSV reader: Directive '_FIELD_QUALIFIER_CHARACTER' has the value '"'
2017-11-01 15:55:24|   0.4|  0.0|INFORM|CSV reader: Directive '_FIELD_QUALIFIER_ESCAPE_CHARACTER' has the value '"'
2017-11-01 15:55:24|   0.4|  0.0|INFORM|CSV reader: Directive '_TRIM_FIELD_NAME_QUALIFIERS' has the value 'Yes'
2017-11-01 15:55:24|   0.4|  0.0|INFORM|CSV reader: Directive '_TRIM_FIELD_VALUE_QUALIFIERS' has the value 'Yes'
2017-11-01 15:55:24|   0.4|  0.0|INFORM|CSV reader: Directive '_PRESERVE_SOURCE_ENCODING' has the value 'No'
2017-11-01 15:55:24|   0.4|  0.0|INFORM|CSV reader: Directive '_CASE_SENSITIVE_FIELD_NAMES' has the value 'Yes'
2017-11-01 15:55:24|   0.4|  0.0|INFORM|CSV reader: Directive '_ENFORCE_STRICT_SCHEMA' has the value 'No'
2017-11-01 15:55:24|   0.4|  0.0|INFORM|CSV reader: Directive '_SCAN_TYPES' has the value 'No'
2017-11-01 15:55:24|   0.4|  0.0|INFORM|CSV reader: Directive '_SCAN_ADDITIONAL_FIELDS' has the value 'No'
2017-11-01 15:55:24|   0.4|  0.0|INFORM|Using MultiWriter with keyword `MULTI_WRITER' to output data (ID_ATTRIBUTE is `multi_writer_id')
2017-11-01 15:55:24|   0.4|  0.0|INFORM|Writer output will be ordered by value of multi_writer_id
2017-11-01 15:55:24|   0.4|  0.0|INFORM|Loaded module 'LogCount_func' from file 'C:\Program Files\FME111\plugins/LogCount_func.dll'
2017-11-01 15:55:24|   0.4|  0.0|INFORM|FME API version of module 'LogCount_func' matches current internal version (3.8 20170315)
2017-11-01 15:55:24|   0.4|  0.0|INFORM|Loaded module 'BreakpointFactory' from file 'C:\Program Files\FME111\plugins/BreakpointFactory.dll'
2017-11-01 15:55:24|   0.4|  0.0|INFORM|FME API version of module 'BreakpointFactory' matches current internal version (3.8 20170315)
2017-11-01 15:55:24|   0.4|  0.0|INFORM|Feature Inspection module initialized. Workbench@51641 and FME@59082
2017-11-01 15:55:24|   0.4|  0.0|INFORM|FME API version of module 'BreakpointFactory' matches current internal version (3.8 20170315)
2017-11-01 15:55:24|   0.4|  0.0|INFORM|... Last line repeated 3 times ...
2017-11-01 15:55:24|   0.4|  0.0|INFORM|Loaded module 'JoinFactory' from file 'C:\Program Files\FME111\plugins/JoinFactory.dll'
2017-11-01 15:55:24|   0.4|  0.0|INFORM|FME API version of module 'JoinFactory' matches current internal version (3.8 20170315)
2017-11-01 15:55:24|   0.4|  0.0|INFORM|FME API version of module 'BreakpointFactory' matches current internal version (3.8 20170315)
2017-11-01 15:55:24|   0.4|  0.0|INFORM|... Last line repeated 5 times ...
2017-11-01 15:55:24|   0.4|  0.0|INFORM|Loaded module 'InspectorFactory' from file 'C:\Program Files\FME111\plugins/InspectorFactory.dll'
2017-11-01 15:55:24|   0.4|  0.0|INFORM|FME API version of module 'InspectorFactory' matches current internal version (3.8 20170315)
2017-11-01 15:55:24|   0.4|  0.0|INFORM|FME API version of module 'BreakpointFactory' matches current internal version (3.8 20170315)
2017-11-01 15:55:24|   0.4|  0.0|INFORM|FME API version of module 'BreakpointFactory' matches current internal version (3.8 20170315)
2017-11-01 15:55:24|   0.4|  0.0|INFORM|CSV_CSV2_1 Break Point -1 42(BreakpointFactory): Splitting feature table
2017-11-01 15:55:24|   0.5|  0.1|INFORM|Creating writer for format: FME Feature Store (FFS)
2017-11-01 15:55:24|   0.5|  0.0|INFORM|FME Configuration: No destination coordinate system set
2017-11-01 15:55:24|   0.6|  0.1|INFORM|Creating reader for format: Microsoft Excel
2017-11-01 15:55:24|   0.6|  0.0|INFORM|Trying to find a DYNAMIC plugin for reader named `XLSXR'
2017-11-01 15:55:24|   0.6|  0.0|INFORM|Loaded module 'XLSXR' from file 'C:\Program Files\FME111\plugins/xlsx.dll'
2017-11-01 15:55:24|   0.6|  0.0|INFORM|FME API version of module 'XLSXR' matches current internal version (3.8 20170315)
2017-11-01 15:55:24|   0.6|  0.0|INFORM|Excel Reader: Output cell formulas: 'false'
2017-11-01 15:55:24|   0.6|  0.0|INFORM|Excel Reader: Output cell comments: 'false'
2017-11-01 15:55:24|   0.6|  0.0|INFORM|Excel Reader: Force full datetime values: 'false'
2017-11-01 15:55:24|   0.6|  0.0|INFORM|Excel Reader: Opening dataset 'C:\Users\lsanderson\Documents\SafeProjects\Webinars\BusinessIntelligence\Data\MovieBudget.xlsx'...
2017-11-01 15:55:25|   0.6|  0.0|INFORM|Excel Reader: Reading sheet 'Sheet1'...
2017-11-01 15:55:25|   0.6|  0.0|INFORM|Excel Reader: Sheet 'Sheet1' range: Start Row '2', Start Column 'A', End Row '1001', End Column 'F'
2017-11-01 15:55:25|   0.8|  0.2|INFORM|Excel Reader: Closing dataset 'C:\Users\lsanderson\Documents\SafeProjects\Webinars\BusinessIntelligence\Data\MovieBudget.xlsx'...
2017-11-01 15:55:25|   0.8|  0.0|INFORM|MULTI_READER(MULTI_READER): Done reading 1121 features from 2 readers
2017-11-01 15:55:25|   0.8|  0.0|INFORM|Emptying factory pipeline
2017-11-01 15:55:25|   0.8|  0.0|STATS |Router and Unexpected Input Remover(RoutingFactory): Tested 1121 input feature(s), wrote 1121 output feature(s): 1121 matched merge filters, 1121 were routed to output, 0 could not be routed.
2017-11-01 15:55:25|   0.8|  0.0|STATS |Unexpected Input Remover Nuker(TeeFactory): Cloned 0 input feature(s) into 0 output feature(s)
2017-11-01 15:55:25|   0.8|  0.0|STATS |CSV (CSV2_1) Splitter(TeeFactory): Cloned 121 input feature(s) into 121 output feature(s)
2017-11-01 15:55:25|   0.8|  0.0|STATS |Sheet1 (XLSXR_1) Splitter(TeeFactory): Cloned 1000 input feature(s) into 1000 output feature(s)
2017-11-01 15:55:25|   0.8|  0.0|INFORM|Creating reader for format: Microsoft Excel
2017-11-01 15:55:25|   0.8|  0.0|INFORM|Trying to find a DYNAMIC plugin for reader named `XLSXR'
2017-11-01 15:55:25|   0.8|  0.0|INFORM|FME API version of module 'XLSXR' matches current internal version (3.8 20170315)
2017-11-01 15:55:25|   0.8|  0.0|INFORM|Creating reader for format: Microsoft Excel
2017-11-01 15:55:25|   0.8|  0.0|INFORM|Trying to find a DYNAMIC plugin for reader named `XLSXR'
2017-11-01 15:55:25|   0.8|  0.0|INFORM|FME API version of module 'XLSXR' matches current internal version (3.8 20170315)
2017-11-01 15:55:25|   0.8|  0.0|INFORM|Excel Reader: Output cell formulas: 'false'
2017-11-01 15:55:25|   0.8|  0.0|INFORM|Excel Reader: Output cell comments: 'false'
2017-11-01 15:55:25|   0.8|  0.0|INFORM|Excel Reader: Force full datetime values: 'false'
2017-11-01 15:55:25|   0.8|  0.0|INFORM|Excel Reader: Opening dataset 'C:\Users\lsanderson\Documents\SafeProjects\Webinars\BusinessIntelligence\Data\Interactive_Map_Data.xlsx'...
2017-11-01 15:55:25|   0.9|  0.1|INFORM|Excel Reader: Dataset 'C:\Users\lsanderson\Documents\SafeProjects\Webinars\BusinessIntelligence\Data\Interactive_Map_Data.xlsx' will use the settings from the Reader Settings GUI, as it is the file looked at by the user
2017-11-01 15:55:25|   0.9|  0.0|INFORM|Excel Reader: Reading sheet 'Full Map List'...
2017-11-01 15:55:25|   0.9|  0.0|INFORM|Excel Reader: Sheet 'Full Map List' range: Start Row '4', Start Column 'A', End Row '236', End Column 'V'
2017-11-01 15:55:25|   0.9|  0.0|INFORM|Excel Reader: Closing dataset 'C:\Users\lsanderson\Documents\SafeProjects\Webinars\BusinessIntelligence\Data\Interactive_Map_Data.xlsx'...
2017-11-01 15:55:25|   0.9|  0.0|INFORM|Read 233 records from table DatabaseJoiner:Full Map List
2017-11-01 15:55:25|   0.9|  0.0|INFORM|Created index of 233 records from table DatabaseJoiner:Full Map List on fields: `Film' `Year' 
2017-11-01 15:55:25|   1.0|  0.1|STATS |FeatureMerger(ReferenceFactory): Total Results: 3 Complete Feature(s), 118 Incomplete Feature(s), 2 Referenced Feature(s), 991 Unreferenced Feature(s), 0 Referencer Feature(s) (NO REFERENCES), 0 Referencee Feature(s) (NO Referencee fields defined), and 7 Duplicate Referencee Feature(s)
2017-11-01 15:55:25|   1.0|  0.0|STATS |FeatureMerger_UNMERGED_REQUESTOR Feature Counter -1 2147680297(TeeFactory): Cloned 118 input feature(s) into 0 output feature(s)
2017-11-01 15:55:25|   1.0|  0.0|STATS |FeatureMerger_USED_SUPPLIER Feature Counter -1 2147745833(TeeFactory): Cloned 2 input feature(s) into 0 output feature(s)
2017-11-01 15:55:25|   1.0|  0.0|STATS |FeatureMerger_UNUSED_SUPPLIER Feature Counter -1 2147811369(TeeFactory): Cloned 991 input feature(s) into 0 output feature(s)
2017-11-01 15:55:25|   1.0|  0.0|STATS |FeatureMerger_<REJECTED> Feature Counter -1 2147876905(TeeFactory): Cloned 7 input feature(s) into 0 output feature(s)
2017-11-01 15:55:25|   1.0|  0.0|STATS |DateTimeConverter_1(TeeFactory): Cloned 3 input feature(s) into 3 output feature(s)
2017-11-01 15:55:25|   1.0|  0.0|STATS |DateTimeConverter_2(TestFactory): Tested 3 input feature(s) -- 0 feature(s) passed and 3 feature(s) failed
2017-11-01 15:55:25|   1.0|  0.0|STATS |DateTimeConverter_<REJECTED> Feature Counter -1 2147680264(TeeFactory): Cloned 0 input feature(s) into 0 output feature(s)
2017-11-01 15:55:25|   1.0|  0.0|STATS |SubstringExtractor(TeeFactory): Cloned 3 input feature(s) into 3 output feature(s)
2017-11-01 15:55:25|   1.0|  0.0|STATS |DatabaseJoiner_UNJOINED Feature Counter -1 2147680262(TeeFactory): Cloned 3 input feature(s) into 0 output feature(s)
2017-11-01 15:55:25|   1.0|  0.0|STATS |DatabaseJoiner_<REJECTED> Feature Counter -1 2147745798(TeeFactory): Cloned 0 input feature(s) into 0 output feature(s)
2017-11-01 15:55:25|   1.0|  0.0|STATS |Tester(TestFactory): Tested 0 input feature(s) -- 0 feature(s) passed and 0 feature(s) failed
2017-11-01 15:55:25|   1.0|  0.0|STATS |Tester_FAILED Feature Counter -1 2147680273(TeeFactory): Cloned 0 input feature(s) into 0 output feature(s)
2017-11-01 15:55:25|   1.0|  0.0|STATS |StringReplacer(TeeFactory): Cloned 0 input feature(s) into 0 output feature(s)
2017-11-01 15:55:25|   1.0|  0.0|STATS |StringReplacer_2(TeeFactory): Cloned 0 input feature(s) into 0 output feature(s)
2017-11-01 15:55:25|   1.0|  0.0|STATS |AttributeManager OUTPUT Splitter(TeeFactory): Cloned 0 input feature(s) into 0 output feature(s)
2017-11-01 15:55:25|   1.0|  0.0|INFORM|DateTimeConverter_Output_Recorder(RecorderFactory): Recorded 0 feature(s) to file `C:\Users\LSANDE~1\AppData\Local\Temp\2\MovieBudget_155524\inspector.ffs'
2017-11-01 15:55:25|   1.0|  0.0|STATS |ExpressionEvaluator(TeeFactory): Cloned 0 input feature(s) into 0 output feature(s)
2017-11-01 15:55:25|   1.0|  0.0|STATS |Sorter(SortFactory): Sorted 0 feature(s)
2017-11-01 15:55:25|   1.0|  0.0|STATS |Destination Feature Type Routing Correlator(RoutingFactory): Tested 0 input feature(s), wrote 0 output feature(s): 0 matched merge filters, 0 were routed to output, 0 could not be routed.
2017-11-01 15:55:25|   1.0|  0.0|STATS |Final Output Nuker(TeeFactory): Cloned 0 input feature(s) into 0 output feature(s)
2017-11-01 15:55:25|   1.0|  0.0|STATS |f_41(CreationFactory): Created 1 features
2017-11-01 15:55:25|   1.0|  0.0|STATS |f_42(TeeFactory): Cloned 1 input feature(s) into 0 output feature(s)
2017-11-01 15:55:25|   1.0|  0.0|STATS |Stored 2251 feature(s) to FME feature store file `C:\Users\LSANDE~1\AppData\Local\Temp\2\no-conn-ffs-1509576923993_9948.ffs'
2017-11-01 15:55:25|   1.0|  0.0|INFORM|Saving spatial index into file 'C:\Users\LSANDE~1\AppData\Local\Temp\2\no-conn-ffs-1509576923993_9948.fsi'
2017-11-01 15:55:25|   1.0|  0.0|INFORM|Finished saving spatial index into file 'C:\Users\LSANDE~1\AppData\Local\Temp\2\no-conn-ffs-1509576923993_9948.fsi'
2017-11-01 15:55:25|   1.0|  0.0|INFORM|=-=-=-=-=-=-=-=-=-=-=-=-=-=-=-=-=-=-=-=-=-=-=-=-=-=-=-=-=-=-=-=-=-=-=-=-=-=-=-
2017-11-01 15:55:25|   1.0|  0.0|INFORM|Feature output statistics for `FFS' writer using keyword `W_1':
2017-11-01 15:55:25|   1.0|  0.0|STATS |=-=-=-=-=-=-=-=-=-=-=-=-=-=-=-=-=-=-=-=-=-=-=-=-=-=-=-=-=-=-=-=-=-=-=-=-=-=-=-
2017-11-01 15:55:25|   1.0|  0.0|STATS |                               Features Written
2017-11-01 15:55:25|   1.0|  0.0|STATS |=-=-=-=-=-=-=-=-=-=-=-=-=-=-=-=-=-=-=-=-=-=-=-=-=-=-=-=-=-=-=-=-=-=-=-=-=-=-=-
2017-11-01 15:55:25|   1.0|  0.0|STATS |CSV_CSV2_1                                                                 121
2017-11-01 15:55:25|   1.0|  0.0|STATS |DatabaseJoiner_UNJOINED                                                      3
2017-11-01 15:55:25|   1.0|  0.0|STATS |DateTimeConverter_OUTPUT                                                     3
2017-11-01 15:55:25|   1.0|  0.0|STATS |FeatureMerger_<REJECTED>                                                     7
2017-11-01 15:55:25|   1.0|  0.0|STATS |FeatureMerger_MERGED                                                         3
2017-11-01 15:55:25|   1.0|  0.0|STATS |FeatureMerger_UNMERGED_REQUESTOR                                           118
2017-11-01 15:55:25|   1.0|  0.0|STATS |FeatureMerger_UNUSED_SUPPLIER                                              991
2017-11-01 15:55:25|   1.0|  0.0|STATS |FeatureMerger_USED_SUPPLIER                                                  2
2017-11-01 15:55:25|   1.0|  0.0|STATS |Sheet1_XLSXR_1                                                            1000
2017-11-01 15:55:25|   1.0|  0.0|STATS |SubstringExtractor_OUTPUT                                                    3
2017-11-01 15:55:25|   1.0|  0.0|STATS |==============================================================================
2017-11-01 15:55:25|   1.0|  0.0|STATS |Total Features Written                                                    2251
2017-11-01 15:55:25|   1.0|  0.0|STATS |=-=-=-=-=-=-=-=-=-=-=-=-=-=-=-=-=-=-=-=-=-=-=-=-=-=-=-=-=-=-=-=-=-=-=-=-=-=-=-
2017-11-01 15:55:25|   1.0|  0.0|STATS |=-=-=-=-=-=-=-=-=-=-=-=-=-=-=-=-=-=-=-=-=-=-=-=-=-=-=-=-=-=-=-=-=-=-=-=-=-=-=-
2017-11-01 15:55:25|   1.0|  0.0|STATS |                            Features Read Summary
2017-11-01 15:55:25|   1.0|  0.0|STATS |=-=-=-=-=-=-=-=-=-=-=-=-=-=-=-=-=-=-=-=-=-=-=-=-=-=-=-=-=-=-=-=-=-=-=-=-=-=-=-
2017-11-01 15:55:25|   1.0|  0.0|STATS |CSV                                                                        121
2017-11-01 15:55:25|   1.0|  0.0|STATS |Sheet1                                                                    1000
2017-11-01 15:55:25|   1.0|  0.0|STATS |==============================================================================
2017-11-01 15:55:25|   1.0|  0.0|STATS |Total Features Read                                                       1121
2017-11-01 15:55:25|   1.0|  0.0|STATS |=-=-=-=-=-=-=-=-=-=-=-=-=-=-=-=-=-=-=-=-=-=-=-=-=-=-=-=-=-=-=-=-=-=-=-=-=-=-=-
2017-11-01 15:55:25|   1.0|  0.0|STATS |=-=-=-=-=-=-=-=-=-=-=-=-=-=-=-=-=-=-=-=-=-=-=-=-=-=-=-=-=-=-=-=-=-=-=-=-=-=-=-
2017-11-01 15:55:25|   1.0|  0.0|STATS |                           Features Written Summary
2017-11-01 15:55:25|   1.0|  0.0|STATS |=-=-=-=-=-=-=-=-=-=-=-=-=-=-=-=-=-=-=-=-=-=-=-=-=-=-=-=-=-=-=-=-=-=-=-=-=-=-=-
2017-11-01 15:55:25|   1.0|  0.0|STATS |==============================================================================
2017-11-01 15:55:25|   1.0|  0.0|STATS |Total Features Written                                                       0
2017-11-01 15:55:25|   1.0|  0.0|STATS |=-=-=-=-=-=-=-=-=-=-=-=-=-=-=-=-=-=-=-=-=-=-=-=-=-=-=-=-=-=-=-=-=-=-=-=-=-=-=-
2017-11-01 15:55:25|   1.0|  0.0|WARN  |-~-~-~-~-~-~-~-~-~-~-~-~-~-~-~-~-~-~-~-~-~-~-~-~-~-~-~-~-~-~-~-~-~-~-~-~-~-~-~-~-
2017-11-01 15:55:25|   1.0|  0.0|WARN  |-~                                                                             ~-
2017-11-01 15:55:25|   1.0|  0.0|WARN  |-~       Features have been recorded at every stage of the translation.        ~-
2017-11-01 15:55:25|   1.0|  0.0|WARN  |-~                      To inspect the recorded features,                      ~-
2017-11-01 15:55:25|   1.0|  0.0|WARN  |-~      double-click the feature count numbers on connections and ports.       ~-
2017-11-01 15:55:25|   1.0|  0.0|WARN  |-~                                                                             ~-
2017-11-01 15:55:25|   1.0|  0.0|WARN  |-~-~-~-~-~-~-~-~-~-~-~-~-~-~-~-~-~-~-~-~-~-~-~-~-~-~-~-~-~-~-~-~-~-~-~-~-~-~-~-~-
2017-11-01 15:55:25|   1.0|  0.0|INFORM|Translation was SUCCESSFUL with 7 warning(s) (0 feature(s) output)
2017-11-01 15:55:25|   1.0|  0.0|INFORM|FME Session Duration: 1.2 seconds. (CPU: 0.7s user, 0.2s system)
2017-11-01 15:55:25|   1.0|  0.0|INFORM|END - ProcessID: 13920, peak process memory usage: 61284 kB, current process memory usage: 55188 kB
