2017-09-29 16:41:56|   0.1|  0.1|INFORM|FME 2017.1.0.0 (20170731 - Build 17539 - WIN64)
2017-09-29 16:41:56|   0.1|  0.0|INFORM|FME_HOME is 'C:\Program Files\FME\'
2017-09-29 16:41:56|   0.1|  0.0|INFORM|FME Smallworld Edition (node locked-crc)
2017-09-29 16:41:56|   0.1|  0.0|INFORM|Serial Number: 12345
2017-09-29 16:41:56|   0.1|  0.0|INFORM|Permanent License.
2017-09-29 16:41:56|   0.1|  0.0|INFORM|Machine host name is: kc-ls-windows1
2017-09-29 16:41:56|   0.1|  0.0|INFORM|START - ProcessID: 9608, peak process memory usage: 30644 kB, current process memory usage: 30540 kB
2017-09-29 16:41:56|   0.1|  0.0|INFORM|FME Configuration: Command line arguments are `C:\Program Files\FME\fme.exe' `C:/Users/lsanderson/Documents/SafeProjects/DataUpload\wb-xlate-1506728506232_8036' `LOG_STANDARDOUT' `YES' `LogCountServerName' `{e4c38e14-f804-4d55-9e74-2604bc7300dc}' `DEBUG_PORT' `58186'
2017-09-29 16:41:57|   0.2|  0.1|INFORM|Shared folders for formats are : C:\Program Files\FME\datasources;C:\Users\lsanderson\Documents\FME\Plugins\R\Formats;C:\Users\lsanderson\AppData\Roaming\Safe Software\FME\FME Store\Formats;C:\Users\lsanderson\Documents\FME\Formats
2017-09-29 16:41:57|   0.2|  0.0|INFORM|Shared folders for transformers are : C:\Program Files\FME\transformers;C:\Users\lsanderson\Documents\FME\Plugins\R\Transformers;C:\Users\lsanderson\Documents\FME\Transformers;C:\Users\lsanderson\AppData\Roaming\Safe Software\FME\FME Store\Transformers
2017-09-29 16:41:57|   0.2|  0.0|INFORM|Shared folders for coordinate systems are : C:\Users\lsanderson\Documents\FME\Plugins\R\CoordinateSystems;C:\Users\lsanderson\Documents\FME\CoordinateSystems
2017-09-29 16:41:57|   0.2|  0.0|INFORM|Shared folders for coordinate system exceptions are : C:\Users\lsanderson\Documents\FME\Plugins\R\CoordinateSystemExceptions;C:\Users\lsanderson\Documents\FME\CoordinateSystemExceptions
2017-09-29 16:41:57|   0.2|  0.0|INFORM|Shared folders for coordinate system grid overrides are : C:\Users\lsanderson\Documents\FME\Plugins\R\CoordinateSystemGridOverrides;C:\Users\lsanderson\Documents\FME\CoordinateSystemGridOverrides
2017-09-29 16:41:57|   0.2|  0.0|INFORM|Shared folders for CS-MAP transformation exceptions are : C:\Users\lsanderson\Documents\FME\Plugins\R\CsmapTransformationExceptions;C:\Users\lsanderson\Documents\FME\CsmapTransformationExceptions
2017-09-29 16:41:57|   0.2|  0.0|INFORM|Shared folders for transformer categories are : C:\Users\lsanderson\Documents\FME\Plugins\R\TransformerCategories;C:\Users\lsanderson\Documents\FME\TransformerCategories
2017-09-29 16:41:57|   0.2|  0.0|INFORM|Mapping File Identifier is: 1_CheckFieldStatus
2017-09-29 16:41:57|   0.2|  0.0|INFORM|FME Configuration: Reader Keyword is `MULTI_READER'
2017-09-29 16:41:57|   0.2|  0.0|INFORM|FME Configuration: Writer Keyword is `MULTI_WRITER'
2017-09-29 16:41:57|   0.2|  0.0|INFORM|FME Configuration: Writer Group Definition Keyword is `MULTI_WRITER_DEF'
2017-09-29 16:41:57|   0.2|  0.0|INFORM|FME Configuration: Reader type is `MULTI_READER'
2017-09-29 16:41:57|   0.2|  0.0|INFORM|FME Configuration: Writer type is `MULTI_WRITER'
2017-09-29 16:41:57|   0.2|  0.0|INFORM|FME Configuration: No destination coordinate system set
2017-09-29 16:41:57|   0.2|  0.0|INFORM|FME Configuration: Current working folder is `C:\Users\lsanderson\Documents\SafeProjects\DataUpload'
2017-09-29 16:41:57|   0.2|  0.0|INFORM|FME Configuration: Temporary folder is `C:\Users\LSANDE~1\AppData\Local\Temp\2', set from environment variable `TEMP'
2017-09-29 16:41:57|   0.2|  0.0|INFORM|FME Configuration: FME_HOME is `C:\Program Files\FME\'
2017-09-29 16:41:57|   0.2|  0.0|INFORM|FME Configuration: FME_BASE is 'no'
2017-09-29 16:41:57|   0.2|  0.0|INFORM|FME Configuration: FME_MF_DIR is 'C:\Users\lsanderson\Documents\SafeProjects\DataUpload/'
2017-09-29 16:41:57|   0.2|  0.0|INFORM|FME Configuration: FME_MF_NAME is 'CheckFieldStatus17.fmw'
2017-09-29 16:41:57|   0.2|  0.0|INFORM|FME Configuration: FME_PRODUCT_NAME is 'FME(R) 2017.1.0.0'
2017-09-29 16:41:57|   0.2|  0.0|INFORM|System Status: 117.40 GB of disk space available in the FME temporary folder (C:\Users\LSANDE~1\AppData\Local\Temp\2)
2017-09-29 16:41:57|   0.2|  0.0|INFORM|System Status: 128.00 TB of virtual memory available
2017-09-29 16:41:57|   0.2|  0.0|INFORM|Operating System: Microsoft Windows Server 10 Server 4.0 64-bit  (Build 14393)
2017-09-29 16:41:57|   0.2|  0.0|INFORM|FME Platform: WIN64
2017-09-29 16:41:57|   0.2|  0.0|INFORM|Locale: en_US
2017-09-29 16:41:57|   0.2|  0.0|INFORM|Code Page: 1252  (ANSI - Latin I)
2017-09-29 16:41:57|   0.2|  0.0|INFORM|FME Configuration: Process limit is 4.00 GB of physical memory
2017-09-29 16:41:57|   0.2|  0.0|INFORM|FME Configuration: Start freeing memory when process usage exceeds 12.00 GB of virtual memory
2017-09-29 16:41:57|   0.2|  0.0|INFORM|FME Configuration: Stop freeing memory when process usage is below 9.00 GB of virtual memory
2017-09-29 16:41:57|   0.3|  0.1|INFORM|Creating writer for format: 
2017-09-29 16:41:57|   0.3|  0.0|INFORM|Creating reader for format: 
2017-09-29 16:41:57|   0.3|  0.0|INFORM|MULTI_READER(MULTI_READER): Will fail with first member reader failure
2017-09-29 16:41:57|   0.3|  0.0|INFORM|MULTI_READER(MULTI_READER): Adding MITAB Reader with keyword MITAB_2
2017-09-29 16:41:57|   0.3|  0.0|INFORM|MULTI_READER(MULTI_READER): Adding CSV2 Reader with keyword CSV2_1
2017-09-29 16:41:57|   0.3|  0.0|INFORM|Using Multi Reader with keyword `MULTI_READER' to read multiple datasets
2017-09-29 16:41:57|   0.4|  0.1|INFORM|Creating reader for format: MapInfo TAB (MITAB)
2017-09-29 16:41:57|   0.4|  0.0|INFORM|Trying to find a DYNAMIC plugin for reader named `MITAB'
2017-09-29 16:41:57|   0.5|  0.0|INFORM|Loaded module 'MITAB' from file 'C:\Program Files\FME\plugins/mitab_fme.dll'
2017-09-29 16:41:57|   0.5|  0.0|INFORM|FME API version of module 'MITAB' matches current internal version (3.8 20170315)
2017-09-29 16:41:57|   0.5|  0.0|INFORM|Using MapInfo (MITAB) Native Reader to open dataset `C:\Users\lsanderson\Documents\SafeProjects\DataUpload\CheckFieldStatus17\1\Data\'
2017-09-29 16:41:57|   0.5|  0.0|INFORM|Using MultiWriter with keyword `MULTI_WRITER' to output data (ID_ATTRIBUTE is `multi_writer_id')
2017-09-29 16:41:57|   0.5|  0.0|INFORM|Writer output will be ordered by value of multi_writer_id
2017-09-29 16:41:57|   0.5|  0.0|INFORM|Loaded module 'LogCount_func' from file 'C:\Program Files\FME\plugins/LogCount_func.dll'
2017-09-29 16:41:57|   0.5|  0.0|INFORM|FME API version of module 'LogCount_func' matches current internal version (3.8 20170315)
2017-09-29 16:41:57|   0.5|  0.0|INFORM|Loaded module 'BreakpointFactory' from file 'C:\Program Files\FME\plugins/BreakpointFactory.dll'
2017-09-29 16:41:58|   0.5|  0.0|INFORM|FME API version of module 'BreakpointFactory' matches current internal version (3.8 20170315)
2017-09-29 16:41:58|   0.5|  0.0|INFORM|Feature Inspection module initialized. Workbench@58186 and FME@58188
2017-09-29 16:41:58|   0.5|  0.0|INFORM|FME API version of module 'BreakpointFactory' matches current internal version (3.8 20170315)
2017-09-29 16:41:58|   0.5|  0.0|INFORM|... Last line repeated 7 times ...
2017-09-29 16:41:58|   0.5|  0.0|INFORM|Set encoding 'fme-system' from input feature
2017-09-29 16:41:58|   0.5|  0.0|INFORM|Opened native MapInfo file `C:\Users\lsanderson\Documents\SafeProjects\DataUpload\CheckFieldStatus17\1\Data\\Parks.tab'
2017-09-29 16:41:58|   0.8|  0.3|INFORM|The OGC definition of the FME coordinate system 'UTM83-10' is 'Earth Projection 8, 74, "m", -123, 0, 0.9996, 500000, 0'
2017-09-29 16:41:58|   0.8|  0.0|INFORM|MITAB_2 Reader: Creating Enhanced Geometry
2017-09-29 16:41:58|   0.8|  0.0|INFORM|MITAB_2 Reader: Preserving degenerate geometry types
2017-09-29 16:41:58|   0.8|  0.0|INFORM|FME Configuration: Source coordinate system for reader MITAB_2[MITAB] set to `UTM83-10' as read from input data
2017-09-29 16:41:58|   0.8|  0.0|INFORM|Coordinate System `UTM83-10' parameters: CS_NAME=`UTM83-10' DESC_NM=`UTM with NAD83 datum, Zone 10, Meter; Central Meridian 123d W' DT_NAME=`NAD83' GROUP=`UTM83' MAP_SCL=`1' MAX_LAT=`86.93333333333334' MAX_LNG=`-119.25' MIN_LAT=`25.416666666666668' MIN_LNG=`-126.75' PARM1=`-123' PROJ=`TM' QUAD=`1' SCL_RED=`0.9996' SOURCE=`Snyder, J.P, 1987, Map Projections - A Working Manual' UNIT=`METER' X_OFF=`500000.0' Y_OFF=`0.0' 
2017-09-29 16:41:58|   0.8|  0.0|INFORM|Closing native MapInfo reader
2017-09-29 16:41:58|   0.9|  0.1|INFORM|Creating reader for format: CSV (Comma Separated Value)
2017-09-29 16:41:58|   0.9|  0.0|INFORM|Trying to find a DYNAMIC plugin for reader named `CSV2'
2017-09-29 16:41:58|   0.9|  0.0|INFORM|Loaded module 'CSV2' from file 'C:\Program Files\FME\plugins/CSV2.dll'
2017-09-29 16:41:58|   0.9|  0.0|INFORM|FME API version of module 'CSV2' matches current internal version (3.8 20170315)
2017-09-29 16:41:58|   0.9|  0.0|INFORM|CSV reader: Opening dataset 'C:\Users\lsanderson\Documents\SafeProjects\DataUpload\OldData\10574-weekendplayfieldstatus.csv'
2017-09-29 16:41:58|   0.9|  0.0|INFORM|CSV reader: Directive '_DELIMITER' has the value ','
2017-09-29 16:41:58|   0.9|  0.0|INFORM|CSV reader: Directive '_FIELD_NAMES_LINE' has the value '1'
2017-09-29 16:41:58|   0.9|  0.0|INFORM|CSV reader: Directive '_DATA_START_LINE' has the value '2'
2017-09-29 16:41:58|   0.9|  0.0|INFORM|CSV reader: Directive '_SCAN_MAX_ROWS' has the value '1000'
2017-09-29 16:41:58|   0.9|  0.0|INFORM|CSV reader: Directive '_READ_SKIPPED_LINES' has the value 'No'
2017-09-29 16:41:58|   1.0|  0.0|INFORM|CSV reader: Directive '_SKIP_DUPLICATE_DELIMITERS' has the value 'No'
2017-09-29 16:41:58|   1.0|  0.0|INFORM|CSV reader: Directive '_FIELD_QUALIFIER_CHARACTER' has the value '"'
2017-09-29 16:41:58|   1.0|  0.0|INFORM|CSV reader: Directive '_FIELD_QUALIFIER_ESCAPE_CHARACTER' has the value '"'
2017-09-29 16:41:58|   1.0|  0.0|INFORM|CSV reader: Directive '_TRIM_FIELD_NAME_QUALIFIERS' has the value 'Yes'
2017-09-29 16:41:58|   1.0|  0.0|INFORM|CSV reader: Directive '_TRIM_FIELD_VALUE_QUALIFIERS' has the value 'Yes'
2017-09-29 16:41:58|   1.0|  0.0|INFORM|CSV reader: Directive '_PRESERVE_SOURCE_ENCODING' has the value 'No'
2017-09-29 16:41:58|   1.0|  0.0|INFORM|CSV reader: Directive '_CASE_SENSITIVE_FIELD_NAMES' has the value 'Yes'
2017-09-29 16:41:58|   1.0|  0.0|INFORM|CSV reader: Directive '_ENFORCE_STRICT_SCHEMA' has the value 'No'
2017-09-29 16:41:58|   1.0|  0.0|INFORM|CSV reader: Directive '_SCAN_TYPES' has the value 'No'
2017-09-29 16:41:58|   1.0|  0.0|INFORM|CSV reader: Directive '_SCAN_ADDITIONAL_FIELDS' has the value 'No'
2017-09-29 16:41:58|   1.0|  0.0|INFORM|CSV_CSV2_1 Break Point -1 34(BreakpointFactory): Splitting feature table
2017-09-29 16:41:58|   1.0|  0.0|INFORM|Creating writer for format: FME Feature Store (FFS)
2017-09-29 16:41:58|   1.0|  0.0|INFORM|FME Configuration: No destination coordinate system set
2017-09-29 16:41:58|   1.1|  0.1|INFORM|MULTI_READER(MULTI_READER): Done reading 234 features from 2 readers
2017-09-29 16:41:58|   1.1|  0.0|INFORM|Emptying factory pipeline
2017-09-29 16:41:58|   1.1|  0.0|STATS |Router and Unexpected Input Remover(RoutingFactory): Tested 234 input feature(s), wrote 234 output feature(s): 234 matched merge filters, 234 were routed to output, 0 could not be routed.
2017-09-29 16:41:59|   1.1|  0.0|STATS |Unexpected Input Remover Nuker(TeeFactory): Cloned 0 input feature(s) into 0 output feature(s)
2017-09-29 16:41:59|   1.1|  0.0|STATS |CSV (CSV2_1) Splitter(TeeFactory): Cloned 154 input feature(s) into 154 output feature(s)
2017-09-29 16:41:59|   1.1|  0.0|STATS |Parks (MITAB_2) Splitter(TeeFactory): Cloned 80 input feature(s) into 80 output feature(s)
2017-09-29 16:41:59|   1.2|  0.1|INFORM|Creating writer for format: Google KML
2017-09-29 16:41:59|   1.3|  0.0|INFORM|Trying to find a DYNAMIC plugin for writer named `OGCKML'
2017-09-29 16:41:59|   1.3|  0.1|INFORM|Loaded module 'OGCKML' from file 'C:\Program Files\FME\plugins/KML21.dll'
2017-09-29 16:41:59|   1.3|  0.0|INFORM|FME API version of module 'OGCKML' matches current internal version (3.8 20170315)
2017-09-29 16:41:59|   1.3|  0.0|INFORM|FME Configuration: No destination coordinate system set
2017-09-29 16:41:59|   1.3|  0.0|INFORM|FME API version of module 'OGCKML' matches current internal version (3.8 20170315)
2017-09-29 16:41:59|   1.3|  0.0|INFORM|Writer `OGCKML_2' of type `OGCKML' using group definition keyword `OGCKML_2_DEF'
2017-09-29 16:41:59|   1.4|  0.0|INFORM|FME API version of module 'OGCKML' matches current internal version (3.8 20170315)
2017-09-29 16:41:59|   1.4|  0.0|INFORM|KML: Initializing KML21 preferences...
2017-09-29 16:41:59|   1.4|  0.0|INFORM|KML: Initializing dataset `C:\temp\Data Upload Tutorial\Output\FieldStatus.kml'...
2017-09-29 16:41:59|   1.4|  0.0|STATS |FeatureMerger(ReferenceFactory): Total Results: 11 Complete Feature(s), 69 Incomplete Feature(s), 0 Referenced Feature(s), 0 Unreferenced Feature(s), 0 Referencer Feature(s) (NO REFERENCES), 0 Referencee Feature(s) (NO Referencee fields defined), and 70 Duplicate Referencee Feature(s)
2017-09-29 16:41:59|   1.4|  0.0|STATS |FeatureMerger_<REJECTED> Feature Counter -1 2148204576(TeeFactory): Cloned 70 input feature(s) into 0 output feature(s)
2017-09-29 16:41:59|   1.4|  0.0|STATS |KMLStyler_2(TeeFactory): Cloned 69 input feature(s) into 69 output feature(s)
2017-09-29 16:41:59|   1.4|  0.0|STATS |KMLStyler(TeeFactory): Cloned 11 input feature(s) into 11 output feature(s)
2017-09-29 16:41:59|   1.4|  0.0|STATS |NullAttributeMapper(TeeFactory): Cloned 80 input feature(s) into 80 output feature(s)
2017-09-29 16:41:59|   1.4|  0.0|STATS |KMLPropertySetter(TeeFactory): Cloned 80 input feature(s) into 80 output feature(s)
2017-09-29 16:41:59|   1.4|  0.0|STATS |Destination Feature Type Routing Correlator(RoutingFactory): Tested 80 input feature(s), wrote 80 output feature(s): 0 matched merge filters, 80 were routed to output, 0 could not be routed.
2017-09-29 16:41:59|   1.4|  0.0|STATS |Final Output Nuker(TeeFactory): Cloned 0 input feature(s) into 0 output feature(s)
2017-09-29 16:41:59|   1.4|  0.0|STATS |Stored 70 feature(s) to FME feature store file `C:\Users\LSANDE~1\AppData\Local\Temp\2\no-conn-ffs-1506728516558_8036.ffs'
2017-09-29 16:41:59|   1.4|  0.0|INFORM|Saving spatial index into file 'C:\Users\LSANDE~1\AppData\Local\Temp\2\no-conn-ffs-1506728516558_8036.fsi'
2017-09-29 16:41:59|   1.4|  0.0|INFORM|Finished saving spatial index into file 'C:\Users\LSANDE~1\AppData\Local\Temp\2\no-conn-ffs-1506728516558_8036.fsi'
2017-09-29 16:41:59|   1.4|  0.0|INFORM|=-=-=-=-=-=-=-=-=-=-=-=-=-=-=-=-=-=-=-=-=-=-=-=-=-=-=-=-=-=-=-=-=-=-=-=-=-=-=-
2017-09-29 16:41:59|   1.4|  0.0|INFORM|Feature output statistics for `FFS' writer using keyword `W_1':
2017-09-29 16:41:59|   1.4|  0.0|STATS |=-=-=-=-=-=-=-=-=-=-=-=-=-=-=-=-=-=-=-=-=-=-=-=-=-=-=-=-=-=-=-=-=-=-=-=-=-=-=-
2017-09-29 16:41:59|   1.4|  0.0|STATS |                               Features Written
2017-09-29 16:41:59|   1.4|  0.0|STATS |=-=-=-=-=-=-=-=-=-=-=-=-=-=-=-=-=-=-=-=-=-=-=-=-=-=-=-=-=-=-=-=-=-=-=-=-=-=-=-
2017-09-29 16:41:59|   1.4|  0.0|STATS |FeatureMerger_<REJECTED>                                                    70
2017-09-29 16:41:59|   1.4|  0.0|STATS |==============================================================================
2017-09-29 16:41:59|   1.4|  0.0|STATS |Total Features Written                                                      70
2017-09-29 16:41:59|   1.4|  0.0|STATS |=-=-=-=-=-=-=-=-=-=-=-=-=-=-=-=-=-=-=-=-=-=-=-=-=-=-=-=-=-=-=-=-=-=-=-=-=-=-=-
2017-09-29 16:41:59|   1.4|  0.0|INFORM|KML: Writing dataset to filesystem...
2017-09-29 16:41:59|   1.4|  0.0|INFORM|FME Configuration: Using FME Reprojection Engine
2017-09-29 16:41:59|   1.4|  0.0|INFORM|CS-MAP Reprojector: Transformation will be automatically selected for 'UTM83-10' -> 'LL-WGS84', and is not guaranteed to remain the same in future releases of FME
2017-09-29 16:41:59|   1.4|  0.0|INFORM|Reprojector: Using transformation `NAD83_to_WGS84,Forward(Null,EPSG:1188)' when reprojecting from UTM83-10 to LL-WGS84
2017-09-29 16:41:59|   1.5|  0.0|INFORM|KML: Finished writing dataset to filesystem
2017-09-29 16:41:59|   1.5|  0.0|INFORM|=-=-=-=-=-=-=-=-=-=-=-=-=-=-=-=-=-=-=-=-=-=-=-=-=-=-=-=-=-=-=-=-=-=-=-=-=-=-=-
2017-09-29 16:41:59|   1.5|  0.0|INFORM|Feature output statistics for `OGCKML' writer using keyword `OGCKML_2':
2017-09-29 16:41:59|   1.5|  0.0|STATS |=-=-=-=-=-=-=-=-=-=-=-=-=-=-=-=-=-=-=-=-=-=-=-=-=-=-=-=-=-=-=-=-=-=-=-=-=-=-=-
2017-09-29 16:41:59|   1.5|  0.0|STATS |                               Features Written
2017-09-29 16:41:59|   1.5|  0.0|STATS |=-=-=-=-=-=-=-=-=-=-=-=-=-=-=-=-=-=-=-=-=-=-=-=-=-=-=-=-=-=-=-=-=-=-=-=-=-=-=-
2017-09-29 16:41:59|   1.5|  0.0|STATS |FieldStatus                                                                 80
2017-09-29 16:41:59|   1.5|  0.0|STATS |==============================================================================
2017-09-29 16:41:59|   1.5|  0.0|STATS |Total Features Written                                                      80
2017-09-29 16:41:59|   1.5|  0.0|STATS |=-=-=-=-=-=-=-=-=-=-=-=-=-=-=-=-=-=-=-=-=-=-=-=-=-=-=-=-=-=-=-=-=-=-=-=-=-=-=-
2017-09-29 16:41:59|   1.5|  0.0|STATS |=-=-=-=-=-=-=-=-=-=-=-=-=-=-=-=-=-=-=-=-=-=-=-=-=-=-=-=-=-=-=-=-=-=-=-=-=-=-=-
2017-09-29 16:41:59|   1.5|  0.0|STATS |                            Features Read Summary
2017-09-29 16:41:59|   1.5|  0.0|STATS |=-=-=-=-=-=-=-=-=-=-=-=-=-=-=-=-=-=-=-=-=-=-=-=-=-=-=-=-=-=-=-=-=-=-=-=-=-=-=-
2017-09-29 16:41:59|   1.5|  0.0|STATS |CSV                                                                        154
2017-09-29 16:41:59|   1.5|  0.0|STATS |Parks                                                                       80
2017-09-29 16:41:59|   1.5|  0.0|STATS |==============================================================================
2017-09-29 16:41:59|   1.5|  0.0|STATS |Total Features Read                                                        234
2017-09-29 16:41:59|   1.5|  0.0|STATS |=-=-=-=-=-=-=-=-=-=-=-=-=-=-=-=-=-=-=-=-=-=-=-=-=-=-=-=-=-=-=-=-=-=-=-=-=-=-=-
2017-09-29 16:41:59|   1.5|  0.0|STATS |=-=-=-=-=-=-=-=-=-=-=-=-=-=-=-=-=-=-=-=-=-=-=-=-=-=-=-=-=-=-=-=-=-=-=-=-=-=-=-
2017-09-29 16:41:59|   1.5|  0.0|STATS |                           Features Written Summary
2017-09-29 16:41:59|   1.5|  0.0|STATS |=-=-=-=-=-=-=-=-=-=-=-=-=-=-=-=-=-=-=-=-=-=-=-=-=-=-=-=-=-=-=-=-=-=-=-=-=-=-=-
2017-09-29 16:41:59|   1.5|  0.0|STATS |FieldStatus                                                                 80
2017-09-29 16:41:59|   1.5|  0.0|STATS |==============================================================================
2017-09-29 16:41:59|   1.5|  0.0|STATS |Total Features Written                                                      80
2017-09-29 16:41:59|   1.5|  0.0|STATS |=-=-=-=-=-=-=-=-=-=-=-=-=-=-=-=-=-=-=-=-=-=-=-=-=-=-=-=-=-=-=-=-=-=-=-=-=-=-=-
2017-09-29 16:41:59|   1.5|  0.0|INFORM|Translation was SUCCESSFUL with 0 warning(s) (80 feature(s) output)
2017-09-29 16:41:59|   1.5|  0.0|INFORM|FME Session Duration: 2.9 seconds. (CPU: 0.9s user, 0.5s system)
2017-09-29 16:41:59|   1.5|  0.0|INFORM|END - ProcessID: 9608, peak process memory usage: 105216 kB, current process memory usage: 95840 kB
