2017-11-07 10:48:07|   0.2|  0.2|INFORM|FME 2017.1.1.1 (20171014 - Build 17652 - WIN32)
2017-11-07 10:48:07|   0.2|  0.0|INFORM|FME_HOME is 'C:\apps\FME(32bit)\'
2017-11-07 10:48:07|   0.2|  0.0|INFORM|FME Smallworld Edition (node locked-crc)
2017-11-07 10:48:07|   0.2|  0.0|INFORM|Serial Number: 12345
2017-11-07 10:48:07|   0.2|  0.0|INFORM|Permanent License.
2017-11-07 10:48:07|   0.2|  0.0|INFORM|Machine host name is: kc-ls-windows1
2017-11-07 10:48:07|   0.2|  0.0|INFORM|START - ProcessID: 9512, peak process memory usage: 31420 kB, current process memory usage: 31332 kB
2017-11-07 10:48:07|   0.2|  0.0|INFORM|FME Configuration: Command line arguments are `C:\apps\FME(32bit)\fme.exe' `C:/Users/lsanderson/Documents/SafeProjects/GettingStarted-CSV/3-FromCSV_Data\wb-xlate-1510080486705_7284' `LOG_STANDARDOUT' `YES' `LogCountServerName' `{9f245c73-6ff4-48c4-ab85-44d37c2bd303}' `DEBUG_PORT' `50138'
2017-11-07 10:48:07|   0.2|  0.1|INFORM|Shared folders for formats are : C:\apps\FME(32bit)\datasources;C:\Users\lsanderson\Documents\FME\Plugins\R\Formats;C:\Users\lsanderson\AppData\Roaming\Safe Software\FME\FME Store\Formats;C:\Users\lsanderson\Documents\FME\Formats
2017-11-07 10:48:07|   0.2|  0.0|INFORM|Shared folders for transformers are : C:\apps\FME(32bit)\transformers;C:\Users\lsanderson\Documents\FME\Plugins\R\Transformers;C:\Users\lsanderson\Documents\FME\Transformers;C:\Users\lsanderson\AppData\Roaming\Safe Software\FME\FME Store\Transformers
2017-11-07 10:48:07|   0.2|  0.0|INFORM|Shared folders for coordinate systems are : C:\Users\lsanderson\Documents\FME\Plugins\R\CoordinateSystems;C:\Users\lsanderson\Documents\FME\CoordinateSystems
2017-11-07 10:48:07|   0.2|  0.0|INFORM|Shared folders for coordinate system exceptions are : C:\Users\lsanderson\Documents\FME\Plugins\R\CoordinateSystemExceptions;C:\Users\lsanderson\Documents\FME\CoordinateSystemExceptions
2017-11-07 10:48:07|   0.2|  0.0|INFORM|Shared folders for coordinate system grid overrides are : C:\Users\lsanderson\Documents\FME\Plugins\R\CoordinateSystemGridOverrides;C:\Users\lsanderson\Documents\FME\CoordinateSystemGridOverrides
2017-11-07 10:48:07|   0.2|  0.0|INFORM|Shared folders for CS-MAP transformation exceptions are : C:\Users\lsanderson\Documents\FME\Plugins\R\CsmapTransformationExceptions;C:\Users\lsanderson\Documents\FME\CsmapTransformationExceptions
2017-11-07 10:48:07|   0.2|  0.0|INFORM|Shared folders for transformer categories are : C:\Users\lsanderson\Documents\FME\Plugins\R\TransformerCategories;C:\Users\lsanderson\Documents\FME\TransformerCategories
2017-11-07 10:48:07|   0.2|  0.0|INFORM|Mapping File Identifier is: FromCSV
2017-11-07 10:48:07|   0.2|  0.0|INFORM|FME Configuration: Reader Keyword is `MULTI_READER'
2017-11-07 10:48:07|   0.2|  0.0|INFORM|FME Configuration: Writer Keyword is `NULL_DEST'
2017-11-07 10:48:07|   0.2|  0.0|INFORM|FME Configuration: Writer Group Definition Keyword is `NULL_DEST_DEF'
2017-11-07 10:48:07|   0.2|  0.0|INFORM|FME Configuration: Reader type is `MULTI_READER'
2017-11-07 10:48:07|   0.2|  0.0|INFORM|FME Configuration: Writer type is `NULL'
2017-11-07 10:48:07|   0.2|  0.0|INFORM|FME Configuration: No destination coordinate system set
2017-11-07 10:48:07|   0.2|  0.0|INFORM|FME Configuration: Current working folder is `C:\Users\lsanderson\Documents\SafeProjects\GettingStarted-CSV\3-FromCSV_Data'
2017-11-07 10:48:07|   0.2|  0.0|INFORM|FME Configuration: Temporary folder is `C:\Users\LSANDE~1\AppData\Local\Temp\2', set from environment variable `TEMP'
2017-11-07 10:48:07|   0.2|  0.0|INFORM|FME Configuration: FME_HOME is `C:\apps\FME(32bit)\'
2017-11-07 10:48:07|   0.2|  0.0|INFORM|FME Configuration: FME_BASE is 'no'
2017-11-07 10:48:07|   0.2|  0.0|INFORM|FME Configuration: FME_MF_DIR is 'C:\Users\lsanderson\Documents\SafeProjects\GettingStarted-CSV\3-FromCSV_Data/'
2017-11-07 10:48:07|   0.2|  0.0|INFORM|FME Configuration: FME_MF_NAME is 'CSVTo.fmw'
2017-11-07 10:48:07|   0.2|  0.0|INFORM|FME Configuration: FME_PRODUCT_NAME is 'FME(R) 2017.1.1.1'
2017-11-07 10:48:07|   0.2|  0.0|INFORM|System Status: 108.32 GB of disk space available in the FME temporary folder (C:\Users\LSANDE~1\AppData\Local\Temp\2)
2017-11-07 10:48:07|   0.2|  0.0|INFORM|System Status: 4.00 GB of virtual memory available
2017-11-07 10:48:07|   0.2|  0.0|INFORM|Operating System: Microsoft Windows Server 10 Server 4.0 64-bit  (Build 14393)
2017-11-07 10:48:07|   0.2|  0.0|INFORM|FME Platform: WIN32
2017-11-07 10:48:07|   0.2|  0.0|INFORM|Locale: en_US
2017-11-07 10:48:07|   0.2|  0.0|INFORM|Code Page: 1252  (ANSI - Latin I)
2017-11-07 10:48:07|   0.2|  0.0|INFORM|FME Configuration: Process limits are 4.00 GB of physical memory and 4.00 GB of address space
2017-11-07 10:48:07|   0.2|  0.0|INFORM|FME Configuration: Start freeing memory when process usage exceeds 2.40 GB of memory or 3.41 GB of address space
2017-11-07 10:48:07|   0.2|  0.0|INFORM|FME Configuration: Stop freeing memory when process usage is below 1.80 GB of memory and 2.56 GB of address space
2017-11-07 10:48:07|   0.3|  0.1|INFORM|Creating writer for format: NULL (Nothing)
2017-11-07 10:48:07|   0.3|  0.0|INFORM|Trying to find a DYNAMIC plugin for writer named `NULL'
2017-11-07 10:48:07|   0.3|  0.0|INFORM|Loaded module 'NULL' from file 'C:\apps\FME(32bit)\plugins/NULL.dll'
2017-11-07 10:48:07|   0.3|  0.0|INFORM|FME API version of module 'NULL' matches current internal version (3.8 20170315)
2017-11-07 10:48:07|   0.3|  0.0|INFORM|Creating reader for format: 
2017-11-07 10:48:07|   0.3|  0.0|INFORM|MULTI_READER(MULTI_READER): Will fail with first member reader failure
2017-11-07 10:48:07|   0.3|  0.0|INFORM|MULTI_READER(MULTI_READER): Adding CSV2 Reader with keyword CSV2_1
2017-11-07 10:48:07|   0.3|  0.0|INFORM|MULTI_READER(MULTI_READER): Adding NULL Reader with keyword CSV2_2
2017-11-07 10:48:07|   0.3|  0.0|INFORM|MULTI_READER(MULTI_READER): Adding NULL Reader with keyword CSV2_3
2017-11-07 10:48:07|   0.3|  0.0|INFORM|MULTI_READER(MULTI_READER): Adding NULL Reader with keyword CSV2_4
2017-11-07 10:48:07|   0.3|  0.0|INFORM|Using Multi Reader with keyword `MULTI_READER' to read multiple datasets
2017-11-07 10:48:07|   0.4|  0.1|INFORM|Creating reader for format: CSV (Comma Separated Value)
2017-11-07 10:48:07|   0.4|  0.0|INFORM|Trying to find a DYNAMIC plugin for reader named `CSV2'
2017-11-07 10:48:07|   0.4|  0.0|INFORM|FME Configuration: Source coordinate system for reader CSV2_1[CSV2] set to `UTM83-10'
2017-11-07 10:48:07|   0.4|  0.0|INFORM|Coordinate System `UTM83-10' parameters: CS_NAME=`UTM83-10' DESC_NM=`UTM with NAD83 datum, Zone 10, Meter; Central Meridian 123d W' DT_NAME=`NAD83' GROUP=`UTM83' MAP_SCL=`1' MAX_LAT=`86.93333333333334' MAX_LNG=`-119.25' MIN_LAT=`25.416666666666668' MIN_LNG=`-126.75' PARM1=`-123' PROJ=`TM' QUAD=`1' SCL_RED=`0.9996' SOURCE=`Snyder, J.P, 1987, Map Projections - A Working Manual' UNIT=`METER' X_OFF=`500000.0' Y_OFF=`0.0' 
2017-11-07 10:48:07|   0.4|  0.0|INFORM|Loaded module 'CSV2' from file 'C:\apps\FME(32bit)\plugins/CSV2.dll'
2017-11-07 10:48:07|   0.4|  0.0|INFORM|FME API version of module 'CSV2' matches current internal version (3.8 20170315)
2017-11-07 10:48:07|   0.4|  0.0|INFORM|CSV reader: Opening dataset 'C:\Users\lsanderson\Documents\SafeProjects\GettingStarted-CSV\3-FromCSV_Data\rapid_transit_line.csv'
2017-11-07 10:48:07|   0.4|  0.0|INFORM|CSV reader: Directive '_DELIMITER' has the value ','
2017-11-07 10:48:07|   0.4|  0.0|INFORM|CSV reader: Directive '_FIELD_NAMES_LINE' has the value '1'
2017-11-07 10:48:07|   0.4|  0.0|INFORM|CSV reader: Directive '_DATA_START_LINE' has the value '2'
2017-11-07 10:48:07|   0.4|  0.0|INFORM|CSV reader: Directive '_SCAN_MAX_ROWS' has the value '1000'
2017-11-07 10:48:07|   0.4|  0.0|INFORM|CSV reader: Directive '_READ_SKIPPED_LINES' has the value 'No'
2017-11-07 10:48:07|   0.4|  0.0|INFORM|CSV reader: Directive '_SKIP_DUPLICATE_DELIMITERS' has the value 'No'
2017-11-07 10:48:07|   0.4|  0.0|INFORM|CSV reader: Directive '_FIELD_QUALIFIER_CHARACTER' has the value '"'
2017-11-07 10:48:07|   0.4|  0.0|INFORM|CSV reader: Directive '_FIELD_QUALIFIER_ESCAPE_CHARACTER' has the value '"'
2017-11-07 10:48:07|   0.4|  0.0|INFORM|CSV reader: Directive '_TRIM_FIELD_NAME_QUALIFIERS' has the value 'Yes'
2017-11-07 10:48:07|   0.4|  0.0|INFORM|CSV reader: Directive '_TRIM_FIELD_VALUE_QUALIFIERS' has the value 'Yes'
2017-11-07 10:48:07|   0.4|  0.0|INFORM|CSV reader: Directive '_PRESERVE_SOURCE_ENCODING' has the value 'No'
2017-11-07 10:48:07|   0.4|  0.0|INFORM|CSV reader: Directive '_CASE_SENSITIVE_FIELD_NAMES' has the value 'Yes'
2017-11-07 10:48:07|   0.4|  0.0|INFORM|CSV reader: Directive '_ENFORCE_STRICT_SCHEMA' has the value 'No'
2017-11-07 10:48:07|   0.4|  0.0|INFORM|CSV reader: Directive '_SCAN_TYPES' has the value 'No'
2017-11-07 10:48:07|   0.4|  0.0|INFORM|CSV reader: Directive '_SCAN_ADDITIONAL_FIELDS' has the value 'No'
2017-11-07 10:48:07|   0.4|  0.0|INFORM|Loaded module 'LogCount_func' from file 'C:\apps\FME(32bit)\plugins/LogCount_func.dll'
2017-11-07 10:48:07|   0.4|  0.0|INFORM|FME API version of module 'LogCount_func' matches current internal version (3.8 20170315)
2017-11-07 10:48:07|   0.4|  0.0|INFORM|FME API version of module 'NULL' matches current internal version (3.8 20170315)
2017-11-07 10:48:08|   0.5|  0.0|INFORM|FME API version of module 'NULL' matches current internal version (3.8 20170315)
2017-11-07 10:48:08|   0.5|  0.0|INFORM|Loaded module 'BreakpointFactory' from file 'C:\apps\FME(32bit)\plugins/BreakpointFactory.dll'
2017-11-07 10:48:08|   0.5|  0.0|INFORM|FME API version of module 'BreakpointFactory' matches current internal version (3.8 20170315)
2017-11-07 10:48:08|   0.5|  0.0|INFORM|Feature Inspection module initialized. Workbench@50138 and FME@50140
2017-11-07 10:48:08|   0.5|  0.0|INFORM|FME API version of module 'BreakpointFactory' matches current internal version (3.8 20170315)
2017-11-07 10:48:08|   0.5|  0.0|INFORM|... Last line repeated 2 times ...
2017-11-07 10:48:08|   0.5|  0.0|INFORM|Loaded module 'PythonFactory' from file 'C:\apps\FME(32bit)\plugins/PythonFactory.dll'
2017-11-07 10:48:08|   0.5|  0.0|INFORM|FME API version of module 'PythonFactory' matches current internal version (3.8 20170315)
2017-11-07 10:48:08|   0.5|  0.0|INFORM|Using Python interpreter from `C:\apps\FME(32bit)\fmepython27\python27.dll' with PYTHONHOME `C:\apps\FME(32bit)\fmepython27'
2017-11-07 10:48:08|   0.5|  0.0|INFORM|Python version 2.7 loaded successfully
2017-11-07 10:48:09|   0.5|  0.0|INFORM|FME API version of module 'BreakpointFactory' matches current internal version (3.8 20170315)
2017-11-07 10:48:09|   0.5|  0.0|INFORM|Loaded module 'InspectorFactory' from file 'C:\apps\FME(32bit)\plugins/InspectorFactory.dll'
2017-11-07 10:48:09|   0.5|  0.0|INFORM|FME API version of module 'InspectorFactory' matches current internal version (3.8 20170315)
2017-11-07 10:48:09|   0.5|  0.0|INFORM|FME API version of module 'InspectorFactory' matches current internal version (3.8 20170315)
2017-11-07 10:48:09|   0.5|  0.0|INFORM|Loaded module 'VertexCreatorFactory' from file 'C:\apps\FME(32bit)\plugins/VertexCreatorFactory.dll'
2017-11-07 10:48:09|   0.5|  0.0|INFORM|FME API version of module 'VertexCreatorFactory' matches current internal version (3.8 20170315)
2017-11-07 10:48:09|   0.5|  0.0|INFORM|FME API version of module 'BreakpointFactory' matches current internal version (3.8 20170315)
2017-11-07 10:48:09|   0.5|  0.0|INFORM|FME API version of module 'BreakpointFactory' matches current internal version (3.8 20170315)
2017-11-07 10:48:09|   0.5|  0.0|INFORM|FME API version of module 'InspectorFactory' matches current internal version (3.8 20170315)
2017-11-07 10:48:09|   0.5|  0.0|INFORM|FME API version of module 'VertexCreatorFactory' matches current internal version (3.8 20170315)
2017-11-07 10:48:09|   0.5|  0.0|INFORM|FME API version of module 'BreakpointFactory' matches current internal version (3.8 20170315)
2017-11-07 10:48:09|   0.5|  0.0|INFORM|... Last line repeated 2 times ...
2017-11-07 10:48:09|   0.5|  0.0|INFORM|FME API version of module 'InspectorFactory' matches current internal version (3.8 20170315)
2017-11-07 10:48:09|   0.5|  0.0|INFORM|CSV_CSV2_1 Break Point -1 17(BreakpointFactory): Splitting feature table
2017-11-07 10:48:09|   0.6|  0.1|INFORM|Creating writer for format: FME Feature Store (FFS)
2017-11-07 10:48:09|   0.6|  0.0|INFORM|FME Configuration: No destination coordinate system set
2017-11-07 10:48:09|   0.8|  0.1|INFORM|Creating reader for format: NULL (Nothing)
2017-11-07 10:48:09|   0.8|  0.0|INFORM|Trying to find a DYNAMIC plugin for reader named `NULL'
2017-11-07 10:48:09|   0.8|  0.0|INFORM|FME Configuration: Source coordinate system for reader CSV2_2[NULL] set to `LL84'
2017-11-07 10:48:09|   0.8|  0.0|INFORM|Coordinate System `LL84' parameters: CS_NAME=`LL84' DESC_NM=`WGS84 datum, Latitude-Longitude; Degrees' DT_NAME=`WGS84' GROUP=`LL' MAP_SCL=`1' MAX_LAT=`90' MAX_LNG=`182' MIN_LAT=`-90' MIN_LNG=`-182' PROJ=`LL' QUAD=`1' SCL_RED=`1' SOURCE=`Mentor Software' UNIT=`DEGREE' 
2017-11-07 10:48:09|   0.8|  0.0|INFORM|FME API version of module 'NULL' matches current internal version (3.8 20170315)
2017-11-07 10:48:09|   0.8|  0.0|INFORM|Creating reader for format: NULL (Nothing)
2017-11-07 10:48:09|   0.8|  0.0|INFORM|Trying to find a DYNAMIC plugin for reader named `NULL'
2017-11-07 10:48:09|   0.8|  0.0|INFORM|FME Configuration: Source coordinate system for reader CSV2_3[NULL] set to `UTM83-10'
2017-11-07 10:48:09|   0.8|  0.0|INFORM|Coordinate System `UTM83-10' parameters: CS_NAME=`UTM83-10' DESC_NM=`UTM with NAD83 datum, Zone 10, Meter; Central Meridian 123d W' DT_NAME=`NAD83' GROUP=`UTM83' MAP_SCL=`1' MAX_LAT=`86.93333333333334' MAX_LNG=`-119.25' MIN_LAT=`25.416666666666668' MIN_LNG=`-126.75' PARM1=`-123' PROJ=`TM' QUAD=`1' SCL_RED=`0.9996' SOURCE=`Snyder, J.P, 1987, Map Projections - A Working Manual' UNIT=`METER' X_OFF=`500000.0' Y_OFF=`0.0' 
2017-11-07 10:48:09|   0.8|  0.0|INFORM|FME API version of module 'NULL' matches current internal version (3.8 20170315)
2017-11-07 10:48:09|   0.8|  0.0|INFORM|Creating reader for format: NULL (Nothing)
2017-11-07 10:48:09|   0.8|  0.0|INFORM|Trying to find a DYNAMIC plugin for reader named `NULL'
2017-11-07 10:48:09|   0.8|  0.0|INFORM|FME API version of module 'NULL' matches current internal version (3.8 20170315)
2017-11-07 10:48:09|   0.8|  0.0|INFORM|MULTI_READER(MULTI_READER): Done reading 397 features from 4 readers
2017-11-07 10:48:09|   0.8|  0.0|INFORM|Emptying factory pipeline
2017-11-07 10:48:09|   0.8|  0.0|STATS |Router and Unexpected Input Remover(RoutingFactory): Tested 397 input feature(s), wrote 397 output feature(s): 397 matched merge filters, 397 were routed to output, 0 could not be routed.
2017-11-07 10:48:09|   0.8|  0.0|STATS |Unexpected Input Remover Nuker(TeeFactory): Cloned 0 input feature(s) into 0 output feature(s)
2017-11-07 10:48:09|   0.8|  0.0|STATS |CSV (CSV2_2) Splitter(TeeFactory): Cloned 0 input feature(s) into 0 output feature(s)
2017-11-07 10:48:09|   0.8|  0.0|STATS |CSV (CSV2_4) Splitter(TeeFactory): Cloned 0 input feature(s) into 0 output feature(s)
2017-11-07 10:48:09|   0.8|  0.0|STATS |CSV (CSV2_1) Splitter(TeeFactory): Cloned 397 input feature(s) into 397 output feature(s)
2017-11-07 10:48:09|   0.8|  0.0|STATS |CSV (CSV2_3) Splitter(TeeFactory): Cloned 0 input feature(s) into 0 output feature(s)
2017-11-07 10:48:09|   0.8|  0.0|STATS |Geocoder_CATCHER(TeeFactory): Cloned 0 input feature(s) into 0 output feature(s)
2017-11-07 10:48:16|   1.6|  0.9|STATS |Geocoder_ROUTER(TestFactory): Tested 0 input feature(s) -- 0 feature(s) passed and 0 feature(s) failed
2017-11-07 10:48:16|   1.6|  0.0|STATS |Geocoder_<REJECTED> Feature Counter -1 2147680298(TeeFactory): Cloned 0 input feature(s) into 0 output feature(s)
2017-11-07 10:48:16|   1.6|  0.0|STATS |Geocoder_<Rejected>(TeeFactory): Cloned 0 input feature(s) into 0 output feature(s)
2017-11-07 10:48:16|   1.6|  0.0|INFORM|Inspector_Recorder(RecorderFactory): Recorded 0 feature(s) to file `C:\Users\LSANDE~1\AppData\Local\Temp\2\CSVTo_104807\inspector.ffs'
2017-11-07 10:48:16|   1.6|  0.0|INFORM|CSV_Recorder(RecorderFactory): Recorded 0 feature(s) to file `C:\Users\LSANDE~1\AppData\Local\Temp\2\CSVTo_104807\inspector.ffs'
2017-11-07 10:48:16|   1.6|  0.0|STATS |VertexCreator_2_<REJECTED> Feature Counter -1 2147680277(TeeFactory): Cloned 0 input feature(s) into 0 output feature(s)
2017-11-07 10:48:16|   1.6|  0.0|STATS |VertexCreator_2_<Rejected>(TeeFactory): Cloned 0 input feature(s) into 0 output feature(s)
2017-11-07 10:48:16|   1.6|  0.0|STATS |LineBuilder_2(ConnectionFactory): Processed 0 input feature(s). Output 0 feature(s) consisting of 0 polygonal feature(s), 0 linear feature(s), and 0 point feature(s)
2017-11-07 10:48:16|   1.6|  0.0|STATS |LineBuilder_2_POINT Feature Counter -1 2147614743(TeeFactory): Cloned 0 input feature(s) into 0 output feature(s)
2017-11-07 10:48:16|   1.6|  0.0|STATS |LineBuilder_2_LINE Feature Counter -1 2147680279(TeeFactory): Cloned 0 input feature(s) into 0 output feature(s)
2017-11-07 10:48:16|   1.6|  0.0|STATS |LineBuilder_2_<REJECTED> Feature Counter -1 2147811351(TeeFactory): Cloned 0 input feature(s) into 0 output feature(s)
2017-11-07 10:48:16|   1.6|  0.0|STATS |LineBuilder_2_<Rejected>(TeeFactory): Cloned 0 input feature(s) into 0 output feature(s)
2017-11-07 10:48:16|   1.6|  0.0|INFORM|LineBuilder_2_Line_Recorder(RecorderFactory): Recorded 0 feature(s) to file `C:\Users\LSANDE~1\AppData\Local\Temp\2\CSVTo_104807\inspector.ffs'
2017-11-07 10:48:16|   1.6|  0.0|STATS |VertexCreator_<REJECTED> Feature Counter -1 2147680272(TeeFactory): Cloned 0 input feature(s) into 0 output feature(s)
2017-11-07 10:48:16|   1.6|  0.0|STATS |VertexCreator_<Rejected>(TeeFactory): Cloned 0 input feature(s) into 0 output feature(s)
2017-11-07 10:48:16|   1.6|  0.0|INFORM|Sorter(SortFactory): Starting sorting 397 feature(s)
2017-11-07 10:48:16|   1.6|  0.0|INFORM|Sorter(SortFactory): Done sorting 397 feature(s)
2017-11-07 10:48:16|   1.7|  0.0|STATS |Storing feature(s) to FME feature store file `C:\Users\LSANDE~1\AppData\Local\Temp\2\CSVTo_104807\inspector.ffs'
2017-11-07 10:48:16|   1.7|  0.1|STATS |Sorter(SortFactory): Sorted 397 feature(s)
2017-11-07 10:48:16|   1.7|  0.0|STATS |LineBuilder(ConnectionFactory): Processed 397 input feature(s). Output 62 feature(s) consisting of 0 polygonal feature(s), 31 linear feature(s), and 31 point feature(s)
2017-11-07 10:48:16|   1.7|  0.0|STATS |LineBuilder_POINT Feature Counter -1 2147614726(TeeFactory): Cloned 31 input feature(s) into 0 output feature(s)
2017-11-07 10:48:16|   1.7|  0.0|STATS |LineBuilder_POLYGON Feature Counter -1 2147745798(TeeFactory): Cloned 0 input feature(s) into 0 output feature(s)
2017-11-07 10:48:16|   1.7|  0.0|STATS |LineBuilder_<REJECTED> Feature Counter -1 2147811334(TeeFactory): Cloned 0 input feature(s) into 0 output feature(s)
2017-11-07 10:48:16|   1.7|  0.0|STATS |LineBuilder_<Rejected>(TeeFactory): Cloned 0 input feature(s) into 0 output feature(s)
2017-11-07 10:48:16|   1.7|  0.0|STATS |Stored 31 feature(s) to FME feature store file `C:\Users\LSANDE~1\AppData\Local\Temp\2\CSVTo_104807\inspector.ffs'
2017-11-07 10:48:16|   1.7|  0.0|INFORM|Saving spatial index into file 'C:\Users\LSANDE~1\AppData\Local\Temp\2\CSVTo_104807\inspector.fsi'
2017-11-07 10:48:16|   1.7|  0.0|INFORM|Finished saving spatial index into file 'C:\Users\LSANDE~1\AppData\Local\Temp\2\CSVTo_104807\inspector.fsi'
2017-11-07 10:48:16|   1.7|  0.0|INFORM|LineBuilder_Line_Recorder(RecorderFactory): Recorded 31 feature(s) to file `C:\Users\LSANDE~1\AppData\Local\Temp\2\CSVTo_104807\inspector.ffs'
2017-11-07 10:48:16|   1.7|  0.0|STATS |Destination Feature Type Routing Correlator(RoutingFactory): Tested 0 input feature(s), wrote 0 output feature(s): 0 matched merge filters, 0 were routed to output, 0 could not be routed.
2017-11-07 10:48:16|   1.7|  0.0|STATS |Final Output Nuker(TeeFactory): Cloned 0 input feature(s) into 0 output feature(s)
2017-11-07 10:48:16|   1.7|  0.0|STATS |f_48(CreationFactory): Created 1 features
2017-11-07 10:48:16|   1.7|  0.0|STATS |f_49(TeeFactory): Cloned 1 input feature(s) into 0 output feature(s)
2017-11-07 10:48:16|   1.7|  0.0|STATS |Stored 1253 feature(s) to FME feature store file `C:\Users\LSANDE~1\AppData\Local\Temp\2\no-conn-ffs-1510080486708_7284.ffs'
2017-11-07 10:48:16|   1.7|  0.0|INFORM|Saving spatial index into file 'C:\Users\LSANDE~1\AppData\Local\Temp\2\no-conn-ffs-1510080486708_7284.fsi'
2017-11-07 10:48:16|   1.7|  0.0|INFORM|Finished saving spatial index into file 'C:\Users\LSANDE~1\AppData\Local\Temp\2\no-conn-ffs-1510080486708_7284.fsi'
2017-11-07 10:48:16|   1.7|  0.0|INFORM|=-=-=-=-=-=-=-=-=-=-=-=-=-=-=-=-=-=-=-=-=-=-=-=-=-=-=-=-=-=-=-=-=-=-=-=-=-=-=-
2017-11-07 10:48:16|   1.7|  0.0|INFORM|Feature output statistics for `FFS' writer using keyword `W_1':
2017-11-07 10:48:16|   1.7|  0.0|STATS |=-=-=-=-=-=-=-=-=-=-=-=-=-=-=-=-=-=-=-=-=-=-=-=-=-=-=-=-=-=-=-=-=-=-=-=-=-=-=-
2017-11-07 10:48:16|   1.7|  0.0|STATS |                               Features Written
2017-11-07 10:48:16|   1.7|  0.0|STATS |=-=-=-=-=-=-=-=-=-=-=-=-=-=-=-=-=-=-=-=-=-=-=-=-=-=-=-=-=-=-=-=-=-=-=-=-=-=-=-
2017-11-07 10:48:16|   1.7|  0.0|STATS |CSV_CSV2_1                                                                 397
2017-11-07 10:48:16|   1.7|  0.0|STATS |LineBuilder_LINE                                                            31
2017-11-07 10:48:16|   1.7|  0.0|STATS |LineBuilder_POINT                                                           31
2017-11-07 10:48:16|   1.7|  0.0|STATS |Sorter_SORTED                                                              397
2017-11-07 10:48:16|   1.7|  0.0|STATS |VertexCreator_OUTPUT                                                       397
2017-11-07 10:48:16|   1.7|  0.0|STATS |==============================================================================
2017-11-07 10:48:16|   1.7|  0.0|STATS |Total Features Written                                                    1253
2017-11-07 10:48:16|   1.7|  0.0|STATS |=-=-=-=-=-=-=-=-=-=-=-=-=-=-=-=-=-=-=-=-=-=-=-=-=-=-=-=-=-=-=-=-=-=-=-=-=-=-=-
2017-11-07 10:48:16|   1.7|  0.0|STATS |=-=-=-=-=-=-=-=-=-=-=-=-=-=-=-=-=-=-=-=-=-=-=-=-=-=-=-=-=-=-=-=-=-=-=-=-=-=-=-
2017-11-07 10:48:16|   1.7|  0.0|STATS |                            Features Read Summary
2017-11-07 10:48:16|   1.7|  0.0|STATS |=-=-=-=-=-=-=-=-=-=-=-=-=-=-=-=-=-=-=-=-=-=-=-=-=-=-=-=-=-=-=-=-=-=-=-=-=-=-=-
2017-11-07 10:48:16|   1.7|  0.0|STATS |CSV                                                                        397
2017-11-07 10:48:16|   1.7|  0.0|STATS |==============================================================================
2017-11-07 10:48:16|   1.7|  0.0|STATS |Total Features Read                                                        397
2017-11-07 10:48:16|   1.7|  0.0|STATS |=-=-=-=-=-=-=-=-=-=-=-=-=-=-=-=-=-=-=-=-=-=-=-=-=-=-=-=-=-=-=-=-=-=-=-=-=-=-=-
2017-11-07 10:48:16|   1.7|  0.0|STATS |=-=-=-=-=-=-=-=-=-=-=-=-=-=-=-=-=-=-=-=-=-=-=-=-=-=-=-=-=-=-=-=-=-=-=-=-=-=-=-
2017-11-07 10:48:16|   1.7|  0.0|STATS |                           Features Written Summary
2017-11-07 10:48:16|   1.7|  0.0|STATS |=-=-=-=-=-=-=-=-=-=-=-=-=-=-=-=-=-=-=-=-=-=-=-=-=-=-=-=-=-=-=-=-=-=-=-=-=-=-=-
2017-11-07 10:48:16|   1.7|  0.0|STATS |==============================================================================
2017-11-07 10:48:16|   1.7|  0.0|STATS |Total Features Written                                                       0
2017-11-07 10:48:16|   1.7|  0.0|STATS |=-=-=-=-=-=-=-=-=-=-=-=-=-=-=-=-=-=-=-=-=-=-=-=-=-=-=-=-=-=-=-=-=-=-=-=-=-=-=-
2017-11-07 10:48:16|   1.7|  0.0|WARN  |-~-~-~-~-~-~-~-~-~-~-~-~-~-~-~-~-~-~-~-~-~-~-~-~-~-~-~-~-~-~-~-~-~-~-~-~-~-~-~-~-
2017-11-07 10:48:16|   1.7|  0.0|WARN  |-~                                                                             ~-
2017-11-07 10:48:16|   1.7|  0.0|WARN  |-~       Features have been recorded at every stage of the translation.        ~-
2017-11-07 10:48:16|   1.7|  0.0|WARN  |-~                      To inspect the recorded features,                      ~-
2017-11-07 10:48:16|   1.7|  0.0|WARN  |-~      double-click the feature count numbers on connections and ports.       ~-
2017-11-07 10:48:16|   1.7|  0.0|WARN  |-~                                                                             ~-
2017-11-07 10:48:16|   1.7|  0.0|WARN  |-~-~-~-~-~-~-~-~-~-~-~-~-~-~-~-~-~-~-~-~-~-~-~-~-~-~-~-~-~-~-~-~-~-~-~-~-~-~-~-~-
2017-11-07 10:48:16|   1.7|  0.0|INFORM|Translation was SUCCESSFUL with 7 warning(s) (0 feature(s) output)
2017-11-07 10:48:16|   1.7|  0.0|INFORM|FME Session Duration: 9.3 seconds. (CPU: 1.2s user, 0.3s system)
2017-11-07 10:48:16|   1.7|  0.0|INFORM|END - ProcessID: 9512, peak process memory usage: 94784 kB, current process memory usage: 94572 kB
