2017-11-03 15:28:41|   0.1|  0.1|INFORM|FME 2017.1.1.1 (20171014 - Build 17652 - WIN64)
2017-11-03 15:28:41|   0.1|  0.0|INFORM|FME_HOME is 'C:\Program Files\FME111\'
2017-11-03 15:28:41|   0.1|  0.0|INFORM|FME Smallworld Edition (node locked-crc)
2017-11-03 15:28:41|   0.1|  0.0|INFORM|Serial Number: 12345
2017-11-03 15:28:41|   0.1|  0.0|INFORM|Permanent License.
2017-11-03 15:28:41|   0.1|  0.0|INFORM|Machine host name is: kc-ls-windows1
2017-11-03 15:28:41|   0.1|  0.0|INFORM|START - ProcessID: 6324, peak process memory usage: 33780 kB, current process memory usage: 33680 kB
2017-11-03 15:28:41|   0.1|  0.0|INFORM|FME Configuration: Command line arguments are `C:\Program Files\FME111\fme.exe' `C:/Users/lsanderson/Documents/SafeProjects/GettingStarted-CSV\wb-xlate-150974812053_9188' `LOG_STANDARDOUT' `YES' `LogCountServerName' `{1a099cbe-295d-4e84-8788-bf6680f7abcc}' `DEBUG_PORT' `51423'
2017-11-03 15:28:41|   0.2|  0.1|INFORM|Shared folders for formats are : C:\Program Files\FME111\datasources;C:\Users\lsanderson\Documents\FME\Plugins\R\Formats;C:\Users\lsanderson\AppData\Roaming\Safe Software\FME\FME Store\Formats;C:\Users\lsanderson\Documents\FME\Formats
2017-11-03 15:28:41|   0.2|  0.0|INFORM|Shared folders for transformers are : C:\Program Files\FME111\transformers;C:\Users\lsanderson\Documents\FME\Plugins\R\Transformers;C:\Users\lsanderson\Documents\FME\Transformers;C:\Users\lsanderson\AppData\Roaming\Safe Software\FME\FME Store\Transformers
2017-11-03 15:28:41|   0.2|  0.0|INFORM|Shared folders for coordinate systems are : C:\Users\lsanderson\Documents\FME\Plugins\R\CoordinateSystems;C:\Users\lsanderson\Documents\FME\CoordinateSystems
2017-11-03 15:28:41|   0.2|  0.0|INFORM|Shared folders for coordinate system exceptions are : C:\Users\lsanderson\Documents\FME\Plugins\R\CoordinateSystemExceptions;C:\Users\lsanderson\Documents\FME\CoordinateSystemExceptions
2017-11-03 15:28:41|   0.2|  0.0|INFORM|Shared folders for coordinate system grid overrides are : C:\Users\lsanderson\Documents\FME\Plugins\R\CoordinateSystemGridOverrides;C:\Users\lsanderson\Documents\FME\CoordinateSystemGridOverrides
2017-11-03 15:28:41|   0.2|  0.0|INFORM|Shared folders for CS-MAP transformation exceptions are : C:\Users\lsanderson\Documents\FME\Plugins\R\CsmapTransformationExceptions;C:\Users\lsanderson\Documents\FME\CsmapTransformationExceptions
2017-11-03 15:28:41|   0.2|  0.0|INFORM|Shared folders for transformer categories are : C:\Users\lsanderson\Documents\FME\Plugins\R\TransformerCategories;C:\Users\lsanderson\Documents\FME\TransformerCategories
2017-11-03 15:28:41|   0.2|  0.0|INFORM|FME Configuration: Reader Keyword is `CSV2_1'
2017-11-03 15:28:41|   0.2|  0.0|INFORM|FME Configuration: Writer Keyword is `NULL_DEST'
2017-11-03 15:28:41|   0.2|  0.0|INFORM|FME Configuration: Writer Group Definition Keyword is `NULL_DEST_DEF'
2017-11-03 15:28:41|   0.2|  0.0|INFORM|FME Configuration: Reader type is `CSV2'
2017-11-03 15:28:41|   0.2|  0.0|INFORM|FME Configuration: Writer type is `NULL'
2017-11-03 15:28:41|   0.2|  0.0|INFORM|FME Configuration: No destination coordinate system set
2017-11-03 15:28:41|   0.2|  0.0|INFORM|FME Configuration: Current working folder is `C:\Users\lsanderson\Documents\SafeProjects\GettingStarted-CSV'
2017-11-03 15:28:41|   0.2|  0.0|INFORM|FME Configuration: Temporary folder is `C:\Users\LSANDE~1\AppData\Local\Temp\2', set from environment variable `TEMP'
2017-11-03 15:28:41|   0.2|  0.0|INFORM|FME Configuration: FME_HOME is `C:\Program Files\FME111\'
2017-11-03 15:28:41|   0.2|  0.0|INFORM|FME Configuration: FME_BASE is 'no'
2017-11-03 15:28:41|   0.2|  0.0|INFORM|FME Configuration: FME_MF_DIR is 'C:\Users\lsanderson\Documents\SafeProjects\GettingStarted-CSV/'
2017-11-03 15:28:41|   0.2|  0.0|INFORM|FME Configuration: FME_MF_NAME is 'CSVAttributes.fmw'
2017-11-03 15:28:41|   0.2|  0.0|INFORM|FME Configuration: FME_PRODUCT_NAME is 'FME(R) 2017.1.1.1'
2017-11-03 15:28:41|   0.2|  0.0|INFORM|System Status: 108.22 GB of disk space available in the FME temporary folder (C:\Users\LSANDE~1\AppData\Local\Temp\2)
2017-11-03 15:28:41|   0.2|  0.0|INFORM|System Status: 128.00 TB of virtual memory available
2017-11-03 15:28:41|   0.2|  0.0|INFORM|Operating System: Microsoft Windows Server 10 Server 4.0 64-bit  (Build 14393)
2017-11-03 15:28:41|   0.2|  0.0|INFORM|FME Platform: WIN64
2017-11-03 15:28:41|   0.2|  0.0|INFORM|Locale: en_US
2017-11-03 15:28:41|   0.2|  0.0|INFORM|Code Page: 1252  (ANSI - Latin I)
2017-11-03 15:28:41|   0.2|  0.0|INFORM|FME Configuration: Process limit is 4.00 GB of physical memory
2017-11-03 15:28:41|   0.2|  0.0|INFORM|FME Configuration: Start freeing memory when process usage exceeds 12.00 GB of virtual memory
2017-11-03 15:28:41|   0.2|  0.0|INFORM|FME Configuration: Stop freeing memory when process usage is below 9.00 GB of virtual memory
2017-11-03 15:28:42|   0.3|  0.0|INFORM|Creating writer for format: NULL (Nothing)
2017-11-03 15:28:42|   0.3|  0.0|INFORM|Trying to find a DYNAMIC plugin for writer named `NULL'
2017-11-03 15:28:42|   0.3|  0.0|INFORM|Loaded module 'NULL' from file 'C:\Program Files\FME111\plugins/NULL.dll'
2017-11-03 15:28:42|   0.3|  0.0|INFORM|FME API version of module 'NULL' matches current internal version (3.8 20170315)
2017-11-03 15:28:42|   0.3|  0.1|INFORM|Creating reader for format: CSV (Comma Separated Value)
2017-11-03 15:28:42|   0.4|  0.0|INFORM|Trying to find a DYNAMIC plugin for reader named `CSV2'
2017-11-03 15:28:42|   0.4|  0.0|INFORM|FME Configuration: Source coordinate system for reader CSV2_1[CSV2] set to `LL84'
2017-11-03 15:28:42|   0.4|  0.0|INFORM|Coordinate System `LL84' parameters: CS_NAME=`LL84' DESC_NM=`WGS84 datum, Latitude-Longitude; Degrees' DT_NAME=`WGS84' GROUP=`LL' MAP_SCL=`1' MAX_LAT=`90' MAX_LNG=`182' MIN_LAT=`-90' MIN_LNG=`-182' PROJ=`LL' QUAD=`1' SCL_RED=`1' SOURCE=`Mentor Software' UNIT=`DEGREE' 
2017-11-03 15:28:42|   0.4|  0.0|INFORM|Loaded module 'CSV2' from file 'C:\Program Files\FME111\plugins/CSV2.dll'
2017-11-03 15:28:43|   0.4|  0.0|INFORM|FME API version of module 'CSV2' matches current internal version (3.8 20170315)
2017-11-03 15:28:43|   0.4|  0.0|INFORM|CSV reader: Opening dataset 'C:\FMEData2017\ArticleData\CellSignal-Small.csv'
2017-11-03 15:28:43|   0.4|  0.0|INFORM|CSV reader: Directive '_DELIMITER' has the value ','
2017-11-03 15:28:43|   0.4|  0.0|INFORM|CSV reader: Directive '_FIELD_NAMES_LINE' has the value '1'
2017-11-03 15:28:43|   0.4|  0.0|INFORM|CSV reader: Directive '_DATA_START_LINE' has the value '2'
2017-11-03 15:28:43|   0.4|  0.0|INFORM|CSV reader: Directive '_SCAN_MAX_ROWS' has the value '1000'
2017-11-03 15:28:43|   0.4|  0.0|INFORM|CSV reader: Directive '_READ_SKIPPED_LINES' has the value 'No'
2017-11-03 15:28:43|   0.4|  0.0|INFORM|CSV reader: Directive '_SKIP_DUPLICATE_DELIMITERS' has the value 'No'
2017-11-03 15:28:43|   0.4|  0.0|INFORM|CSV reader: Directive '_FIELD_QUALIFIER_CHARACTER' has the value '"'
2017-11-03 15:28:43|   0.4|  0.0|INFORM|CSV reader: Directive '_FIELD_QUALIFIER_ESCAPE_CHARACTER' has the value '"'
2017-11-03 15:28:43|   0.4|  0.0|INFORM|CSV reader: Directive '_TRIM_FIELD_NAME_QUALIFIERS' has the value 'Yes'
2017-11-03 15:28:43|   0.4|  0.0|INFORM|CSV reader: Directive '_TRIM_FIELD_VALUE_QUALIFIERS' has the value 'Yes'
2017-11-03 15:28:43|   0.4|  0.0|INFORM|CSV reader: Directive '_PRESERVE_SOURCE_ENCODING' has the value 'No'
2017-11-03 15:28:43|   0.4|  0.0|INFORM|CSV reader: Directive '_CASE_SENSITIVE_FIELD_NAMES' has the value 'Yes'
2017-11-03 15:28:43|   0.4|  0.0|INFORM|CSV reader: Directive '_ENFORCE_STRICT_SCHEMA' has the value 'No'
2017-11-03 15:28:43|   0.4|  0.0|INFORM|CSV reader: Directive '_SCAN_TYPES' has the value 'No'
2017-11-03 15:28:43|   0.4|  0.0|INFORM|CSV reader: Directive '_SCAN_ADDITIONAL_FIELDS' has the value 'No'
2017-11-03 15:28:43|   0.4|  0.0|INFORM|Loaded module 'LogCount_func' from file 'C:\Program Files\FME111\plugins/LogCount_func.dll'
2017-11-03 15:28:43|   0.4|  0.0|INFORM|FME API version of module 'LogCount_func' matches current internal version (3.8 20170315)
2017-11-03 15:28:43|   0.4|  0.0|INFORM|FME API version of module 'NULL' matches current internal version (3.8 20170315)
2017-11-03 15:28:43|   0.5|  0.0|INFORM|FME API version of module 'NULL' matches current internal version (3.8 20170315)
2017-11-03 15:28:43|   0.5|  0.0|INFORM|Loaded module 'BreakpointFactory' from file 'C:\Program Files\FME111\plugins/BreakpointFactory.dll'
2017-11-03 15:28:43|   0.5|  0.0|INFORM|FME API version of module 'BreakpointFactory' matches current internal version (3.8 20170315)
2017-11-03 15:28:43|   0.5|  0.0|INFORM|Feature Inspection module initialized. Workbench@51423 and FME@53889
2017-11-03 15:28:43|   0.5|  0.0|INFORM|FME API version of module 'BreakpointFactory' matches current internal version (3.8 20170315)
2017-11-03 15:28:43|   0.5|  0.0|INFORM|... Last line repeated 2 times ...
2017-11-03 15:28:43|   0.5|  0.0|INFORM|Loaded module 'DuplicateRemoverFactory' from file 'C:\Program Files\FME111\plugins/DuplicateRemoverFactory.dll'
2017-11-03 15:28:43|   0.5|  0.0|INFORM|FME API version of module 'DuplicateRemoverFactory' matches current internal version (3.8 20170315)
2017-11-03 15:28:43|   0.5|  0.0|INFORM|FME API version of module 'BreakpointFactory' matches current internal version (3.8 20170315)
2017-11-03 15:28:43|   0.5|  0.0|INFORM|... Last line repeated 4 times ...
2017-11-03 15:28:43|   0.5|  0.0|INFORM|Loaded module 'AttributeFilterFactory' from file 'C:\Program Files\FME111\plugins/AttributeFilterFactory.dll'
2017-11-03 15:28:43|   0.5|  0.0|INFORM|FME API version of module 'AttributeFilterFactory' matches current internal version (3.8 20170315)
2017-11-03 15:28:43|   0.5|  0.0|INFORM|FME API version of module 'BreakpointFactory' matches current internal version (3.8 20170315)
2017-11-03 15:28:43|   0.5|  0.0|INFORM|... Last line repeated 14 times ...
2017-11-03 15:28:43|   0.5|  0.0|INFORM|Loaded module 'VertexCreatorFactory' from file 'C:\Program Files\FME111\plugins/VertexCreatorFactory.dll'
2017-11-03 15:28:43|   0.5|  0.0|INFORM|FME API version of module 'VertexCreatorFactory' matches current internal version (3.8 20170315)
2017-11-03 15:28:43|   0.5|  0.0|INFORM|FME API version of module 'BreakpointFactory' matches current internal version (3.8 20170315)
2017-11-03 15:28:44|   0.5|  0.0|INFORM|FME API version of module 'BreakpointFactory' matches current internal version (3.8 20170315)
2017-11-03 15:28:44|   0.5|  0.0|INFORM|Loaded module 'InspectorFactory' from file 'C:\Program Files\FME111\plugins/InspectorFactory.dll'
2017-11-03 15:28:44|   0.5|  0.0|INFORM|FME API version of module 'InspectorFactory' matches current internal version (3.8 20170315)
2017-11-03 15:28:44|   0.5|  0.0|INFORM|CellSignal-Small_CSV2_1_0_aKkZfJshUuE= Break Point -1 34(BreakpointFactory): Splitting feature table
2017-11-03 15:28:44|   0.6|  0.0|INFORM|Creating writer for format: FME Feature Store (FFS)
2017-11-03 15:28:44|   0.6|  0.0|INFORM|FME Configuration: No destination coordinate system set
2017-11-03 15:28:44|   1.2|  0.6|INFORM|CellSignal-Small_CSV2_1_1_orHPkk3Fh1c= Break Point -1 35(BreakpointFactory): Splitting feature table
2017-11-03 15:28:44|   1.3|  0.0|STATS |Storing feature(s) to FME feature store file `C:\Users\LSANDE~1\AppData\Local\Temp\2\CSVAttributes_152840\inspector.ffs'
2017-11-03 15:28:49|   5.3|  4.0|INFORM|CellSignal-Small_CSV2_1_1_orHPkk3Fh1c= Break Point -1 35(BreakpointFactory): Processed 1780 of 4408 features
2017-11-03 15:28:54|  10.0|  4.7|INFORM|CellSignal-Small_CSV2_1_1_orHPkk3Fh1c= Break Point -1 35(BreakpointFactory): Processed 3735 of 4408 features
2017-11-03 15:28:57|  11.5|  1.6|INFORM|CellSignal-Small_CSV2_1_1_orHPkk3Fh1c= Break Point -1 35(BreakpointFactory): Processed 4408 of 4408 features
2017-11-03 15:28:57|  11.5|  0.0|INFORM|Emptying factory pipeline
2017-11-03 15:28:57|  11.5|  0.0|STATS |Router and Unexpected Input Remover(RoutingFactory): Tested 4408 input feature(s), wrote 4408 output feature(s): 4408 matched merge filters, 4408 were routed to output, 0 could not be routed.
2017-11-03 15:28:57|  11.5|  0.0|STATS |Unexpected Input Remover Nuker(TeeFactory): Cloned 0 input feature(s) into 0 output feature(s)
2017-11-03 15:28:57|  11.5|  0.0|STATS |CellSignal-Small (CSV2_1) Splitter(TeeFactory): Cloned 4408 input feature(s) into 8816 output feature(s)
2017-11-03 15:28:57|  11.6|  0.0|STATS |Sampler(SamplingFactory): Sampled 4 of 4408 feature(s)
2017-11-03 15:28:57|  11.6|  0.0|STATS |Sampler_Sampled(TeeFactory): Cloned 4 input feature(s) into 4 output feature(s)
2017-11-03 15:28:57|  11.6|  0.0|STATS |Sampler_SAMPLED Feature Counter -1 2147614753(TeeFactory): Cloned 4 input feature(s) into 0 output feature(s)
2017-11-03 15:28:57|  11.6|  0.0|STATS |Sampler_NOT_SAMPLED Feature Counter -1 2147680289(TeeFactory): Cloned 4404 input feature(s) into 0 output feature(s)
2017-11-03 15:28:57|  11.6|  0.0|STATS |NullAttributeMapper(TeeFactory): Cloned 4408 input feature(s) into 4408 output feature(s)
2017-11-03 15:28:57|  11.6|  0.0|STATS |Tester(TestFactory): Tested 4408 input feature(s) -- 4389 feature(s) passed and 19 feature(s) failed
2017-11-03 15:28:57|  11.6|  0.0|STATS |Tester_FAILED Feature Counter -1 2147680263(TeeFactory): Cloned 19 input feature(s) into 0 output feature(s)
2017-11-03 15:28:57|  11.6|  0.0|STATS |DuplicateFilter_DUPLICATE Feature Counter -1 2147680262(TeeFactory): Cloned 83 input feature(s) into 0 output feature(s)
2017-11-03 15:28:57|  11.6|  0.0|STATS |DateTimeConverter_1(TeeFactory): Cloned 4306 input feature(s) into 4306 output feature(s)
2017-11-03 15:28:57|  11.6|  0.0|STATS |DateTimeConverter_2(TestFactory): Tested 4306 input feature(s) -- 0 feature(s) passed and 4306 feature(s) failed
2017-11-03 15:28:57|  11.6|  0.0|STATS |DateTimeConverter_<REJECTED> Feature Counter -1 2147680283(TeeFactory): Cloned 0 input feature(s) into 0 output feature(s)
2017-11-03 15:28:57|  11.6|  0.0|STATS |StringSearcher(TestFactory): Tested 4306 input feature(s) -- 4306 feature(s) passed and 0 feature(s) failed
2017-11-03 15:28:57|  11.6|  0.0|STATS |StringSearcher_NOT_MATCHED Feature Counter -1 2147680270(TeeFactory): Cloned 0 input feature(s) into 0 output feature(s)
2017-11-03 15:28:57|  11.6|  0.0|STATS |StringReplacer(TeeFactory): Cloned 4306 input feature(s) into 4306 output feature(s)
2017-11-03 15:28:57|  11.6|  0.0|STATS |AttributeFilter(TeeFactory): Cloned 4306 input feature(s) into 4306 output feature(s)
2017-11-03 15:28:57|  11.6|  0.0|STATS |AttributeFilter ABC Splitter(TeeFactory): Cloned 2655 input feature(s) into 5310 output feature(s)
2017-11-03 15:28:57|  11.6|  0.0|STATS |AttributeFilter ABD Splitter(TeeFactory): Cloned 1616 input feature(s) into 3232 output feature(s)
2017-11-03 15:28:57|  11.6|  0.0|STATS |AttributeFilter_<lt>EMPTY<gt> Feature Counter -1 2147745817(TeeFactory): Cloned 0 input feature(s) into 0 output feature(s)
2017-11-03 15:28:57|  11.6|  0.0|STATS |AttributeFilter_<lt>MISSING<gt> Feature Counter -1 2147811353(TeeFactory): Cloned 0 input feature(s) into 0 output feature(s)
2017-11-03 15:28:57|  11.6|  0.0|STATS |AttributeFilter_<lt>NULL<gt> Feature Counter -1 2147876889(TeeFactory): Cloned 0 input feature(s) into 0 output feature(s)
2017-11-03 15:28:57|  11.6|  0.0|STATS |AttributeFilter_<lt>UNFILTERED<gt> Feature Counter -1 2147942425(TeeFactory): Cloned 35 input feature(s) into 0 output feature(s)
2017-11-03 15:28:57|  11.6|  0.0|STATS |AttributeRangeFilter(TeeFactory): Cloned 4271 input feature(s) into 4271 output feature(s)
2017-11-03 15:28:57|  11.6|  0.0|STATS |AttributeRangeFilter_<UNFILTERED> Feature Counter -1 2147614763(TeeFactory): Cloned 2045 input feature(s) into 0 output feature(s)
2017-11-03 15:28:57|  11.6|  0.0|STATS |Tester_4(TestFactory): Tested 1260 input feature(s) -- 0 feature(s) passed and 1260 feature(s) failed
2017-11-03 15:28:57|  11.6|  0.0|STATS |Tester_4_FAILED Feature Counter -1 2147680313(TeeFactory): Cloned 1260 input feature(s) into 0 output feature(s)
2017-11-03 15:28:57|  11.6|  0.0|STATS |Tester_3(TestFactory): Tested 649 input feature(s) -- 146 feature(s) passed and 503 feature(s) failed
2017-11-03 15:28:57|  11.6|  0.0|STATS |Tester_3_FAILED Feature Counter -1 2147680311(TeeFactory): Cloned 503 input feature(s) into 0 output feature(s)
2017-11-03 15:28:57|  11.6|  0.0|STATS |Tester_2(TestFactory): Tested 317 input feature(s) -- 243 feature(s) passed and 74 feature(s) failed
2017-11-03 15:28:57|  11.6|  0.0|STATS |Tester_2_FAILED Feature Counter -1 2147680298(TeeFactory): Cloned 74 input feature(s) into 0 output feature(s)
2017-11-03 15:28:57|  11.6|  0.0|STATS |Tester_5(TestFactory): Tested 4271 input feature(s) -- 389 feature(s) passed and 3882 feature(s) failed
2017-11-03 15:28:57|  11.6|  0.0|STATS |Tester_5_FAILED Feature Counter -1 2147680317(TeeFactory): Cloned 3882 input feature(s) into 0 output feature(s)
2017-11-03 15:28:57|  11.6|  0.0|STATS |VertexCreator_<REJECTED> Feature Counter -1 2147680284(TeeFactory): Cloned 0 input feature(s) into 0 output feature(s)
2017-11-03 15:28:57|  11.6|  0.0|STATS |AttributeValueMapper(TeeFactory): Cloned 778 input feature(s) into 778 output feature(s)
2017-11-03 15:28:57|  11.6|  0.0|STATS |Stored 778 feature(s) to FME feature store file `C:\Users\LSANDE~1\AppData\Local\Temp\2\CSVAttributes_152840\inspector.ffs'
2017-11-03 15:28:57|  11.6|  0.0|INFORM|Saving spatial index into file 'C:\Users\LSANDE~1\AppData\Local\Temp\2\CSVAttributes_152840\inspector.fsi'
2017-11-03 15:28:57|  11.6|  0.0|INFORM|Finished saving spatial index into file 'C:\Users\LSANDE~1\AppData\Local\Temp\2\CSVAttributes_152840\inspector.fsi'
2017-11-03 15:28:57|  11.6|  0.0|INFORM|AttributeCreator_Output_Recorder(RecorderFactory): Recorded 778 feature(s) to file `C:\Users\LSANDE~1\AppData\Local\Temp\2\CSVAttributes_152840\inspector.ffs'
2017-11-03 15:28:57|  11.6|  0.0|STATS |Destination Feature Type Routing Correlator(RoutingFactory): Tested 0 input feature(s), wrote 0 output feature(s): 0 matched merge filters, 0 were routed to output, 0 could not be routed.
2017-11-03 15:28:57|  11.6|  0.0|STATS |Final Output Nuker(TeeFactory): Cloned 0 input feature(s) into 0 output feature(s)
2017-11-03 15:28:57|  11.6|  0.0|STATS |f_74(CreationFactory): Created 1 features
2017-11-03 15:28:57|  11.6|  0.0|STATS |f_75(TeeFactory): Cloned 1 input feature(s) into 0 output feature(s)
2017-11-03 15:28:57|  11.6|  0.0|STATS |Stored 69214 feature(s) to FME feature store file `C:\Users\LSANDE~1\AppData\Local\Temp\2\no-conn-ffs-150974812056_9188.ffs'
2017-11-03 15:28:57|  11.6|  0.0|INFORM|Saving spatial index into file 'C:\Users\LSANDE~1\AppData\Local\Temp\2\no-conn-ffs-150974812056_9188.fsi'
2017-11-03 15:28:57|  11.6|  0.0|INFORM|Finished saving spatial index into file 'C:\Users\LSANDE~1\AppData\Local\Temp\2\no-conn-ffs-150974812056_9188.fsi'
2017-11-03 15:28:57|  11.6|  0.0|INFORM|=-=-=-=-=-=-=-=-=-=-=-=-=-=-=-=-=-=-=-=-=-=-=-=-=-=-=-=-=-=-=-=-=-=-=-=-=-=-=-
2017-11-03 15:28:57|  11.6|  0.0|INFORM|Feature output statistics for `FFS' writer using keyword `W_1':
2017-11-03 15:28:57|  11.7|  0.0|STATS |=-=-=-=-=-=-=-=-=-=-=-=-=-=-=-=-=-=-=-=-=-=-=-=-=-=-=-=-=-=-=-=-=-=-=-=-=-=-=-
2017-11-03 15:28:57|  11.7|  0.0|STATS |                               Features Written
2017-11-03 15:28:57|  11.7|  0.0|STATS |=-=-=-=-=-=-=-=-=-=-=-=-=-=-=-=-=-=-=-=-=-=-=-=-=-=-=-=-=-=-=-=-=-=-=-=-=-=-=-
2017-11-03 15:28:57|  11.7|  0.0|STATS |AttributeCreator_2_OUTPUT                                                  243
2017-11-03 15:28:57|  11.7|  0.0|STATS |AttributeCreator_3_OUTPUT                                                  146
2017-11-03 15:28:57|  11.7|  0.0|STATS |AttributeCreator_OUTPUT                                                   4271
2017-11-03 15:28:57|  11.7|  0.0|STATS |AttributeFilter_<lt>UNFILTERED<gt>                                          35
2017-11-03 15:28:57|  11.7|  0.0|STATS |AttributeFilter_ABC_0_snNucl/d8rY=                                        2655
2017-11-03 15:28:57|  11.7|  0.0|STATS |AttributeFilter_ABC_1_PsZ0oJ+7SXo=                                        2655
2017-11-03 15:28:57|  11.7|  0.0|STATS |AttributeFilter_ABD_0_GeSRhg7UVLQ=                                        1616
2017-11-03 15:28:57|  11.7|  0.0|STATS |AttributeFilter_ABD_1_m6I9E2G1nkc=                                        1616
2017-11-03 15:28:57|  11.7|  0.0|STATS |AttributeRangeFilter_<UNFILTERED>                                         2045
2017-11-03 15:28:57|  11.7|  0.0|STATS |AttributeRangeFilter_High                                                  649
2017-11-03 15:28:57|  11.7|  0.0|STATS |AttributeRangeFilter_Medium                                               1260
2017-11-03 15:28:57|  11.7|  0.0|STATS |AttributeRangeFilter_Very High                                             317
2017-11-03 15:28:57|  11.7|  0.0|STATS |AttributeRenamer_OUTPUT                                                   4306
2017-11-03 15:28:57|  11.7|  0.0|STATS |AttributeValueMapper_OUTPUT                                                778
2017-11-03 15:28:57|  11.7|  0.0|STATS |CellSignal-Small_CSV2_1_0_aKkZfJshUuE=                                    4408
2017-11-03 15:28:57|  11.7|  0.0|STATS |CellSignal-Small_CSV2_1_1_orHPkk3Fh1c=                                    4408
2017-11-03 15:28:57|  11.7|  0.0|STATS |DateTimeConverter_OUTPUT                                                  4306
2017-11-03 15:28:57|  11.7|  0.0|STATS |DuplicateFilter_DUPLICATE                                                   83
2017-11-03 15:28:57|  11.7|  0.0|STATS |DuplicateFilter_UNIQUE                                                    4306
2017-11-03 15:28:57|  11.7|  0.0|STATS |NullAttributeMapper_OUTPUT                                                4408
2017-11-03 15:28:57|  11.7|  0.0|STATS |Sampler_NOT_SAMPLED                                                       4404
2017-11-03 15:28:57|  11.7|  0.0|STATS |Sampler_SAMPLED                                                              4
2017-11-03 15:28:57|  11.7|  0.0|STATS |StringReplacer_OUTPUT                                                     4306
2017-11-03 15:28:57|  11.7|  0.0|STATS |StringSearcher_MATCHED                                                    4306
2017-11-03 15:28:57|  11.7|  0.0|STATS |Tester_2_FAILED                                                             74
2017-11-03 15:28:57|  11.7|  0.0|STATS |Tester_2_PASSED                                                            243
2017-11-03 15:28:57|  11.7|  0.0|STATS |Tester_3_FAILED                                                            503
2017-11-03 15:28:57|  11.7|  0.0|STATS |Tester_3_PASSED                                                            146
2017-11-03 15:28:57|  11.7|  0.0|STATS |Tester_4_FAILED                                                           1260
2017-11-03 15:28:57|  11.7|  0.0|STATS |Tester_5_FAILED                                                           3882
2017-11-03 15:28:57|  11.7|  0.0|STATS |Tester_5_PASSED                                                            389
2017-11-03 15:28:57|  11.7|  0.0|STATS |Tester_FAILED                                                               19
2017-11-03 15:28:57|  11.7|  0.0|STATS |Tester_PASSED                                                             4389
2017-11-03 15:28:57|  11.7|  0.0|STATS |VertexCreator_OUTPUT                                                       778
2017-11-03 15:28:57|  11.7|  0.0|STATS |==============================================================================
2017-11-03 15:28:57|  11.7|  0.0|STATS |Total Features Written                                                   69214
2017-11-03 15:28:57|  11.7|  0.0|STATS |=-=-=-=-=-=-=-=-=-=-=-=-=-=-=-=-=-=-=-=-=-=-=-=-=-=-=-=-=-=-=-=-=-=-=-=-=-=-=-
2017-11-03 15:28:57|  11.7|  0.0|STATS |=-=-=-=-=-=-=-=-=-=-=-=-=-=-=-=-=-=-=-=-=-=-=-=-=-=-=-=-=-=-=-=-=-=-=-=-=-=-=-
2017-11-03 15:28:57|  11.7|  0.0|STATS |                            Features Read Summary
2017-11-03 15:28:57|  11.7|  0.0|STATS |=-=-=-=-=-=-=-=-=-=-=-=-=-=-=-=-=-=-=-=-=-=-=-=-=-=-=-=-=-=-=-=-=-=-=-=-=-=-=-
2017-11-03 15:28:57|  11.7|  0.0|STATS |CellSignal-Small                                                          4408
2017-11-03 15:28:57|  11.7|  0.0|STATS |==============================================================================
2017-11-03 15:28:57|  11.7|  0.0|STATS |Total Features Read                                                       4408
2017-11-03 15:28:57|  11.7|  0.0|STATS |=-=-=-=-=-=-=-=-=-=-=-=-=-=-=-=-=-=-=-=-=-=-=-=-=-=-=-=-=-=-=-=-=-=-=-=-=-=-=-
2017-11-03 15:28:57|  11.7|  0.0|STATS |=-=-=-=-=-=-=-=-=-=-=-=-=-=-=-=-=-=-=-=-=-=-=-=-=-=-=-=-=-=-=-=-=-=-=-=-=-=-=-
2017-11-03 15:28:57|  11.7|  0.0|STATS |                           Features Written Summary
2017-11-03 15:28:57|  11.7|  0.0|STATS |=-=-=-=-=-=-=-=-=-=-=-=-=-=-=-=-=-=-=-=-=-=-=-=-=-=-=-=-=-=-=-=-=-=-=-=-=-=-=-
2017-11-03 15:28:57|  11.7|  0.0|STATS |==============================================================================
2017-11-03 15:28:57|  11.7|  0.0|STATS |Total Features Written                                                       0
2017-11-03 15:28:57|  11.7|  0.0|STATS |=-=-=-=-=-=-=-=-=-=-=-=-=-=-=-=-=-=-=-=-=-=-=-=-=-=-=-=-=-=-=-=-=-=-=-=-=-=-=-
2017-11-03 15:28:57|  11.7|  0.0|WARN  |-~-~-~-~-~-~-~-~-~-~-~-~-~-~-~-~-~-~-~-~-~-~-~-~-~-~-~-~-~-~-~-~-~-~-~-~-~-~-~-~-
2017-11-03 15:28:57|  11.7|  0.0|WARN  |-~                                                                             ~-
2017-11-03 15:28:57|  11.7|  0.0|WARN  |-~       Features have been recorded at every stage of the translation.        ~-
2017-11-03 15:28:57|  11.7|  0.0|WARN  |-~                      To inspect the recorded features,                      ~-
2017-11-03 15:28:57|  11.7|  0.0|WARN  |-~      double-click the feature count numbers on connections and ports.       ~-
2017-11-03 15:28:57|  11.7|  0.0|WARN  |-~                                                                             ~-
2017-11-03 15:28:57|  11.7|  0.0|WARN  |-~-~-~-~-~-~-~-~-~-~-~-~-~-~-~-~-~-~-~-~-~-~-~-~-~-~-~-~-~-~-~-~-~-~-~-~-~-~-~-~-
2017-11-03 15:28:57|  11.7|  0.0|INFORM|Translation was SUCCESSFUL with 7 warning(s) (0 feature(s) output)
2017-11-03 15:28:57|  11.7|  0.0|INFORM|FME Session Duration: 16.8 seconds. (CPU: 10.4s user, 1.2s system)
2017-11-03 15:28:57|  11.7|  0.0|INFORM|END - ProcessID: 6324, peak process memory usage: 79176 kB, current process memory usage: 57204 kB
