2017-10-24 15:36:53|   0.2|  0.2|INFORM|FME 2017.1.1.1 (20171014 - Build 17652 - WIN64)
2017-10-24 15:36:53|   0.2|  0.0|INFORM|FME_HOME is 'C:\Program Files\FME111\'
2017-10-24 15:36:53|   0.2|  0.0|INFORM|FME Smallworld Edition (node locked-crc)
2017-10-24 15:36:53|   0.2|  0.0|INFORM|Serial Number: 12345
2017-10-24 15:36:53|   0.2|  0.0|INFORM|Permanent License.
2017-10-24 15:36:53|   0.2|  0.0|INFORM|Machine host name is: kc-ls-windows1
2017-10-24 15:36:53|   0.2|  0.0|INFORM|START - ProcessID: 3472, peak process memory usage: 33336 kB, current process memory usage: 33236 kB
2017-10-24 15:36:53|   0.2|  0.0|INFORM|FME Configuration: Command line arguments are `C:\Program Files\FME111\fme.exe' `C:/Users/lsanderson/Documents/SafeProjects/GettingStarted-CSV\wb-xlate-1508884612865_3280' `LOG_STANDARDOUT' `YES' `LogCountServerName' `{274c58b3-b9a6-4131-bba5-7fe4a76a596e}' `DEBUG_PORT' `54130'
2017-10-24 15:36:53|   0.2|  0.0|INFORM|Shared folders for formats are : C:\Program Files\FME111\datasources;C:\Users\lsanderson\Documents\FME\Plugins\R\Formats;C:\Users\lsanderson\AppData\Roaming\Safe Software\FME\FME Store\Formats;C:\Users\lsanderson\Documents\FME\Formats
2017-10-24 15:36:53|   0.2|  0.0|INFORM|Shared folders for transformers are : C:\Program Files\FME111\transformers;C:\Users\lsanderson\Documents\FME\Plugins\R\Transformers;C:\Users\lsanderson\Documents\FME\Transformers;C:\Users\lsanderson\AppData\Roaming\Safe Software\FME\FME Store\Transformers
2017-10-24 15:36:53|   0.2|  0.0|INFORM|Shared folders for coordinate systems are : C:\Users\lsanderson\Documents\FME\Plugins\R\CoordinateSystems;C:\Users\lsanderson\Documents\FME\CoordinateSystems
2017-10-24 15:36:53|   0.2|  0.0|INFORM|Shared folders for coordinate system exceptions are : C:\Users\lsanderson\Documents\FME\Plugins\R\CoordinateSystemExceptions;C:\Users\lsanderson\Documents\FME\CoordinateSystemExceptions
2017-10-24 15:36:53|   0.2|  0.0|INFORM|Shared folders for coordinate system grid overrides are : C:\Users\lsanderson\Documents\FME\Plugins\R\CoordinateSystemGridOverrides;C:\Users\lsanderson\Documents\FME\CoordinateSystemGridOverrides
2017-10-24 15:36:53|   0.2|  0.0|INFORM|Shared folders for CS-MAP transformation exceptions are : C:\Users\lsanderson\Documents\FME\Plugins\R\CsmapTransformationExceptions;C:\Users\lsanderson\Documents\FME\CsmapTransformationExceptions
2017-10-24 15:36:53|   0.2|  0.0|INFORM|Shared folders for transformer categories are : C:\Users\lsanderson\Documents\FME\Plugins\R\TransformerCategories;C:\Users\lsanderson\Documents\FME\TransformerCategories
2017-10-24 15:36:53|   0.2|  0.0|INFORM|FME Configuration: Reader Keyword is `MULTI_READER'
2017-10-24 15:36:53|   0.2|  0.0|INFORM|FME Configuration: Writer Keyword is `MULTI_WRITER'
2017-10-24 15:36:53|   0.2|  0.0|INFORM|FME Configuration: Writer Group Definition Keyword is `MULTI_WRITER_DEF'
2017-10-24 15:36:53|   0.2|  0.0|INFORM|FME Configuration: Reader type is `MULTI_READER'
2017-10-24 15:36:53|   0.2|  0.0|INFORM|FME Configuration: Writer type is `MULTI_WRITER'
2017-10-24 15:36:53|   0.2|  0.0|INFORM|FME Configuration: No destination coordinate system set
2017-10-24 15:36:53|   0.2|  0.0|INFORM|FME Configuration: Current working folder is `C:\Users\lsanderson\Documents\SafeProjects\GettingStarted-CSV'
2017-10-24 15:36:53|   0.2|  0.0|INFORM|FME Configuration: Temporary folder is `C:\Users\LSANDE~1\AppData\Local\Temp\2', set from environment variable `TEMP'
2017-10-24 15:36:53|   0.2|  0.0|INFORM|FME Configuration: FME_HOME is `C:\Program Files\FME111\'
2017-10-24 15:36:53|   0.2|  0.0|INFORM|FME Configuration: FME_BASE is 'no'
2017-10-24 15:36:53|   0.2|  0.0|INFORM|FME Configuration: FME_MF_DIR is 'C:\Users\lsanderson\Documents\SafeProjects\GettingStarted-CSV/'
2017-10-24 15:36:53|   0.2|  0.0|INFORM|FME Configuration: FME_MF_NAME is 'CSVTo.fmw'
2017-10-24 15:36:53|   0.2|  0.0|INFORM|FME Configuration: FME_PRODUCT_NAME is 'FME(R) 2017.1.1.1'
2017-10-24 15:36:53|   0.2|  0.0|INFORM|System Status: 108.76 GB of disk space available in the FME temporary folder (C:\Users\LSANDE~1\AppData\Local\Temp\2)
2017-10-24 15:36:53|   0.2|  0.0|INFORM|System Status: 128.00 TB of virtual memory available
2017-10-24 15:36:53|   0.3|  0.0|INFORM|Operating System: Microsoft Windows Server 10 Server 4.0 64-bit  (Build 14393)
2017-10-24 15:36:53|   0.3|  0.0|INFORM|FME Platform: WIN64
2017-10-24 15:36:53|   0.3|  0.0|INFORM|Locale: en_US
2017-10-24 15:36:53|   0.3|  0.0|INFORM|Code Page: 1252  (ANSI - Latin I)
2017-10-24 15:36:53|   0.3|  0.0|INFORM|FME Configuration: Process limit is 4.00 GB of physical memory
2017-10-24 15:36:53|   0.3|  0.0|INFORM|FME Configuration: Start freeing memory when process usage exceeds 12.00 GB of virtual memory
2017-10-24 15:36:53|   0.3|  0.0|INFORM|FME Configuration: Stop freeing memory when process usage is below 9.00 GB of virtual memory
2017-10-24 15:36:53|   0.3|  0.0|INFORM|Creating writer for format: 
2017-10-24 15:36:53|   0.3|  0.0|INFORM|Creating reader for format: 
2017-10-24 15:36:53|   0.3|  0.0|INFORM|MULTI_READER(MULTI_READER): Will fail with first member reader failure
2017-10-24 15:36:53|   0.3|  0.0|INFORM|MULTI_READER(MULTI_READER): Adding NULL Reader with keyword CSV2_1
2017-10-24 15:36:53|   0.3|  0.0|INFORM|MULTI_READER(MULTI_READER): Adding NULL Reader with keyword CSV2_2
2017-10-24 15:36:53|   0.3|  0.0|INFORM|MULTI_READER(MULTI_READER): Adding NULL Reader with keyword CSV2_3
2017-10-24 15:36:53|   0.3|  0.0|INFORM|MULTI_READER(MULTI_READER): Adding CSV2 Reader with keyword CSV2_4
2017-10-24 15:36:53|   0.3|  0.0|INFORM|Using Multi Reader with keyword `MULTI_READER' to read multiple datasets
2017-10-24 15:36:53|   0.3|  0.0|INFORM|Creating reader for format: NULL (Nothing)
2017-10-24 15:36:53|   0.3|  0.0|INFORM|Trying to find a DYNAMIC plugin for reader named `NULL'
2017-10-24 15:36:53|   0.3|  0.0|INFORM|FME Configuration: Source coordinate system for reader CSV2_1[NULL] set to `UTM83-10'
2017-10-24 15:36:53|   0.3|  0.0|INFORM|Coordinate System `UTM83-10' parameters: CS_NAME=`UTM83-10' DESC_NM=`UTM with NAD83 datum, Zone 10, Meter; Central Meridian 123d W' DT_NAME=`NAD83' GROUP=`UTM83' MAP_SCL=`1' MAX_LAT=`86.93333333333334' MAX_LNG=`-119.25' MIN_LAT=`25.416666666666668' MIN_LNG=`-126.75' PARM1=`-123' PROJ=`TM' QUAD=`1' SCL_RED=`0.9996' SOURCE=`Snyder, J.P, 1987, Map Projections - A Working Manual' UNIT=`METER' X_OFF=`500000.0' Y_OFF=`0.0' 
2017-10-24 15:36:53|   0.3|  0.0|INFORM|Loaded module 'NULL' from file 'C:\Program Files\FME111\plugins/NULL.dll'
2017-10-24 15:36:53|   0.3|  0.0|INFORM|FME API version of module 'NULL' matches current internal version (3.8 20170315)
2017-10-24 15:36:53|   0.3|  0.0|INFORM|Using MultiWriter with keyword `MULTI_WRITER' to output data (ID_ATTRIBUTE is `multi_writer_id')
2017-10-24 15:36:53|   0.3|  0.0|INFORM|Writer output will be ordered by value of multi_writer_id
2017-10-24 15:36:53|   0.3|  0.0|INFORM|Loaded module 'LogCount_func' from file 'C:\Program Files\FME111\plugins/LogCount_func.dll'
2017-10-24 15:36:53|   0.3|  0.0|INFORM|FME API version of module 'LogCount_func' matches current internal version (3.8 20170315)
2017-10-24 15:36:53|   0.4|  0.0|INFORM|Loaded module 'BreakpointFactory' from file 'C:\Program Files\FME111\plugins/BreakpointFactory.dll'
2017-10-24 15:36:53|   0.4|  0.0|INFORM|FME API version of module 'BreakpointFactory' matches current internal version (3.8 20170315)
2017-10-24 15:36:53|   0.4|  0.0|INFORM|Feature Inspection module initialized. Workbench@54130 and FME@55199
2017-10-24 15:36:53|   0.4|  0.0|INFORM|FME API version of module 'BreakpointFactory' matches current internal version (3.8 20170315)
2017-10-24 15:36:53|   0.4|  0.0|INFORM|... Last line repeated 4 times ...
2017-10-24 15:36:53|   0.4|  0.0|INFORM|Loaded module 'PythonFactory' from file 'C:\Program Files\FME111\plugins/PythonFactory.dll'
2017-10-24 15:36:53|   0.4|  0.0|INFORM|FME API version of module 'PythonFactory' matches current internal version (3.8 20170315)
2017-10-24 15:36:53|   0.4|  0.0|INFORM|Using Python interpreter from `C:\Program Files\FME111\fmepython27\python27.dll' with PYTHONHOME `C:\Program Files\FME111\fmepython27'
2017-10-24 15:36:53|   0.4|  0.0|INFORM|Python version 2.7 loaded successfully
2017-10-24 15:36:53|   0.5|  0.1|INFORM|FME API version of module 'BreakpointFactory' matches current internal version (3.8 20170315)
2017-10-24 15:36:53|   0.5|  0.0|INFORM|... Last line repeated 4 times ...
2017-10-24 15:36:53|   0.5|  0.0|INFORM|Loaded module 'InspectorFactory' from file 'C:\Program Files\FME111\plugins/InspectorFactory.dll'
2017-10-24 15:36:53|   0.5|  0.0|INFORM|FME API version of module 'InspectorFactory' matches current internal version (3.8 20170315)
2017-10-24 15:36:53|   0.5|  0.0|INFORM|Creating reader for format: NULL (Nothing)
2017-10-24 15:36:53|   0.5|  0.0|INFORM|Trying to find a DYNAMIC plugin for reader named `NULL'
2017-10-24 15:36:53|   0.5|  0.0|INFORM|FME Configuration: Source coordinate system for reader CSV2_2[NULL] set to `LL84'
2017-10-24 15:36:53|   0.5|  0.0|INFORM|Coordinate System `LL84' parameters: CS_NAME=`LL84' DESC_NM=`WGS84 datum, Latitude-Longitude; Degrees' DT_NAME=`WGS84' GROUP=`LL' MAP_SCL=`1' MAX_LAT=`90' MAX_LNG=`182' MIN_LAT=`-90' MIN_LNG=`-182' PROJ=`LL' QUAD=`1' SCL_RED=`1' SOURCE=`Mentor Software' UNIT=`DEGREE' 
2017-10-24 15:36:53|   0.5|  0.0|INFORM|FME API version of module 'NULL' matches current internal version (3.8 20170315)
2017-10-24 15:36:53|   0.5|  0.0|INFORM|Creating reader for format: NULL (Nothing)
2017-10-24 15:36:53|   0.5|  0.0|INFORM|Trying to find a DYNAMIC plugin for reader named `NULL'
2017-10-24 15:36:53|   0.5|  0.0|INFORM|FME Configuration: Source coordinate system for reader CSV2_3[NULL] set to `UTM83-10'
2017-10-24 15:36:53|   0.5|  0.0|INFORM|Coordinate System `UTM83-10' parameters: CS_NAME=`UTM83-10' DESC_NM=`UTM with NAD83 datum, Zone 10, Meter; Central Meridian 123d W' DT_NAME=`NAD83' GROUP=`UTM83' MAP_SCL=`1' MAX_LAT=`86.93333333333334' MAX_LNG=`-119.25' MIN_LAT=`25.416666666666668' MIN_LNG=`-126.75' PARM1=`-123' PROJ=`TM' QUAD=`1' SCL_RED=`0.9996' SOURCE=`Snyder, J.P, 1987, Map Projections - A Working Manual' UNIT=`METER' X_OFF=`500000.0' Y_OFF=`0.0' 
2017-10-24 15:36:53|   0.5|  0.0|INFORM|FME API version of module 'NULL' matches current internal version (3.8 20170315)
2017-10-24 15:36:53|   0.6|  0.1|INFORM|Creating reader for format: CSV (Comma Separated Value)
2017-10-24 15:36:53|   0.7|  0.0|INFORM|Trying to find a DYNAMIC plugin for reader named `CSV2'
2017-10-24 15:36:53|   0.7|  0.0|INFORM|Loaded module 'CSV2' from file 'C:\Program Files\FME111\plugins/CSV2.dll'
2017-10-24 15:36:53|   0.7|  0.0|INFORM|FME API version of module 'CSV2' matches current internal version (3.8 20170315)
2017-10-24 15:36:53|   0.7|  0.0|INFORM|CSV reader: Opening dataset 'C:\Users\lsanderson\Documents\SafeProjects\GettingStarted-CSV\2016CulturalSpaces.csv'
2017-10-24 15:36:53|   0.7|  0.0|INFORM|CSV reader: Directive '_DELIMITER' has the value ','
2017-10-24 15:36:53|   0.7|  0.0|INFORM|CSV reader: Directive '_FIELD_NAMES_LINE' has the value '1'
2017-10-24 15:36:53|   0.7|  0.0|INFORM|CSV reader: Directive '_DATA_START_LINE' has the value '2'
2017-10-24 15:36:53|   0.7|  0.0|INFORM|CSV reader: Directive '_SCAN_MAX_ROWS' has the value '1000'
2017-10-24 15:36:53|   0.7|  0.0|INFORM|CSV reader: Directive '_READ_SKIPPED_LINES' has the value 'No'
2017-10-24 15:36:53|   0.7|  0.0|INFORM|CSV reader: Directive '_SKIP_DUPLICATE_DELIMITERS' has the value 'No'
2017-10-24 15:36:53|   0.7|  0.0|INFORM|CSV reader: Directive '_FIELD_QUALIFIER_CHARACTER' has the value '"'
2017-10-24 15:36:53|   0.7|  0.0|INFORM|CSV reader: Directive '_FIELD_QUALIFIER_ESCAPE_CHARACTER' has the value '"'
2017-10-24 15:36:53|   0.7|  0.0|INFORM|CSV reader: Directive '_TRIM_FIELD_NAME_QUALIFIERS' has the value 'Yes'
2017-10-24 15:36:53|   0.7|  0.0|INFORM|CSV reader: Directive '_TRIM_FIELD_VALUE_QUALIFIERS' has the value 'Yes'
2017-10-24 15:36:53|   0.7|  0.0|INFORM|CSV reader: Directive '_PRESERVE_SOURCE_ENCODING' has the value 'No'
2017-10-24 15:36:53|   0.7|  0.0|INFORM|CSV reader: Directive '_CASE_SENSITIVE_FIELD_NAMES' has the value 'Yes'
2017-10-24 15:36:53|   0.7|  0.0|INFORM|CSV reader: Directive '_ENFORCE_STRICT_SCHEMA' has the value 'No'
2017-10-24 15:36:53|   0.7|  0.0|INFORM|CSV reader: Directive '_SCAN_TYPES' has the value 'No'
2017-10-24 15:36:53|   0.7|  0.0|INFORM|CSV reader: Directive '_SCAN_ADDITIONAL_FIELDS' has the value 'No'
2017-10-24 15:36:53|   0.7|  0.0|INFORM|CSV_CSV2_4 Break Point -1 42(BreakpointFactory): Splitting feature table
2017-10-24 15:36:53|   0.8|  0.0|INFORM|Creating writer for format: FME Feature Store (FFS)
2017-10-24 15:36:54|   0.8|  0.0|INFORM|FME Configuration: No destination coordinate system set
2017-10-24 15:36:55|   2.3|  1.5|INFORM|Geocoder (Geocoder): Starting 4 thread(s) to make geocoding requests
2017-10-24 15:36:55|   2.3|  0.0|INFORM|Geocoder (Geocoder): Worker thread #0 has started successfully
2017-10-24 15:36:55|   2.3|  0.0|INFORM|Geocoder (Geocoder): Worker thread #1 has started successfully
2017-10-24 15:36:55|   2.3|  0.0|INFORM|Geocoder (Geocoder): Worker thread #2 has started successfully
2017-10-24 15:36:55|   2.3|  0.0|INFORM|Geocoder (Geocoder): Worker thread #3 has started successfully
2017-10-24 15:36:56|   3.4|  1.1|INFORM|Creating writer for format: CSV (Comma Separated Value)
2017-10-24 15:36:56|   3.4|  0.0|INFORM|Trying to find a DYNAMIC plugin for writer named `CSV2'
2017-10-24 15:36:56|   3.4|  0.0|INFORM|FME API version of module 'CSV2' matches current internal version (3.8 20170315)
2017-10-24 15:36:56|   3.4|  0.0|INFORM|FME Configuration: No destination coordinate system set
2017-10-24 15:36:56|   3.4|  0.0|INFORM|FME API version of module 'CSV2' matches current internal version (3.8 20170315)
2017-10-24 15:36:56|   3.4|  0.0|INFORM|Writer `CSV2_5' of type `CSV2' using group definition keyword `CSV2_5_DEF'
2017-10-24 15:36:56|   3.4|  0.0|INFORM|FME API version of module 'CSV2' matches current internal version (3.8 20170315)
2017-10-24 15:36:56|   3.4|  0.0|INFORM|CSV writer: Directive '_EXTENSION' has the value 'csv'
2017-10-24 15:36:56|   3.4|  0.0|INFORM|CSV writer: Directive '_DELIMITER' has the value ','
2017-10-24 15:36:56|   3.4|  0.0|INFORM|CSV writer: Directive '_WRITE_BOM_FOR_UNICODE' has the value 'Yes'
2017-10-24 15:36:56|   3.4|  0.0|INFORM|CSV writer: Directive '_QUALIFY_FIELD_NAMES' has the value 'if_needed'
2017-10-24 15:36:56|   3.4|  0.0|INFORM|CSV writer: Directive '_QUALIFY_FIELD_VALUES' has the value 'if_needed'
2017-10-24 15:36:56|   3.4|  0.0|INFORM|CSV writer: Directive '_FIELD_QUALIFIER_CHARACTER' has the value '"'
2017-10-24 15:36:56|   3.4|  0.0|INFORM|CSV writer: Directive '_FIELD_QUALIFIER_ESCAPE_CHARACTER' has the value '"'
2017-10-24 15:36:56|   3.4|  0.0|INFORM|CSV writer: Directive '_ROW_TERMINATION' has the value 'System'
2017-10-24 15:36:56|   3.4|  0.0|INFORM|CSV writer: Directive '_WRITE_SCHEMA_FILE' has the value 'NO'
2017-10-24 15:36:56|   3.4|  0.0|INFORM|CSV writer: Opening dataset 'C:\Users\lsanderson\Documents\SafeProjects\GettingStarted-CSV\CSV.csv'
2017-10-24 15:36:58|   4.9|  1.5|INFORM|CSV_CSV2_4 Break Point -1 42(BreakpointFactory): Processed 26 of 390 features
2017-10-24 15:37:03|   6.3|  1.4|INFORM|CSV_CSV2_4 Break Point -1 42(BreakpointFactory): Processed 76 of 390 features
2017-10-24 15:37:08|   7.5|  1.2|INFORM|CSV_CSV2_4 Break Point -1 42(BreakpointFactory): Processed 113 of 390 features
2017-10-24 15:37:13|   8.5|  1.0|INFORM|CSV_CSV2_4 Break Point -1 42(BreakpointFactory): Processed 151 of 390 features
2017-10-24 15:37:14|   8.8|  0.3|WARN  |Geocoder (Geocoder): Geocoding result invalid, status: 'ZERO_RESULTS'. If using attribute values for geocoding parameters, please check your data for errors
2017-10-24 15:37:14|   8.8|  0.0|STATS |Storing feature(s) to FME feature store file `C:\Users\lsanderson\Documents\SafeProjects\GettingStarted-CSV\CSVTo_log.ffs'
2017-10-24 15:37:14|   8.8|  0.0|INFORM|Geocoder__Rejected_: Feature is:
2017-10-24 15:37:14|   8.8|  0.0|INFORM|+++++++++++++++++++++++++++++++++++++++++++++++++++++++++++++++++++++++++++
2017-10-24 15:37:14|   8.8|  0.0|INFORM|Feature Type: `Geocoder__Rejected__LOGGED'
2017-10-24 15:37:14|   8.8|  0.0|INFORM|Attribute(string)                 : `ACTIVE_SPACE' has value `Yes'
2017-10-24 15:37:14|   8.8|  0.0|INFORM|Attribute(string)                 : `ADDRESS' has value `110 E Hastings St, Vancouver, BC, V6N 1N4'
2017-10-24 15:37:14|   8.8|  0.0|INFORM|Attribute(string)                 : `CULTURAL_SPACE_NAME' has value `Gam Gallery'
2017-10-24 15:37:14|   8.8|  0.0|INFORM|Attribute(string)                 : `LOCAL_AREA' has value `Downtown'
2017-10-24 15:37:14|   8.8|  0.0|INFORM|Attribute(string)                 : `NUMBER_OF_SEATS' has value `'
2017-10-24 15:37:14|   8.8|  0.0|INFORM|Attribute(string)                 : `OWNERSHIP' has value `Privately Owned'
2017-10-24 15:37:14|   8.8|  0.0|INFORM|Attribute(string)                 : `PRIMARY_USE' has value `Museum/Gallery'
2017-10-24 15:37:14|   8.8|  0.0|INFORM|Attribute(string)                 : `SQUARE_FEET' has value `2000'
2017-10-24 15:37:14|   8.8|  0.0|INFORM|Attribute(string)                 : `TYPE' has value `Museum/Gallery'
2017-10-24 15:37:14|   8.8|  0.0|INFORM|Attribute(string)                 : `WEBSITE' has value `http://gamgallery.com/contact/'
2017-10-24 15:37:14|   8.8|  0.0|INFORM|Attribute(64 bit unsigned integer): `csv_line_number' has value `140'
2017-10-24 15:37:14|   8.8|  0.0|INFORM|Attribute(32 bit unsigned integer): `csv_number_of_fields' has value `11'
2017-10-24 15:37:14|   8.9|  0.0|INFORM|Attribute(32 bit unsigned integer): `csv_total_number_of_columns' has value `12'
2017-10-24 15:37:14|   8.9|  0.0|INFORM|Attribute(string)                 : `fme_feature_type' has value `CSV'
2017-10-24 15:37:14|   8.9|  0.0|INFORM|Attribute(string)                 : `fme_geometry' has value `fme_undefined'
2017-10-24 15:37:14|   8.9|  0.0|INFORM|Attribute(encoded: utf-8)         : `fme_rejection_code' has value `ERROR_DURING_PROCESSING'
2017-10-24 15:37:14|   8.9|  0.0|INFORM|Attribute(encoded: utf-8)         : `fme_rejection_message' has value `ZERO_RESULTS'
2017-10-24 15:37:14|   8.9|  0.0|INFORM|Attribute(entangled: string)      : `fme_type' has value `fme_no_geom'
2017-10-24 15:37:14|   8.9|  0.0|INFORM|          entangled to [csv_type]
2017-10-24 15:37:14|   8.9|  0.0|INFORM|Attribute(32 bit integer)         : `multi_reader_full_id' has value `3'
2017-10-24 15:37:14|   8.9|  0.0|INFORM|Attribute(32 bit integer)         : `multi_reader_id' has value `3'
2017-10-24 15:37:14|   8.9|  0.0|INFORM|Attribute(string)                 : `multi_reader_keyword' has value `CSV2_4'
2017-10-24 15:37:14|   8.9|  0.0|INFORM|Attribute(string)                 : `multi_reader_type' has value `CSV2'
2017-10-24 15:37:14|   8.9|  0.0|INFORM|Coordinate System: `'
2017-10-24 15:37:14|   8.9|  0.0|INFORM|Geometry Type: IFMENull
2017-10-24 15:37:14|   8.9|  0.0|INFORM|===========================================================================
2017-10-24 15:37:18|   9.8|  1.0|INFORM|CSV_CSV2_4 Break Point -1 42(BreakpointFactory): Processed 194 of 390 features
2017-10-24 15:37:23|  11.0|  1.1|INFORM|CSV_CSV2_4 Break Point -1 42(BreakpointFactory): Processed 233 of 390 features
2017-10-24 15:37:28|  12.4|  1.4|INFORM|CSV_CSV2_4 Break Point -1 42(BreakpointFactory): Processed 279 of 390 features
2017-10-24 15:37:33|  13.3|  1.0|INFORM|CSV_CSV2_4 Break Point -1 42(BreakpointFactory): Processed 312 of 390 features
2017-10-24 15:37:38|  14.1|  0.8|INFORM|CSV_CSV2_4 Break Point -1 42(BreakpointFactory): Processed 338 of 390 features
2017-10-24 15:37:43|  15.3|  1.2|INFORM|CSV_CSV2_4 Break Point -1 42(BreakpointFactory): Processed 381 of 390 features
2017-10-24 15:37:44|  15.6|  0.3|INFORM|CSV_CSV2_4 Break Point -1 42(BreakpointFactory): Processed 390 of 390 features
2017-10-24 15:37:44|  15.6|  0.0|INFORM|MULTI_READER(MULTI_READER): Done reading 390 features from 4 readers
2017-10-24 15:37:44|  15.6|  0.0|INFORM|Emptying factory pipeline
2017-10-24 15:37:44|  15.6|  0.0|STATS |Router and Unexpected Input Remover(RoutingFactory): Tested 390 input feature(s), wrote 390 output feature(s): 390 matched merge filters, 390 were routed to output, 0 could not be routed.
2017-10-24 15:37:44|  15.6|  0.0|STATS |Unexpected Input Remover Nuker(TeeFactory): Cloned 0 input feature(s) into 0 output feature(s)
2017-10-24 15:37:44|  15.6|  0.0|STATS |CSV (CSV2_3) Splitter(TeeFactory): Cloned 0 input feature(s) into 0 output feature(s)
2017-10-24 15:37:44|  15.6|  0.0|STATS |CSV_CSV2_3 Disabled Nuker -1 30(TeeFactory): Cloned 0 input feature(s) into 0 output feature(s)
2017-10-24 15:37:44|  15.6|  0.0|STATS |CSV (CSV2_2) Splitter(TeeFactory): Cloned 0 input feature(s) into 0 output feature(s)
2017-10-24 15:37:44|  15.6|  0.0|STATS |CSV_CSV2_2 Disabled Nuker -1 22(TeeFactory): Cloned 0 input feature(s) into 0 output feature(s)
2017-10-24 15:37:44|  15.6|  0.0|STATS |CSV (CSV2_4) Splitter(TeeFactory): Cloned 390 input feature(s) into 390 output feature(s)
2017-10-24 15:37:44|  15.6|  0.0|STATS |CSV (CSV2_1) Splitter(TeeFactory): Cloned 0 input feature(s) into 0 output feature(s)
2017-10-24 15:37:44|  15.6|  0.0|STATS |CSV_CSV2_1 Disabled Nuker -1 17(TeeFactory): Cloned 0 input feature(s) into 0 output feature(s)
2017-10-24 15:37:44|  15.6|  0.0|STATS |AttributeRemover(TeeFactory): Cloned 390 input feature(s) into 390 output feature(s)
2017-10-24 15:37:44|  15.6|  0.0|STATS |AttributeRemover OUTPUT Splitter(TeeFactory): Cloned 390 input feature(s) into 780 output feature(s)
2017-10-24 15:37:44|  15.6|  0.0|STATS |Geocoder_CATCHER(TeeFactory): Cloned 390 input feature(s) into 390 output feature(s)
2017-10-24 15:37:46|  16.0|  0.3|STATS |Geocoder_ROUTER(TestFactory): Tested 390 input feature(s) -- 389 feature(s) passed and 1 feature(s) failed
2017-10-24 15:37:46|  16.0|  0.0|STATS |Geocoder_OUTPUT Feature Counter -1 2147614759(TeeFactory): Cloned 389 input feature(s) into 0 output feature(s)
2017-10-24 15:37:46|  16.0|  0.0|STATS |Geocoder__Rejected__Logger(TeeFactory): Cloned 1 input feature(s) into 1 output feature(s)
2017-10-24 15:37:46|  16.0|  0.0|STATS |Geocoder__Rejected__LOGGED Feature Counter -1 2147614766(TeeFactory): Cloned 1 input feature(s) into 0 output feature(s)
2017-10-24 15:37:46|  16.0|  0.0|STATS |CSV (Disabled) Nuker(TeeFactory): Cloned 0 input feature(s) into 0 output feature(s)
2017-10-24 15:37:46|  16.0|  0.0|STATS |VertexCreator_2 (Disabled) Nuker(TeeFactory): Cloned 0 input feature(s) into 0 output feature(s)
2017-10-24 15:37:46|  16.0|  0.0|STATS |VertexCreator_2_OUTPUT Disabled Nuker -1 24(TeeFactory): Cloned 0 input feature(s) into 0 output feature(s)
2017-10-24 15:37:46|  16.0|  0.0|STATS |VertexCreator_2_<REJECTED> Feature Counter -1 2147680277(TeeFactory): Cloned 0 input feature(s) into 0 output feature(s)
2017-10-24 15:37:46|  16.0|  0.0|STATS |VertexCreator_2_<Rejected>(TeeFactory): Cloned 0 input feature(s) into 0 output feature(s)
2017-10-24 15:37:46|  16.0|  0.0|STATS |LineBuilder_2 (Disabled) Nuker(TeeFactory): Cloned 0 input feature(s) into 0 output feature(s)
2017-10-24 15:37:46|  16.0|  0.0|STATS |LineBuilder_2_POINT Feature Counter -1 2147614743(TeeFactory): Cloned 0 input feature(s) into 0 output feature(s)
2017-10-24 15:37:46|  16.0|  0.0|STATS |LineBuilder_2_LINE Feature Counter -1 2147680279(TeeFactory): Cloned 0 input feature(s) into 0 output feature(s)
2017-10-24 15:37:46|  16.0|  0.0|STATS |LineBuilder_2_POLYGON Disabled Nuker -1 26(TeeFactory): Cloned 0 input feature(s) into 0 output feature(s)
2017-10-24 15:37:46|  16.0|  0.0|STATS |LineBuilder_2_<REJECTED> Feature Counter -1 2147811351(TeeFactory): Cloned 0 input feature(s) into 0 output feature(s)
2017-10-24 15:37:46|  16.0|  0.0|STATS |LineBuilder_2_<Rejected>(TeeFactory): Cloned 0 input feature(s) into 0 output feature(s)
2017-10-24 15:37:46|  16.0|  0.0|STATS |LineBuilder_2_Line (Disabled) Nuker(TeeFactory): Cloned 0 input feature(s) into 0 output feature(s)
2017-10-24 15:37:46|  16.0|  0.0|STATS |VertexCreator (Disabled) Nuker(TeeFactory): Cloned 0 input feature(s) into 0 output feature(s)
2017-10-24 15:37:46|  16.0|  0.0|STATS |VertexCreator_OUTPUT Disabled Nuker -1 18(TeeFactory): Cloned 0 input feature(s) into 0 output feature(s)
2017-10-24 15:37:46|  16.0|  0.0|STATS |VertexCreator_<REJECTED> Feature Counter -1 2147680272(TeeFactory): Cloned 0 input feature(s) into 0 output feature(s)
2017-10-24 15:37:46|  16.0|  0.0|STATS |VertexCreator_<Rejected>(TeeFactory): Cloned 0 input feature(s) into 0 output feature(s)
2017-10-24 15:37:46|  16.0|  0.0|STATS |LineBuilder (Disabled) Nuker(TeeFactory): Cloned 0 input feature(s) into 0 output feature(s)
2017-10-24 15:37:46|  16.0|  0.0|STATS |LineBuilder_POINT Feature Counter -1 2147614726(TeeFactory): Cloned 0 input feature(s) into 0 output feature(s)
2017-10-24 15:37:46|  16.0|  0.0|STATS |LineBuilder_POLYGON Feature Counter -1 2147745798(TeeFactory): Cloned 0 input feature(s) into 0 output feature(s)
2017-10-24 15:37:46|  16.0|  0.0|STATS |LineBuilder_<REJECTED> Feature Counter -1 2147811334(TeeFactory): Cloned 0 input feature(s) into 0 output feature(s)
2017-10-24 15:37:46|  16.0|  0.0|STATS |LineBuilder_<Rejected>(TeeFactory): Cloned 0 input feature(s) into 0 output feature(s)
2017-10-24 15:37:46|  16.0|  0.0|INFORM|LineBuilder_Line_Recorder(RecorderFactory): Recorded 0 feature(s) to file `C:\Users\LSANDE~1\AppData\Local\Temp\2\CSVTo_153653\inspector.ffs'
2017-10-24 15:37:46|  16.0|  0.0|STATS |Destination Feature Type Routing Correlator(RoutingFactory): Tested 390 input feature(s), wrote 390 output feature(s): 0 matched merge filters, 390 were routed to output, 0 could not be routed.
2017-10-24 15:37:46|  16.0|  0.0|STATS |Final Output Nuker(TeeFactory): Cloned 0 input feature(s) into 0 output feature(s)
2017-10-24 15:37:46|  16.0|  0.0|STATS |f_53(CreationFactory): Created 1 features
2017-10-24 15:37:46|  16.0|  0.0|STATS |f_54(TeeFactory): Cloned 1 input feature(s) into 0 output feature(s)
2017-10-24 15:37:46|  16.0|  0.0|STATS |Stored 1561 feature(s) to FME feature store file `C:\Users\LSANDE~1\AppData\Local\Temp\2\no-conn-ffs-1508884612867_3280.ffs'
2017-10-24 15:37:46|  16.0|  0.0|INFORM|Saving spatial index into file 'C:\Users\LSANDE~1\AppData\Local\Temp\2\no-conn-ffs-1508884612867_3280.fsi'
2017-10-24 15:37:46|  16.0|  0.0|INFORM|Finished saving spatial index into file 'C:\Users\LSANDE~1\AppData\Local\Temp\2\no-conn-ffs-1508884612867_3280.fsi'
2017-10-24 15:37:46|  16.0|  0.0|INFORM|=-=-=-=-=-=-=-=-=-=-=-=-=-=-=-=-=-=-=-=-=-=-=-=-=-=-=-=-=-=-=-=-=-=-=-=-=-=-=-
2017-10-24 15:37:46|  16.0|  0.0|INFORM|Feature output statistics for `FFS' writer using keyword `W_1':
2017-10-24 15:37:46|  16.0|  0.0|STATS |=-=-=-=-=-=-=-=-=-=-=-=-=-=-=-=-=-=-=-=-=-=-=-=-=-=-=-=-=-=-=-=-=-=-=-=-=-=-=-
2017-10-24 15:37:46|  16.0|  0.0|STATS |                               Features Written
2017-10-24 15:37:46|  16.0|  0.0|STATS |=-=-=-=-=-=-=-=-=-=-=-=-=-=-=-=-=-=-=-=-=-=-=-=-=-=-=-=-=-=-=-=-=-=-=-=-=-=-=-
2017-10-24 15:37:46|  16.0|  0.0|STATS |AttributeRemover_OUTPUT_0_KgEqTnnsDj0=                                     390
2017-10-24 15:37:46|  16.0|  0.0|STATS |AttributeRemover_OUTPUT_1_Uawi2isjKi0=                                     390
2017-10-24 15:37:46|  16.0|  0.0|STATS |CSV_CSV2_4                                                                 390
2017-10-24 15:37:46|  16.0|  0.0|STATS |Geocoder_<REJECTED>                                                          1
2017-10-24 15:37:46|  16.0|  0.0|STATS |Geocoder_OUTPUT                                                            389
2017-10-24 15:37:46|  16.0|  0.0|STATS |Geocoder__Rejected__LOGGED                                                   1
2017-10-24 15:37:46|  16.0|  0.0|STATS |==============================================================================
2017-10-24 15:37:46|  16.0|  0.0|STATS |Total Features Written                                                    1561
2017-10-24 15:37:46|  16.0|  0.0|STATS |=-=-=-=-=-=-=-=-=-=-=-=-=-=-=-=-=-=-=-=-=-=-=-=-=-=-=-=-=-=-=-=-=-=-=-=-=-=-=-
2017-10-24 15:37:46|  16.0|  0.0|INFORM|=-=-=-=-=-=-=-=-=-=-=-=-=-=-=-=-=-=-=-=-=-=-=-=-=-=-=-=-=-=-=-=-=-=-=-=-=-=-=-
2017-10-24 15:37:46|  16.0|  0.0|INFORM|Feature output statistics for `CSV2' writer using keyword `CSV2_5':
2017-10-24 15:37:46|  16.0|  0.0|STATS |=-=-=-=-=-=-=-=-=-=-=-=-=-=-=-=-=-=-=-=-=-=-=-=-=-=-=-=-=-=-=-=-=-=-=-=-=-=-=-
2017-10-24 15:37:46|  16.0|  0.0|STATS |                               Features Written
2017-10-24 15:37:46|  16.0|  0.0|STATS |=-=-=-=-=-=-=-=-=-=-=-=-=-=-=-=-=-=-=-=-=-=-=-=-=-=-=-=-=-=-=-=-=-=-=-=-=-=-=-
2017-10-24 15:37:46|  16.0|  0.0|STATS |CSV                                                                        390
2017-10-24 15:37:46|  16.0|  0.0|STATS |==============================================================================
2017-10-24 15:37:46|  16.0|  0.0|STATS |Total Features Written                                                     390
2017-10-24 15:37:46|  16.0|  0.0|STATS |=-=-=-=-=-=-=-=-=-=-=-=-=-=-=-=-=-=-=-=-=-=-=-=-=-=-=-=-=-=-=-=-=-=-=-=-=-=-=-
2017-10-24 15:37:46|  16.0|  0.0|STATS |=-=-=-=-=-=-=-=-=-=-=-=-=-=-=-=-=-=-=-=-=-=-=-=-=-=-=-=-=-=-=-=-=-=-=-=-=-=-=-
2017-10-24 15:37:46|  16.0|  0.0|STATS |                            Features Read Summary
2017-10-24 15:37:46|  16.0|  0.0|STATS |=-=-=-=-=-=-=-=-=-=-=-=-=-=-=-=-=-=-=-=-=-=-=-=-=-=-=-=-=-=-=-=-=-=-=-=-=-=-=-
2017-10-24 15:37:46|  16.0|  0.0|STATS |CSV                                                                        390
2017-10-24 15:37:46|  16.0|  0.0|STATS |==============================================================================
2017-10-24 15:37:46|  16.0|  0.0|STATS |Total Features Read                                                        390
2017-10-24 15:37:46|  16.0|  0.0|STATS |=-=-=-=-=-=-=-=-=-=-=-=-=-=-=-=-=-=-=-=-=-=-=-=-=-=-=-=-=-=-=-=-=-=-=-=-=-=-=-
2017-10-24 15:37:46|  16.0|  0.0|STATS |=-=-=-=-=-=-=-=-=-=-=-=-=-=-=-=-=-=-=-=-=-=-=-=-=-=-=-=-=-=-=-=-=-=-=-=-=-=-=-
2017-10-24 15:37:46|  16.0|  0.0|STATS |                           Features Written Summary
2017-10-24 15:37:46|  16.0|  0.0|STATS |=-=-=-=-=-=-=-=-=-=-=-=-=-=-=-=-=-=-=-=-=-=-=-=-=-=-=-=-=-=-=-=-=-=-=-=-=-=-=-
2017-10-24 15:37:46|  16.0|  0.0|STATS |CSV                                                                        390
2017-10-24 15:37:46|  16.0|  0.0|STATS |==============================================================================
2017-10-24 15:37:46|  16.0|  0.0|STATS |Total Features Written                                                     390
2017-10-24 15:37:46|  16.0|  0.0|STATS |=-=-=-=-=-=-=-=-=-=-=-=-=-=-=-=-=-=-=-=-=-=-=-=-=-=-=-=-=-=-=-=-=-=-=-=-=-=-=-
2017-10-24 15:37:46|  16.0|  0.0|WARN  |-~-~-~-~-~-~-~-~-~-~-~-~-~-~-~-~-~-~-~-~-~-~-~-~-~-~-~-~-~-~-~-~-~-~-~-~-~-~-~-~-
2017-10-24 15:37:46|  16.0|  0.0|WARN  |-~                                                                             ~-
2017-10-24 15:37:46|  16.0|  0.0|WARN  |-~       Features have been recorded at every stage of the translation.        ~-
2017-10-24 15:37:46|  16.0|  0.0|WARN  |-~                      To inspect the recorded features,                      ~-
2017-10-24 15:37:46|  16.0|  0.0|WARN  |-~      double-click the feature count numbers on connections and ports.       ~-
2017-10-24 15:37:46|  16.0|  0.0|WARN  |-~                                                                             ~-
2017-10-24 15:37:46|  16.0|  0.0|WARN  |-~-~-~-~-~-~-~-~-~-~-~-~-~-~-~-~-~-~-~-~-~-~-~-~-~-~-~-~-~-~-~-~-~-~-~-~-~-~-~-~-
2017-10-24 15:37:46|  16.0|  0.0|INFORM|Translation was SUCCESSFUL with 8 warning(s) (390 feature(s) output)
2017-10-24 15:37:46|  16.1|  0.0|STATS |Stored 1 feature(s) to FME feature store file `C:\Users\lsanderson\Documents\SafeProjects\GettingStarted-CSV\CSVTo_log.ffs'
2017-10-24 15:37:46|  16.1|  0.0|INFORM|FME Session Duration: 53.5 seconds. (CPU: 14.2s user, 1.7s system)
2017-10-24 15:37:46|  16.1|  0.0|INFORM|END - ProcessID: 3472, peak process memory usage: 137680 kB, current process memory usage: 118420 kB
