2017-11-06 13:42:06|   0.1|  0.1|INFORM|FME 2017.1.1.1 (20171014 - Build 17652 - WIN32)
2017-11-06 13:42:06|   0.1|  0.0|INFORM|FME_HOME is 'C:\apps\FME(32bit)\'
2017-11-06 13:42:06|   0.1|  0.0|INFORM|FME Smallworld Edition (node locked-crc)
2017-11-06 13:42:06|   0.1|  0.0|INFORM|Serial Number: 12345
2017-11-06 13:42:06|   0.1|  0.0|INFORM|Permanent License.
2017-11-06 13:42:06|   0.1|  0.0|INFORM|Machine host name is: kc-ls-windows1
2017-11-06 13:42:06|   0.1|  0.0|INFORM|START - ProcessID: 10632, peak process memory usage: 28332 kB, current process memory usage: 28244 kB
2017-11-06 13:42:06|   0.1|  0.0|INFORM|FME Configuration: Command line arguments are `C:\apps\FME(32bit)\fme.exe' `C:/Users/lsanderson/Documents/SafeProjects/GettingStarted-CSV/CSVToShape\wb-xlate-1510004525932_10752' `LOG_STANDARDOUT' `YES' `LogCountServerName' `{fd51ac8c-b037-4541-9ead-f1d03177051e}' `DEBUG_PORT' `53954'
2017-11-06 13:42:06|   0.2|  0.1|INFORM|Shared folders for formats are : C:\apps\FME(32bit)\datasources;C:\Users\lsanderson\Documents\FME\Plugins\R\Formats;C:\Users\lsanderson\AppData\Roaming\Safe Software\FME\FME Store\Formats;C:\Users\lsanderson\Documents\FME\Formats
2017-11-06 13:42:06|   0.2|  0.0|INFORM|Shared folders for transformers are : C:\apps\FME(32bit)\transformers;C:\Users\lsanderson\Documents\FME\Plugins\R\Transformers;C:\Users\lsanderson\Documents\FME\Transformers;C:\Users\lsanderson\AppData\Roaming\Safe Software\FME\FME Store\Transformers
2017-11-06 13:42:06|   0.2|  0.0|INFORM|Shared folders for coordinate systems are : C:\Users\lsanderson\Documents\FME\Plugins\R\CoordinateSystems;C:\Users\lsanderson\Documents\FME\CoordinateSystems
2017-11-06 13:42:06|   0.2|  0.0|INFORM|Shared folders for coordinate system exceptions are : C:\Users\lsanderson\Documents\FME\Plugins\R\CoordinateSystemExceptions;C:\Users\lsanderson\Documents\FME\CoordinateSystemExceptions
2017-11-06 13:42:06|   0.2|  0.0|INFORM|Shared folders for coordinate system grid overrides are : C:\Users\lsanderson\Documents\FME\Plugins\R\CoordinateSystemGridOverrides;C:\Users\lsanderson\Documents\FME\CoordinateSystemGridOverrides
2017-11-06 13:42:06|   0.2|  0.0|INFORM|Shared folders for CS-MAP transformation exceptions are : C:\Users\lsanderson\Documents\FME\Plugins\R\CsmapTransformationExceptions;C:\Users\lsanderson\Documents\FME\CsmapTransformationExceptions
2017-11-06 13:42:06|   0.2|  0.0|INFORM|Shared folders for transformer categories are : C:\Users\lsanderson\Documents\FME\Plugins\R\TransformerCategories;C:\Users\lsanderson\Documents\FME\TransformerCategories
2017-11-06 13:42:06|   0.2|  0.0|INFORM|Mapping File Identifier is: csv2shape
2017-11-06 13:42:06|   0.2|  0.0|INFORM|FME Configuration: Reader Keyword is `CSV2_1'
2017-11-06 13:42:06|   0.2|  0.0|INFORM|FME Configuration: Writer Keyword is `MULTI_WRITER'
2017-11-06 13:42:06|   0.2|  0.0|INFORM|FME Configuration: Writer Group Definition Keyword is `MULTI_WRITER_DEF'
2017-11-06 13:42:06|   0.2|  0.0|INFORM|FME Configuration: Reader type is `CSV2'
2017-11-06 13:42:06|   0.2|  0.0|INFORM|FME Configuration: Writer type is `MULTI_WRITER'
2017-11-06 13:42:06|   0.2|  0.0|INFORM|FME Configuration: No destination coordinate system set
2017-11-06 13:42:06|   0.2|  0.0|INFORM|FME Configuration: Current working folder is `C:\Users\lsanderson\Documents\SafeProjects\GettingStarted-CSV\CSVToShape'
2017-11-06 13:42:06|   0.2|  0.0|INFORM|FME Configuration: Temporary folder is `C:\Users\LSANDE~1\AppData\Local\Temp\2', set from environment variable `TEMP'
2017-11-06 13:42:06|   0.2|  0.0|INFORM|FME Configuration: FME_HOME is `C:\apps\FME(32bit)\'
2017-11-06 13:42:06|   0.2|  0.0|INFORM|FME Configuration: FME_BASE is 'no'
2017-11-06 13:42:06|   0.2|  0.0|INFORM|FME Configuration: FME_MF_DIR is 'C:\Users\lsanderson\Documents\SafeProjects\GettingStarted-CSV\CSVToShape/'
2017-11-06 13:42:06|   0.2|  0.0|INFORM|FME Configuration: FME_MF_NAME is 'CSVToShape.fmw'
2017-11-06 13:42:06|   0.2|  0.0|INFORM|FME Configuration: FME_PRODUCT_NAME is 'FME(R) 2017.1.1.1'
2017-11-06 13:42:06|   0.2|  0.0|INFORM|System Status: 108.20 GB of disk space available in the FME temporary folder (C:\Users\LSANDE~1\AppData\Local\Temp\2)
2017-11-06 13:42:06|   0.2|  0.0|INFORM|System Status: 4.00 GB of virtual memory available
2017-11-06 13:42:06|   0.2|  0.0|INFORM|Operating System: Microsoft Windows Server 10 Server 4.0 64-bit  (Build 14393)
2017-11-06 13:42:06|   0.2|  0.0|INFORM|FME Platform: WIN32
2017-11-06 13:42:06|   0.2|  0.0|INFORM|Locale: en_US
2017-11-06 13:42:06|   0.2|  0.0|INFORM|Code Page: 1252  (ANSI - Latin I)
2017-11-06 13:42:06|   0.2|  0.0|INFORM|FME Configuration: Process limits are 4.00 GB of physical memory and 4.00 GB of address space
2017-11-06 13:42:06|   0.2|  0.0|INFORM|FME Configuration: Start freeing memory when process usage exceeds 2.40 GB of memory or 3.41 GB of address space
2017-11-06 13:42:06|   0.2|  0.0|INFORM|FME Configuration: Stop freeing memory when process usage is below 1.80 GB of memory and 2.56 GB of address space
2017-11-06 13:42:07|   0.3|  0.1|INFORM|Creating writer for format: 
2017-11-06 13:42:08|   0.3|  0.1|INFORM|Creating reader for format: CSV (Comma Separated Value)
2017-11-06 13:42:08|   0.4|  0.0|INFORM|Trying to find a DYNAMIC plugin for reader named `CSV2'
2017-11-06 13:42:08|   0.4|  0.0|INFORM|FME Configuration: Source coordinate system for reader CSV2_1[CSV2] set to `TX83-CF'
2017-11-06 13:42:08|   0.4|  0.0|INFORM|Coordinate System `TX83-CF' parameters: CS_NAME=`TX83-CF' DESC_NM=`NAD83 Texas State Planes, Central Zone, US Foot' DT_NAME=`NAD83' GROUP=`SPCS83F' MAP_SCL=`1' MAX_LAT=`32.5' MAX_LNG=`-91.86666666666666' MIN_LAT=`29.533333333333335' MIN_LNG=`-108.3' ORG_LAT=`29.66666666666666' ORG_LNG=`-100.333333333333' PARM1=`31.88333333333333' PARM2=`30.11666666666667' PROJ=`LM' QUAD=`1' SCL_RED=`1' SOURCE=`Calculated from TX83-C by Mentor Software' UNIT=`FOOT' X_OFF=`2296583.333333333' Y_OFF=`9842500' 
2017-11-06 13:42:08|   0.4|  0.0|INFORM|Loaded module 'CSV2' from file 'C:\apps\FME(32bit)\plugins/CSV2.dll'
2017-11-06 13:42:08|   0.4|  0.0|INFORM|FME API version of module 'CSV2' matches current internal version (3.8 20170315)
2017-11-06 13:42:08|   0.4|  0.0|INFORM|CSV reader: Opening dataset 'C:\Users\lsanderson\Documents\SafeProjects\GettingStarted-CSV\CSVToShape\major_roads.csv'
2017-11-06 13:42:08|   0.4|  0.0|INFORM|CSV reader: Directive '_DELIMITER' has the value ','
2017-11-06 13:42:08|   0.4|  0.0|INFORM|CSV reader: Directive '_FIELD_NAMES_LINE' has the value '1'
2017-11-06 13:42:08|   0.4|  0.0|INFORM|CSV reader: Directive '_DATA_START_LINE' has the value '2'
2017-11-06 13:42:08|   0.4|  0.0|INFORM|CSV reader: Directive '_SCAN_MAX_ROWS' has the value '1000'
2017-11-06 13:42:08|   0.4|  0.0|INFORM|CSV reader: Directive '_READ_SKIPPED_LINES' has the value 'No'
2017-11-06 13:42:08|   0.4|  0.0|INFORM|CSV reader: Directive '_SKIP_DUPLICATE_DELIMITERS' has the value 'No'
2017-11-06 13:42:08|   0.4|  0.0|INFORM|CSV reader: Directive '_FIELD_QUALIFIER_CHARACTER' has the value '"'
2017-11-06 13:42:08|   0.4|  0.0|INFORM|CSV reader: Directive '_FIELD_QUALIFIER_ESCAPE_CHARACTER' has the value '"'
2017-11-06 13:42:08|   0.4|  0.0|INFORM|CSV reader: Directive '_TRIM_FIELD_NAME_QUALIFIERS' has the value 'Yes'
2017-11-06 13:42:08|   0.4|  0.0|INFORM|CSV reader: Directive '_TRIM_FIELD_VALUE_QUALIFIERS' has the value 'Yes'
2017-11-06 13:42:08|   0.4|  0.0|INFORM|CSV reader: Directive '_PRESERVE_SOURCE_ENCODING' has the value 'No'
2017-11-06 13:42:08|   0.4|  0.0|INFORM|CSV reader: Directive '_CASE_SENSITIVE_FIELD_NAMES' has the value 'Yes'
2017-11-06 13:42:08|   0.4|  0.0|INFORM|CSV reader: Directive '_ENFORCE_STRICT_SCHEMA' has the value 'No'
2017-11-06 13:42:08|   0.4|  0.0|INFORM|CSV reader: Directive '_SCAN_TYPES' has the value 'No'
2017-11-06 13:42:08|   0.4|  0.0|INFORM|CSV reader: Directive '_SCAN_ADDITIONAL_FIELDS' has the value 'No'
2017-11-06 13:42:08|   0.4|  0.0|INFORM|Using MultiWriter with keyword `MULTI_WRITER' to output data (ID_ATTRIBUTE is `multi_writer_id')
2017-11-06 13:42:08|   0.4|  0.0|INFORM|Writer output will be ordered by value of multi_writer_id
2017-11-06 13:42:08|   0.4|  0.0|INFORM|Loaded module 'LogCount_func' from file 'C:\apps\FME(32bit)\plugins/LogCount_func.dll'
2017-11-06 13:42:08|   0.4|  0.0|INFORM|FME API version of module 'LogCount_func' matches current internal version (3.8 20170315)
2017-11-06 13:42:08|   0.4|  0.0|INFORM|Loaded module 'BreakpointFactory' from file 'C:\apps\FME(32bit)\plugins/BreakpointFactory.dll'
2017-11-06 13:42:08|   0.4|  0.0|INFORM|FME API version of module 'BreakpointFactory' matches current internal version (3.8 20170315)
2017-11-06 13:42:08|   0.4|  0.0|INFORM|Feature Inspection module initialized. Workbench@53954 and FME@55198
2017-11-06 13:42:08|   0.5|  0.0|INFORM|Loaded module 'VertexCreatorFactory' from file 'C:\apps\FME(32bit)\plugins/VertexCreatorFactory.dll'
2017-11-06 13:42:08|   0.5|  0.0|INFORM|FME API version of module 'VertexCreatorFactory' matches current internal version (3.8 20170315)
2017-11-06 13:42:08|   0.5|  0.0|INFORM|FME API version of module 'BreakpointFactory' matches current internal version (3.8 20170315)
2017-11-06 13:42:08|   0.5|  0.0|INFORM|FME API version of module 'BreakpointFactory' matches current internal version (3.8 20170315)
2017-11-06 13:42:08|   0.5|  0.0|INFORM|Loaded module 'JoinFactory' from file 'C:\apps\FME(32bit)\plugins/JoinFactory.dll'
2017-11-06 13:42:08|   0.5|  0.0|INFORM|FME API version of module 'JoinFactory' matches current internal version (3.8 20170315)
2017-11-06 13:42:08|   0.5|  0.0|INFORM|FME API version of module 'BreakpointFactory' matches current internal version (3.8 20170315)
2017-11-06 13:42:08|   0.5|  0.0|INFORM|CSV_CSV2_1 Break Point -1 26(BreakpointFactory): Splitting feature table
2017-11-06 13:42:08|   0.5|  0.0|INFORM|Creating writer for format: FME Feature Store (FFS)
2017-11-06 13:42:08|   0.5|  0.0|INFORM|FME Configuration: No destination coordinate system set
2017-11-06 13:42:08|   0.7|  0.1|INFORM|Creating reader for format: Microsoft Access
2017-11-06 13:42:08|   0.7|  0.0|INFORM|Trying to find a DYNAMIC plugin for reader named `MDB_ADO'
2017-11-06 13:42:09|   0.7|  0.0|INFORM|Loaded module 'MDB_ADO' from file 'C:\apps\FME(32bit)\plugins/FME_ADO.dll'
2017-11-06 13:42:09|   0.7|  0.0|INFORM|FME API version of module 'MDB_ADO' matches current internal version (3.8 20170315)
2017-11-06 13:42:09|   0.9|  0.2|INFORM|Creating reader for format: Microsoft Access
2017-11-06 13:42:09|   0.9|  0.0|INFORM|Trying to find a DYNAMIC plugin for reader named `MDB_ADO'
2017-11-06 13:42:09|   0.9|  0.0|INFORM|FME API version of module 'MDB_ADO' matches current internal version (3.8 20170315)
2017-11-06 13:42:09|   0.9|  0.0|INFORM|Creating reader for format: Microsoft Access
2017-11-06 13:42:09|   0.9|  0.0|INFORM|Trying to find a DYNAMIC plugin for reader named `MDB_ADO'
2017-11-06 13:42:09|   0.9|  0.0|INFORM|FME API version of module 'MDB_ADO' matches current internal version (3.8 20170315)
2017-11-06 13:42:09|   0.9|  0.0|INFORM|Microsoft Access Reader: Read 0 DEF line(s).  Found 0 attribute(s)
2017-11-06 13:42:09|   0.9|  0.0|INFORM|Microsoft Access Reader: Opening `C:/Users/lsanderson/Documents/SafeProjects/GettingStarted-CSV/CSVToShape/road_attrs.mdb' for read operation
2017-11-06 13:42:09|   0.9|  0.0|INFORM|Microsoft Access Reader: Closing `C:/Users/lsanderson/Documents/SafeProjects/GettingStarted-CSV/CSVToShape/road_attrs.mdb' . Read operation complete
2017-11-06 13:42:09|   0.9|  0.0|INFORM|Opened table `DatabaseJoiner:major_roads' for input with server type `MDB_ADO', server name `C:\Users\lsanderson\Documents\SafeProjects\GettingStarted-CSV\CSVToShape/road_attrs.mdb', user name `', database name = `';
2017-11-06 13:42:09|   0.9|  0.0|INFORM|Microsoft Access Reader: Opening `C:\Users\lsanderson\Documents\SafeProjects\GettingStarted-CSV\CSVToShape\road_attrs.mdb' for read operation
2017-11-06 13:42:10|   0.9|  0.0|INFORM|Microsoft Access Reader: Database read complete.  Retrieved 1 feature(s)
2017-11-06 13:42:10|   1.1|  0.1|INFORM|Creating writer for format: Esri Shapefile
2017-11-06 13:42:10|   1.1|  0.0|INFORM|FME Configuration: No destination coordinate system set
2017-11-06 13:42:10|   1.1|  0.0|INFORM|Using Shape Writer to write shape files to folder `C:\Users\lsanderson\Documents\SafeProjects\GettingStarted-CSV'
2017-11-06 13:42:10|   1.1|  0.0|INFORM|Shape Writer: Allowing attribute names with mixed case
2017-11-06 13:42:10|   1.1|  0.0|INFORM|Shape Writer: Enabling Strict compatibility
2017-11-06 13:42:10|   1.1|  0.0|INFORM|Writer `ESRISHAPE_1' of type `ESRISHAPE' using group definition keyword `ESRISHAPE_1_DEF'
2017-11-06 13:42:10|   1.1|  0.0|INFORM|Shape Writer: Writing shape file using character encoding `SYSTEM'
2017-11-06 13:42:10|   1.1|  0.0|INFORM|Opened Shape File 'C:\Users\lsanderson\Documents\SafeProjects\GettingStarted-CSV\Roads.shp' for output
2017-11-06 13:42:10|   1.1|  0.0|INFORM|Opened DBF file 'C:\Users\lsanderson\Documents\SafeProjects\GettingStarted-CSV\Roads.dbf' for output
2017-11-06 13:42:10|   1.1|  0.0|INFORM|DBF Writer: Writing DBF file using character encoding `SYSTEM'
2017-11-06 13:42:10|   1.1|  0.0|INFORM|Shape Writer: detected 2d dimension
2017-11-06 13:42:10|   1.4|  0.3|INFORM|Microsoft Access Reader: Database read complete.  Retrieved 2 feature(s)
2017-11-06 13:42:10|   1.4|  0.0|INFORM|Microsoft Access Reader: Database read complete.  Retrieved 3 feature(s)
2017-11-06 13:42:10|   1.4|  0.0|INFORM|Logging limit reached for the preceding message. Further instances of this message will not be logged
2017-11-06 13:42:10|   1.6|  0.1|INFORM|Emptying factory pipeline
2017-11-06 13:42:10|   1.6|  0.0|STATS |Router and Unexpected Input Remover(RoutingFactory): Tested 450 input feature(s), wrote 450 output feature(s): 450 matched merge filters, 450 were routed to output, 0 could not be routed.
2017-11-06 13:42:10|   1.6|  0.0|STATS |Unexpected Input Remover Nuker(TeeFactory): Cloned 0 input feature(s) into 0 output feature(s)
2017-11-06 13:42:10|   1.6|  0.0|STATS |CSV (CSV2_1) Splitter(TeeFactory): Cloned 450 input feature(s) into 450 output feature(s)
2017-11-06 13:42:10|   1.6|  0.0|STATS |VertexCreator_<REJECTED> Feature Counter -1 2147680272(TeeFactory): Cloned 0 input feature(s) into 0 output feature(s)
2017-11-06 13:42:10|   1.6|  0.0|STATS |LineBuilder(ConnectionFactory): Processed 450 input feature(s). Output 48 feature(s) consisting of 0 polygonal feature(s), 48 linear feature(s), and 0 point feature(s)
2017-11-06 13:42:10|   1.6|  0.0|STATS |LineBuilder_POINT Feature Counter -1 2147614729(TeeFactory): Cloned 0 input feature(s) into 0 output feature(s)
2017-11-06 13:42:10|   1.6|  0.0|STATS |LineBuilder_POLYGON Feature Counter -1 2147745801(TeeFactory): Cloned 0 input feature(s) into 0 output feature(s)
2017-11-06 13:42:10|   1.6|  0.0|STATS |LineBuilder_<REJECTED> Feature Counter -1 2147811337(TeeFactory): Cloned 0 input feature(s) into 0 output feature(s)
2017-11-06 13:42:10|   1.6|  0.0|STATS |DatabaseJoiner_UNJOINED Feature Counter -1 2147680267(TeeFactory): Cloned 0 input feature(s) into 0 output feature(s)
2017-11-06 13:42:10|   1.6|  0.0|STATS |DatabaseJoiner_<REJECTED> Feature Counter -1 2147745803(TeeFactory): Cloned 0 input feature(s) into 0 output feature(s)
2017-11-06 13:42:10|   1.6|  0.0|STATS |Destination Feature Type Routing Correlator(RoutingFactory): Tested 48 input feature(s), wrote 48 output feature(s): 0 matched merge filters, 48 were routed to output, 0 could not be routed.
2017-11-06 13:42:10|   1.6|  0.0|STATS |Final Output Nuker(TeeFactory): Cloned 0 input feature(s) into 0 output feature(s)
2017-11-06 13:42:10|   1.6|  0.0|STATS |Stored 996 feature(s) to FME feature store file `C:\Users\LSANDE~1\AppData\Local\Temp\2\no-conn-ffs-1510004525934_10752.ffs'
2017-11-06 13:42:10|   1.6|  0.0|INFORM|Saving spatial index into file 'C:\Users\LSANDE~1\AppData\Local\Temp\2\no-conn-ffs-1510004525934_10752.fsi'
2017-11-06 13:42:10|   1.6|  0.0|INFORM|Finished saving spatial index into file 'C:\Users\LSANDE~1\AppData\Local\Temp\2\no-conn-ffs-1510004525934_10752.fsi'
2017-11-06 13:42:10|   1.6|  0.0|INFORM|=-=-=-=-=-=-=-=-=-=-=-=-=-=-=-=-=-=-=-=-=-=-=-=-=-=-=-=-=-=-=-=-=-=-=-=-=-=-=-
2017-11-06 13:42:10|   1.6|  0.0|INFORM|Feature output statistics for `FFS' writer using keyword `W_1':
2017-11-06 13:42:10|   1.6|  0.0|STATS |=-=-=-=-=-=-=-=-=-=-=-=-=-=-=-=-=-=-=-=-=-=-=-=-=-=-=-=-=-=-=-=-=-=-=-=-=-=-=-
2017-11-06 13:42:10|   1.6|  0.0|STATS |                               Features Written
2017-11-06 13:42:10|   1.6|  0.0|STATS |=-=-=-=-=-=-=-=-=-=-=-=-=-=-=-=-=-=-=-=-=-=-=-=-=-=-=-=-=-=-=-=-=-=-=-=-=-=-=-
2017-11-06 13:42:10|   1.6|  0.0|STATS |CSV_CSV2_1                                                                 450
2017-11-06 13:42:10|   1.6|  0.0|STATS |DatabaseJoiner_JOINED                                                       48
2017-11-06 13:42:10|   1.6|  0.0|STATS |LineBuilder_LINE                                                            48
2017-11-06 13:42:10|   1.6|  0.0|STATS |VertexCreator_OUTPUT                                                       450
2017-11-06 13:42:10|   1.6|  0.0|STATS |==============================================================================
2017-11-06 13:42:10|   1.6|  0.0|STATS |Total Features Written                                                     996
2017-11-06 13:42:10|   1.6|  0.0|STATS |=-=-=-=-=-=-=-=-=-=-=-=-=-=-=-=-=-=-=-=-=-=-=-=-=-=-=-=-=-=-=-=-=-=-=-=-=-=-=-
2017-11-06 13:42:10|   1.6|  0.0|INFORM|Microsoft Access Reader: Closing `C:\Users\lsanderson\Documents\SafeProjects\GettingStarted-CSV\CSVToShape\road_attrs.mdb' . Read operation complete
2017-11-06 13:42:10|   1.6|  0.0|STATS |Read 48 records from table DatabaseJoiner:major_roads
2017-11-06 13:42:10|   1.6|  0.0|STATS |@Relate: Database query statistics for table `DatabaseJoiner:major_roads': 48 queries made of which 0 were sequential duplicates and 0 hit the record cache of 48 records (0% overall cache hit)
2017-11-06 13:42:10|   1.6|  0.0|INFORM|=-=-=-=-=-=-=-=-=-=-=-=-=-=-=-=-=-=-=-=-=-=-=-=-=-=-=-=-=-=-=-=-=-=-=-=-=-=-=-
2017-11-06 13:42:10|   1.6|  0.0|INFORM|Feature output statistics for `ESRISHAPE' writer using keyword `ESRISHAPE_1':
2017-11-06 13:42:10|   1.6|  0.0|STATS |=-=-=-=-=-=-=-=-=-=-=-=-=-=-=-=-=-=-=-=-=-=-=-=-=-=-=-=-=-=-=-=-=-=-=-=-=-=-=-
2017-11-06 13:42:10|   1.6|  0.0|STATS |                               Features Written
2017-11-06 13:42:10|   1.6|  0.0|STATS |=-=-=-=-=-=-=-=-=-=-=-=-=-=-=-=-=-=-=-=-=-=-=-=-=-=-=-=-=-=-=-=-=-=-=-=-=-=-=-
2017-11-06 13:42:10|   1.6|  0.0|STATS |Roads (Roads)                                                               48
2017-11-06 13:42:10|   1.6|  0.0|STATS |==============================================================================
2017-11-06 13:42:10|   1.6|  0.0|STATS |Total Features Written                                                      48
2017-11-06 13:42:10|   1.6|  0.0|STATS |=-=-=-=-=-=-=-=-=-=-=-=-=-=-=-=-=-=-=-=-=-=-=-=-=-=-=-=-=-=-=-=-=-=-=-=-=-=-=-
2017-11-06 13:42:10|   1.6|  0.0|STATS |=-=-=-=-=-=-=-=-=-=-=-=-=-=-=-=-=-=-=-=-=-=-=-=-=-=-=-=-=-=-=-=-=-=-=-=-=-=-=-
2017-11-06 13:42:10|   1.6|  0.0|STATS |                            Features Read Summary
2017-11-06 13:42:10|   1.6|  0.0|STATS |=-=-=-=-=-=-=-=-=-=-=-=-=-=-=-=-=-=-=-=-=-=-=-=-=-=-=-=-=-=-=-=-=-=-=-=-=-=-=-
2017-11-06 13:42:10|   1.6|  0.0|STATS |CSV                                                                        450
2017-11-06 13:42:10|   1.6|  0.0|STATS |==============================================================================
2017-11-06 13:42:10|   1.6|  0.0|STATS |Total Features Read                                                        450
2017-11-06 13:42:10|   1.6|  0.0|STATS |=-=-=-=-=-=-=-=-=-=-=-=-=-=-=-=-=-=-=-=-=-=-=-=-=-=-=-=-=-=-=-=-=-=-=-=-=-=-=-
2017-11-06 13:42:10|   1.6|  0.0|STATS |=-=-=-=-=-=-=-=-=-=-=-=-=-=-=-=-=-=-=-=-=-=-=-=-=-=-=-=-=-=-=-=-=-=-=-=-=-=-=-
2017-11-06 13:42:10|   1.6|  0.0|STATS |                           Features Written Summary
2017-11-06 13:42:10|   1.6|  0.0|STATS |=-=-=-=-=-=-=-=-=-=-=-=-=-=-=-=-=-=-=-=-=-=-=-=-=-=-=-=-=-=-=-=-=-=-=-=-=-=-=-
2017-11-06 13:42:10|   1.6|  0.0|STATS |Roads                                                                       48
2017-11-06 13:42:10|   1.6|  0.0|STATS |==============================================================================
2017-11-06 13:42:10|   1.6|  0.0|STATS |Total Features Written                                                      48
2017-11-06 13:42:10|   1.6|  0.0|STATS |=-=-=-=-=-=-=-=-=-=-=-=-=-=-=-=-=-=-=-=-=-=-=-=-=-=-=-=-=-=-=-=-=-=-=-=-=-=-=-
2017-11-06 13:42:10|   1.6|  0.0|WARN  |-~-~-~-~-~-~-~-~-~-~-~-~-~-~-~-~-~-~-~-~-~-~-~-~-~-~-~-~-~-~-~-~-~-~-~-~-~-~-~-~-
2017-11-06 13:42:10|   1.6|  0.0|WARN  |-~                                                                             ~-
2017-11-06 13:42:10|   1.6|  0.0|WARN  |-~       Features have been recorded at every stage of the translation.        ~-
2017-11-06 13:42:10|   1.6|  0.0|WARN  |-~                      To inspect the recorded features,                      ~-
2017-11-06 13:42:10|   1.6|  0.0|WARN  |-~      double-click the feature count numbers on connections and ports.       ~-
2017-11-06 13:42:10|   1.6|  0.0|WARN  |-~                                                                             ~-
2017-11-06 13:42:10|   1.6|  0.0|WARN  |-~-~-~-~-~-~-~-~-~-~-~-~-~-~-~-~-~-~-~-~-~-~-~-~-~-~-~-~-~-~-~-~-~-~-~-~-~-~-~-~-
2017-11-06 13:42:10|   1.6|  0.0|INFORM|Translation was SUCCESSFUL with 7 warning(s) (48 feature(s) output)
2017-11-06 13:42:10|   1.6|  0.0|INFORM|FME Session Duration: 4.5 seconds. (CPU: 1.2s user, 0.3s system)
2017-11-06 13:42:10|   1.6|  0.0|INFORM|END - ProcessID: 10632, peak process memory usage: 129912 kB, current process memory usage: 117344 kB
