2017-09-20 12:00:15|   0.1|  0.1|INFORM|FME 2017.1.0.0 (20170731 - Build 17539 - WIN64)
2017-09-20 12:00:15|   0.1|  0.0|INFORM|FME_HOME is 'C:\Program Files\FME\'
2017-09-20 12:00:15|   0.1|  0.0|INFORM|FME Smallworld Edition (node locked-crc)
2017-09-20 12:00:15|   0.1|  0.0|INFORM|Serial Number: 12345
2017-09-20 12:00:15|   0.1|  0.0|INFORM|Permanent License.
2017-09-20 12:00:15|   0.1|  0.0|INFORM|Machine host name is: kc-ls-windows1
2017-09-20 12:00:15|   0.1|  0.0|INFORM|START - ProcessID: 9648, peak process memory usage: 30464 kB, current process memory usage: 30356 kB
2017-09-20 12:00:15|   0.1|  0.0|INFORM|FME Configuration: Command line arguments are `C:\Program Files\FME\fme.exe' `C:/Users/lsanderson/Documents/SafeProjects/DirectoryWatch/DirectoryWatchPublisher2017\wb-xlate-1505934012502_2356' `LOG_STANDARDOUT' `YES' `LogCountServerName' `{dba481b9-27f8-4277-bae2-238179b462cb}' `DEBUG_PORT' `52158'
2017-09-20 12:00:16|   0.1|  0.1|INFORM|Shared folders for formats are : C:\Program Files\FME\datasources;C:\Users\lsanderson\Documents\FME\Plugins\R\Formats;C:\Users\lsanderson\AppData\Roaming\Safe Software\FME\FME Store\Formats;C:\Users\lsanderson\Documents\FME\Formats
2017-09-20 12:00:16|   0.1|  0.0|INFORM|Shared folders for transformers are : C:\Program Files\FME\transformers;C:\Users\lsanderson\Documents\FME\Plugins\R\Transformers;C:\Users\lsanderson\Documents\FME\Transformers;C:\Users\lsanderson\AppData\Roaming\Safe Software\FME\FME Store\Transformers
2017-09-20 12:00:16|   0.1|  0.0|INFORM|Shared folders for coordinate systems are : C:\Users\lsanderson\Documents\FME\Plugins\R\CoordinateSystems;C:\Users\lsanderson\Documents\FME\CoordinateSystems
2017-09-20 12:00:16|   0.1|  0.0|INFORM|Shared folders for coordinate system exceptions are : C:\Users\lsanderson\Documents\FME\Plugins\R\CoordinateSystemExceptions;C:\Users\lsanderson\Documents\FME\CoordinateSystemExceptions
2017-09-20 12:00:16|   0.1|  0.0|INFORM|Shared folders for coordinate system grid overrides are : C:\Users\lsanderson\Documents\FME\Plugins\R\CoordinateSystemGridOverrides;C:\Users\lsanderson\Documents\FME\CoordinateSystemGridOverrides
2017-09-20 12:00:16|   0.1|  0.0|INFORM|Shared folders for CS-MAP transformation exceptions are : C:\Users\lsanderson\Documents\FME\Plugins\R\CsmapTransformationExceptions;C:\Users\lsanderson\Documents\FME\CsmapTransformationExceptions
2017-09-20 12:00:16|   0.1|  0.0|INFORM|Shared folders for transformer categories are : C:\Users\lsanderson\Documents\FME\Plugins\R\TransformerCategories;C:\Users\lsanderson\Documents\FME\TransformerCategories
2017-09-20 12:00:16|   0.1|  0.0|INFORM|FME Configuration: Reader Keyword is `TEXTLINE_1'
2017-09-20 12:00:16|   0.1|  0.0|INFORM|FME Configuration: Writer Keyword is `MULTI_WRITER'
2017-09-20 12:00:16|   0.2|  0.0|INFORM|FME Configuration: Writer Group Definition Keyword is `MULTI_WRITER_DEF'
2017-09-20 12:00:16|   0.2|  0.0|INFORM|FME Configuration: Reader type is `TEXTLINE'
2017-09-20 12:00:16|   0.2|  0.0|INFORM|FME Configuration: Writer type is `MULTI_WRITER'
2017-09-20 12:00:16|   0.2|  0.0|INFORM|FME Configuration: No destination coordinate system set
2017-09-20 12:00:16|   0.2|  0.0|INFORM|FME Configuration: Current working folder is `C:\Users\lsanderson\Documents\SafeProjects\DirectoryWatch\DirectoryWatchPublisher2017'
2017-09-20 12:00:16|   0.2|  0.0|INFORM|FME Configuration: Temporary folder is `C:\Users\LSANDE~1\AppData\Local\Temp\2', set from environment variable `TEMP'
2017-09-20 12:00:16|   0.2|  0.0|INFORM|FME Configuration: FME_HOME is `C:\Program Files\FME\'
2017-09-20 12:00:16|   0.2|  0.0|INFORM|FME Configuration: FME_BASE is 'no'
2017-09-20 12:00:16|   0.2|  0.0|INFORM|FME Configuration: FME_MF_DIR is 'C:\Users\lsanderson\Documents\SafeProjects\DirectoryWatch\DirectoryWatchPublisher2017/'
2017-09-20 12:00:16|   0.2|  0.0|INFORM|FME Configuration: FME_MF_NAME is 'convert.fmw'
2017-09-20 12:00:16|   0.2|  0.0|INFORM|FME Configuration: FME_PRODUCT_NAME is 'FME(R) 2017.1.0.0'
2017-09-20 12:00:16|   0.2|  0.0|INFORM|System Status: 117.51 GB of disk space available in the FME temporary folder (C:\Users\LSANDE~1\AppData\Local\Temp\2)
2017-09-20 12:00:16|   0.2|  0.0|INFORM|System Status: 128.00 TB of virtual memory available
2017-09-20 12:00:16|   0.2|  0.0|INFORM|Operating System: Microsoft Windows Server 10 Server 4.0 64-bit  (Build 14393)
2017-09-20 12:00:16|   0.2|  0.0|INFORM|FME Platform: WIN64
2017-09-20 12:00:16|   0.2|  0.0|INFORM|Locale: en_US
2017-09-20 12:00:16|   0.2|  0.0|INFORM|Code Page: 1252  (ANSI - Latin I)
2017-09-20 12:00:16|   0.2|  0.0|INFORM|FME Configuration: Process limit is 4.00 GB of physical memory
2017-09-20 12:00:16|   0.2|  0.0|INFORM|FME Configuration: Start freeing memory when process usage exceeds 12.00 GB of virtual memory
2017-09-20 12:00:16|   0.2|  0.0|INFORM|FME Configuration: Stop freeing memory when process usage is below 9.00 GB of virtual memory
2017-09-20 12:00:17|   0.2|  0.0|INFORM|Creating writer for format: 
2017-09-20 12:00:17|   0.3|  0.0|INFORM|Creating reader for format: Text File
2017-09-20 12:00:17|   0.3|  0.0|INFORM|Trying to find a DYNAMIC plugin for reader named `TEXTLINE'
2017-09-20 12:00:17|   0.3|  0.0|INFORM|Loaded module 'TEXTLINE' from file 'C:\Program Files\FME\plugins/TEXTLINE.dll'
2017-09-20 12:00:17|   0.3|  0.0|INFORM|FME API version of module 'TEXTLINE' matches current internal version (3.8 20170315)
2017-09-20 12:00:17|   0.3|  0.0|INFORM|Text File Reader: Opening the file '\tmp\somefile.txt'
2017-09-20 12:00:17|   0.3|  0.0|ERROR |Text File Reader: Source dataset '\tmp\somefile.txt' does not exist
2017-09-20 12:00:17|   0.3|  0.0|ERROR |A fatal error has occurred. Check the logfile above for details
2017-09-20 12:00:17|   0.3|  0.0|INFORM|FME Session Duration: 1.8 seconds. (CPU: 0.1s user, 0.1s system)
2017-09-20 12:00:17|   0.3|  0.0|INFORM|END - ProcessID: 9648, peak process memory usage: 35640 kB, current process memory usage: 35640 kB
